        -:    0:Source:cardtest1.c
        -:    0:Graph:cardtest1.gcno
        -:    0:Data:cardtest1.gcda
        -:    0:Runs:1
        -:    0:Programs:1
        -:    1:#include <stdio.h>
        -:    2:#include <assert.h>
        -:    3:#include <string.h>
        -:    4:#include "dominion.h"
        -:    5:#include "dominion_helpers.h"
        -:    6:#include "rngs.h"
        -:    7:
function main called 1 returned 100% blocks executed 71%
        -:    8:int main(){
        -:    9:
        -:   10:   struct gameState state, saveState;
        1:   11:   int numPlayers = 2, i;
        1:   12:   int handPos = 0, choice1 = 0, choice2 = 0, choice3 = 0;
        1:   13:   int *bonus = NULL;
        1:   14:   int newCards = 0, discard = 0;
        1:   15:   int kingdom[10] = {adventurer, baron, gardens, feast, ambassador, remodel, 
        -:   16:                     great_hall, minion, sea_hag, treasure_map};
        1:   17:   int seed = 1001;
        -:   18:
        1:   19:   initializeGame(numPlayers, kingdom, seed, &state);
        1:   20:   int currentPlayer = state.whoseTurn;
        -:   21:   // Save the state as-is
        1:   22:   memcpy(&saveState, &state, sizeof(struct gameState));
        -:   23:   /* business requirements
        -:   24:      
        -:   25:      description: testing smithy card, 
        -:   26:
        -:   27:      1. Current player should receive exactly 3 cards.
        -:   28:      2. 3 cards should come from own pile.
        -:   29:      3. No state change should occur for other players.
        -:   30:      4. No state change should occur to the victory and kingdom card piles.
        -:   31:
        -:   32:      end requirements*/
        1:   33:   printf("<----------BEGIN cardtest1-smithy card---------->\n\n");
        1:   34:   printf("Initial deck count: %i\n",state.deckCount[currentPlayer]);
        1:   35:   printf("Initial hand count: %i\n", state.handCount[currentPlayer]);
        -:   36:
        -:   37:// ----------------- TEST 1 ---------------------------------------------------
        1:   38:   printf("\n");
        1:   39:   printf(" TEST 1: Current player should receive 3 cards.\n");
        1:   40:   cardEffect(smithy, choice1, choice2, choice3, &state, handPos, bonus);  
        1:   41:   newCards = 3;
        1:   42:   discard = 1;
        1:   43:   printf("    hand count = %i, expected %i\n", state.handCount[currentPlayer], saveState.handCount[currentPlayer] + newCards - discard);  
        -:   44:   // Assertion will fail, turning off and will report in bug1.c
        1:   45:   if(!(state.handCount[currentPlayer] == saveState.handCount[currentPlayer] + newCards - discard))
branch  0 taken 0%
branch  1 taken 100%
    #####:   46:		printf("    ASSERTION FAILS\n");
        -:   47:
        -:   48:// ----------------- TEST 2 ---------------------------------------------------
        1:   49:   printf("\n");
        1:   50:   printf(" TEST 2: 3 Cards should come from own pile.\n");
        1:   51:   printf("    deck count = %i, expected %i\n", state.deckCount[currentPlayer], saveState.deckCount[currentPlayer] - newCards);
        -:   52:   // assertion will fail, turning it off and will report in bug1.c
        1:   53:   if(!(state.deckCount[currentPlayer] == saveState.deckCount[currentPlayer] - newCards))
branch  0 taken 100%
branch  1 taken 0%
        1:   54:		printf("    ASSERTION FAILS.\n");
        -:   55:
        -:   56:// ----------------- TEST 3 ---------------------------------------------------
        1:   57:   printf("\n");
        1:   58:   printf(" TEST 3: No state change should occur for other players.\n");
        1:   59:   printf("    deck count = %i, expected = %i\n", state.deckCount[!currentPlayer], saveState.deckCount[!currentPlayer]);
        1:   60:   printf("    discard pile count = %i, expected %i\n", state.discardCount[!currentPlayer], saveState.discardCount[!currentPlayer]);
        2:   61:   assert(saveState.deckCount[!currentPlayer] == state.deckCount[!currentPlayer]);
branch  0 taken 0%
branch  1 taken 100%
        -:   62:
        -:   63:// ----------------- TEST 4 ---------------------------------------------------
        1:   64:   printf("\n");
        1:   65:   printf(" TEST 4: No state change should occur to victory and kingdom cards piles.\n");
        1:   66:   printf("    estate count = %i, expected = %i\n", state.supplyCount[estate], saveState.supplyCount[estate]);
        1:   67:   printf("    duchy count = %i, expected = %i\n", state.supplyCount[duchy], saveState.supplyCount[duchy]);
        1:   68:   printf("    province count = %i, expected = %i\n", state.supplyCount[province], saveState.supplyCount[province]);
        -:   69:   
       42:   70:   for( i = adventurer; i <= treasure_map; ++i){
branch  0 taken 95%
branch  1 taken 5%
       20:   71:      printf("    kingdomCard '%i' count = %i, expected = %i\n", i, state.supplyCount[i], saveState.supplyCount[i]);
       20:   72:   }
        -:   73:
        1:   74:   if(!(saveState.supplyCount[estate] == state.supplyCount[estate]))
branch  0 taken 100%
branch  1 taken 0%
        1:   75:			printf("		assertion fails.\n");
        2:   76:   assert(saveState.supplyCount[duchy] == state.supplyCount[duchy]);
branch  0 taken 0%
branch  1 taken 100%
        2:   77:   assert(saveState.supplyCount[province] == state.supplyCount[province]);
branch  0 taken 0%
branch  1 taken 100%
       42:   78:   for( i = adventurer; i <= treasure_map; ++i){
branch  0 taken 95%
branch  1 taken 5%
       40:   79:      assert(saveState.supplyCount[i] == state.supplyCount[i]);
branch  0 taken 0%
branch  1 taken 100%
       20:   80:   }
        1:   81:   printf("\n");
        1:   82:   printf("<----------END cardtest1-smithy card---------->\n\n");
        -:   83:
        1:   84:   return 0;
        -:   85:}
        -:   86:
