        -:    0:Source:unittest2.c
        -:    0:Graph:unittest2.gcno
        -:    0:Data:unittest2.gcda
        -:    0:Runs:3
        -:    0:Programs:1
        -:    1:/******************************************************************************
        -:    2:* ASSIGNMENT 5 - unittest2.c
        -:    3:* AUTHOR: Nickolas A. Williams
        -:    4:* CLASS: CS362
        -:    5:* DATE: 05/22/2016
        -:    6:* NOTES: unit testing of the fullDeckCount() function
        -:    7:* REQUIREMENTS for fulLDeckCount():
        -:    8:*  1. Count number of cards in deck
        -:    9:*  2. Count number of cards in hand
        -:   10:*  3. Count number of cards in discard
        -:   11:*  4. Return total number of cards in game for this player
        -:   12:* TESTING tasks for fullDeckCount():
        -:   13:*  1. Test that each card can be counted
        -:   14:*  2. Test that each card can be counted from each pile
        -:   15:*  3. Test that counts are correct
        -:   16:*  4. Test that counts for each player are correct
        -:   17:******************************************************************************/
        -:   18:
        -:   19:#include "dominion.h"
        -:   20:#include "dominion_helpers.h"
        -:   21:#include <string.h>
        -:   22:#include <stdio.h>
        -:   23:#include <assert.h>
        -:   24:#include "rngs.h"
        -:   25:
        -:   26:// set NOISY_TEST to 0 to remove printfs from output
        -:   27:#define NOISY_TEST 0
        -:   28:
        3:   29:int main() 
        -:   30:{
        3:   31:    int seed = 1000;
        3:   32:    int numPlayer = 2;
        -:   33:    int player, r, deckCount, handCount, discardCount, totalCount, result, failflag;
        3:   34:	int maxCardCount = 10;
        3:   35:    int k[10] = {adventurer, council_room, feast, gardens, mine
        -:   36:               , remodel, smithy, village, baron, great_hall};
        -:   37:    struct gameState G;
        -:   38:
        3:   39:    printf ("TESTING fullDeckCount():\n");
        9:   40:    for (player = 0; player < numPlayer; player++)
        -:   41:    {
        -:   42:		int cardType, cardPosition;
      168:   43:		for (cardType = 0; cardType <= 26; cardType++)
        -:   44:		{
     1944:   45:			for (deckCount = 0; deckCount <= maxCardCount; deckCount++)
        -:   46:			{
    21384:   47:				for (handCount = 0; handCount <= maxCardCount; handCount++)
        -:   48:				{
   235224:   49:					for (discardCount = 0; discardCount <= maxCardCount; discardCount++)
        -:   50:					{
   215622:   51:						totalCount = deckCount + handCount + discardCount;
        -:   52:						
        -:   53:						//create test decks for this *Count (deck,hand,discard)
   215622:   54:						int testDeck[deckCount];
  1293732:   55:						for (cardPosition = 0; cardPosition < deckCount; cardPosition++)
        -:   56:						{
  1078110:   57:							testDeck[cardPosition] = cardType;
        -:   58:						}
        -:   59:						
   215622:   60:						int testHand[handCount];
  1293732:   61:						for (cardPosition = 0; cardPosition < deckCount; cardPosition++)
        -:   62:						{
  1078110:   63:							testHand[cardPosition] = cardType;
        -:   64:						}
        -:   65:						
   215622:   66:						int testDiscard[discardCount];
  1293732:   67:						for (cardPosition = 0; cardPosition < deckCount; cardPosition++)
        -:   68:						{
  1078110:   69:							testDiscard[cardPosition] = cardType;
        -:   70:						}
        -:   71:
   215622:   72:						memset(&G, 23, sizeof(struct gameState));   // clear the game state
   215622:   73:						r = initializeGame(numPlayer, k, seed, &G); // initialize a new game
   215622:   74:						G.deckCount[player] = deckCount;            // set the number of cards on deck
   215622:   75:						G.handCount[player] = handCount;            // set the number of cards on hand
   215622:   76:						G.discardCount[player] = discardCount;      // set the number of cards on discard
        -:   77:											
   215622:   78:						memcpy(G.deck[player], testDeck, sizeof(int) * deckCount); // set to testDeck
   215622:   79:						memcpy(G.hand[player], testHand, sizeof(int) * handCount); // set to testHand
   215622:   80:						memcpy(G.discard[player], testDiscard, sizeof(int) * discardCount); // set to testDiscard
        -:   81:						
   215622:   82:						result = fullDeckCount(player, cardType, &G);
   215622:   83:						if (result != totalCount)
        -:   84:						{
    73341:   85:							failflag = 1;
        -:   86:						}
        -:   87:#if (NOISY_TEST == 1)
        -:   88:						printf("fullDeckCount = %d, expected %d\n", result, totalCount);
        -:   89:#endif
        -:   90:					}
        -:   91:				}
        -:   92:			}
        -:   93:		}
        -:   94:	}
        3:   95:	if (failflag != 1)
        -:   96:	{
    #####:   97:		printf("All tests passed!\n");
        -:   98:	}
        -:   99:	else
        -:  100:	{
        3:  101:		printf("There were errors.\n");
        -:  102:	}
        3:  103:	return 0;
        -:  104:}
