        -:    0:Source:cardtest3.c
        -:    0:Graph:cardtest3.gcno
        -:    0:Data:cardtest3.gcda
        -:    0:Runs:1
        -:    0:Programs:1
        -:    1:/* -----------------------------------------------------------------------
        -:    2: * Ben Fisher
        -:    3: * fisheben@oregonstate.edu
        -:    4: * file: cardtest2.c
        -:    5: * Description: Skeleton taken from CS362 week4 module.
        -:    6: * Demonstration of how to write unit tests for dominion-base
        -:    7: * File tests the Dominion card village card effect, cardEffect function is
        -:    8: * implementated in the dominion.c file                                                     }
        -:    9: *
        -:   10: * Include the following lines in your makefile:
        -:   11: *
        -:   12: * cardtest2: cardtest2.c dominion.o rngs.o
        -:   13: *      gcc -o cardtest2 -g  cardtest2.c dominion.o rngs.o $(CFLAGS)
        -:   14: * -----------------------------------------------------------------------
        -:   15: */
        -:   16: 
        -:   17: /*
        -:   18: * Village CARD 
        -:   19: * No documentation in the implementation or the interface
        -:   20: * Description: Village Card is an action card that when played will give the player one extra
        -:   21: * card and 2 extra actions.  At the end of the turn the village card is discarded.
        -:   22: * Testing Requirements: 
        -:   23: * After the card has been played the village card is removed from the players hand at handPos
        -:   24: * After the card is played the player will get 1 new card in their hand
        -:   25: * After the card is player the player will get 2 more actions
        -:   26: * No other changes to the game state should occur.
        -:   27: * The players hand count should not change
        -:   28: * The players deck count should decrease by 1
        -:   29: * The players played cards count should increase by 1
        -:   30: * Player should be a number between 2 and MAX_PLAYERS
        -:   31: * If player has no cards in deck then no changes should be made to deck
        -:   32: case village:
        -:   33:      //+1 Card
        -:   34:      drawCard(currentPlayer, state);
        -:   35:			
        -:   36:      //+2 Actions
        -:   37:      state->numActions = state->numActions + 2;
        -:   38:			
        -:   39:      //discard played card from hand
        -:   40:      discardCard(handPos, currentPlayer, state, 0);
        -:   41:      return 0;
        -:   42: */
        -:   43:
        -:   44:#include "dominion.h"
        -:   45:#include "dominion_helpers.h"
        -:   46:#include <string.h>
        -:   47:#include <stdio.h>
        -:   48:#include <assert.h>
        -:   49:#include "rngs.h"
        -:   50:#include <stdlib.h>
        -:   51:
        -:   52:
        -:   53:#define TESTCARD "village"
        -:   54:#define TEST1 1
        -:   55:#define TEST2 2
        -:   56:#define TEST3 3
        -:   57:#define TEST4 4
        -:   58:#define TEST5 5
        -:   59:#define TEST6 6
        -:   60:#define TEST7 7
        -:   61:#define TEST8 8
        -:   62:
        -:   63://Function will initialize the gameState struct
        -:   64:int initializeMyGame(struct gameState *G, int actionCards[], int seed, int numPlayer);
        -:   65://Function will print the state of the test variable if error is found
        -:   66:void printState(struct gameState *pre, struct gameState *post, int hand[], int testHandCount, int z, 
        -:   67:        int treasure, int player, int test);
        -:   68:		
        -:   69:int noPlayerStateChanges(struct gameState *preCall, struct gameState *postCall, int p);
        -:   70:int noVictoryCardChanges(struct gameState *preCall, struct gameState *postCall, int p);
        -:   71:int noDominionCardChanges(struct gameState *preCall, struct gameState *postCall, int p, int deckSize);
        -:   72:
function main called 1 returned 100% blocks executed 59%
        1:   73:int main() {
        -:   74:	int i;//counter
        1:   75:    int seed = 1000; //used in rngs
        1:   76:    int numPlayer = 2;
        1:   77:	int choice1 = 0, choice2 = 0, choice3 = 0, bonus = 0, cardPosition = 0;
        -:   78:    int p;//used to store player 
        -:   79:	
        1:   80:	int errorFlag1 = 0, errorFlag2 = 0, errorFlag3 = 0, errorFlag4 = 0, errorFlag5 = 0;
        1:   81:	int errorFlagP = 0, errorFlagV = 0, errorFlagD = 0;
        -:   82:	        
        -:   83:    struct gameState preCall;
        -:   84:    struct gameState postCall;
        -:   85:	
        1:   86:	const int CARDS_TOTAL = 10;
        -:   87:	
        -:   88:	//kingdom cards with no village
        1:   89:    int noVillageCards[10] = {adventurer, embargo, embargo, minion, mine, cutpurse,
        -:   90:		sea_hag, tribute, smithy, council_room};			
        -:   91:
        1:   92:	printf("----------------- Testing Card: %s ----------------\n", TESTCARD);
call    0 returned 100%
        -:   93:	
        -:   94:	//test both players
        2:   95:    for (p = 1; p < numPlayer; p++){
branch  0 taken 50%
branch  1 taken 50% (fallthrough)
        -:   96:				
        -:   97:		//test different hands
       10:   98:		for (i = 1; i < CARDS_TOTAL; i++){
branch  0 taken 90%
branch  1 taken 10% (fallthrough)
        -:   99:		
        -:  100:			//test different village card positions in the hand
       54:  101:			for(cardPosition = 0; cardPosition < i; ++cardPosition){
branch  0 taken 83%
branch  1 taken 17% (fallthrough)
        -:  102:				
       45:  103:				initializeMyGame(&preCall, noVillageCards, seed++, numPlayer);           
call    0 returned 100%
        -:  104:				
        -:  105:				//****************running tests************************************									
        -:  106:                //set actions, coins and buys
       45:  107:                preCall.numActions = 0;
       45:  108:                preCall.numBuys = 0;
       45:  109:                preCall.coins = 0;
        -:  110:                //set played cards to zero	
       45:  111:                preCall.playedCardCount = 0;
        -:  112:                //set the correct turn
       45:  113:                preCall.whoseTurn = p;
        -:  114:				//set hand sizeof
       45:  115:				preCall.handCount[p] = i;
       45:  116:			    preCall.deckCount[p] = CARDS_TOTAL;               
       45:  117:                preCall.discardCount[p] = 0; 
       45:  118:                memcpy(preCall.hand[p], noVillageCards, sizeof(int) * CARDS_TOTAL);
        -:  119:            	//add village card into correct position
       45:  120:                preCall.hand[p][cardPosition] = village;
        -:  121:                //save state
       45:  122:				memcpy(&postCall, &preCall, sizeof(struct gameState));
        -:  123:			
       45:  124:                cardEffect(village, choice1, choice2, choice3, &postCall, cardPosition, &bonus);
call    0 returned 100%
        -:  125:				
       45:  126:				if((p == 0) && !errorFlagP){
branch  0 taken 0% (fallthrough)
branch  1 taken 100%
branch  2 never executed
branch  3 never executed
    #####:  127:					if(noPlayerStateChanges(&preCall, &postCall, 1) < 0){
call    0 never executed
branch  1 never executed
branch  2 never executed
    #####:  128:						printState(&preCall, &postCall, preCall.hand[p], preCall.handCount[p], cardPosition, village, p, TEST6); 
call    0 never executed
    #####:  129:						errorFlagP = 1;
        -:  130:					}
       45:  131:				}else if(!errorFlagP){
branch  0 taken 100% (fallthrough)
branch  1 taken 0%
       45:  132:					if(noPlayerStateChanges(&preCall, &postCall, 0) < 0){
call    0 returned 100%
branch  1 taken 0% (fallthrough)
branch  2 taken 100%
    #####:  133:						printState(&preCall, &postCall, preCall.hand[p], preCall.handCount[p], cardPosition, village, p, TEST6); 
call    0 never executed
    #####:  134:						errorFlagP = 1;
        -:  135:					}
        -:  136:				}
        -:  137:				
       45:  138:				if(!errorFlagV && (noVictoryCardChanges(&preCall, &postCall, p) < 0) ){
branch  0 taken 100% (fallthrough)
branch  1 taken 0%
call    2 returned 100%
branch  3 taken 0% (fallthrough)
branch  4 taken 100%
    #####:  139:					printState(&preCall, &postCall, preCall.hand[p], preCall.handCount[p], cardPosition, village, p, TEST7); 
call    0 never executed
    #####:  140:					errorFlagV = 1;
        -:  141:				}
       45:  142:				if (!errorFlagD && (noDominionCardChanges(&preCall, &postCall, p, CARDS_TOTAL) < 0) ){
branch  0 taken 100% (fallthrough)
branch  1 taken 0%
call    2 returned 100%
branch  3 taken 0% (fallthrough)
branch  4 taken 100%
    #####:  143:					printState(&preCall, &postCall, preCall.hand[p], preCall.handCount[p], cardPosition, village, p, TEST8); 
call    0 never executed
    #####:  144:					errorFlagD = 1;
        -:  145:				}
        -:  146:				
       90:  147:				if(((postCall.handCount[p] != (preCall.handCount[p])) ||
branch  0 taken 100% (fallthrough)
branch  1 taken 0%
branch  2 taken 0% (fallthrough)
branch  3 taken 100%
       45:  148:                          (postCall.deckCount[p] != (preCall.deckCount[p] - 1))) && !errorFlag1){ 
branch  0 never executed
branch  1 never executed
    #####:  149:					printState(&preCall, &postCall, preCall.hand[p], preCall.handCount[p], cardPosition, village, p, TEST1); 
call    0 never executed
    #####:  150:					errorFlag1 = 1;
        -:  151:				}
        -:  152:				
        -:  153:				//test hand counts are correct 
        -:  154:				//assert(postCall.handCount[p] == (preCall.handCount[p]));					
        -:  155:			    	
        -:  156:                //test deck count is 1 smaller post call
        -:  157:                //assert(postCall.deckCount[p] == (preCall.deckCount[p] - 1));                
        -:  158:
       45:  159:				if(((postCall.hand[p][cardPosition] == village) || (preCall.hand[p][cardPosition] != village)) && !errorFlag2){ 
branch  0 taken 100% (fallthrough)
branch  1 taken 0%
branch  2 taken 0% (fallthrough)
branch  3 taken 100%
branch  4 never executed
branch  5 never executed
    #####:  160:					printState(&preCall, &postCall, preCall.hand[p], preCall.handCount[p], cardPosition, village, p, TEST2); 
call    0 never executed
    #####:  161:					errorFlag2 = 1;
        -:  162:				}
        -:  163:			
        -:  164:				//test village card has been removed successfully
        -:  165:				//assert(postCall.hand[p][cardPosition] != village);											   
        -:  166:			    //assert(preCall.hand[p][cardPosition] == village);
        -:  167:				
       45:  168:				if(postCall.numActions != (preCall.numActions + 2) && !errorFlag3){ 
branch  0 taken 0% (fallthrough)
branch  1 taken 100%
branch  2 never executed
branch  3 never executed
    #####:  169:					printState(&preCall, &postCall, preCall.hand[p], preCall.handCount[p], cardPosition, village, p, TEST3); 
call    0 never executed
    #####:  170:					errorFlag3 = 1;
        -:  171:				}
        -:  172:				
        -:  173:				//test number of actions are correct 
        -:  174:				//assert(postCall.numActions == (preCall.numActions + 2));
        -:  175:				
       45:  176:				if(postCall.playedCardCount != (preCall.playedCardCount + 1) && !errorFlag4){ 
branch  0 taken 0% (fallthrough)
branch  1 taken 100%
branch  2 never executed
branch  3 never executed
    #####:  177:					printState(&preCall, &postCall, preCall.hand[p], preCall.handCount[p], cardPosition, village, p, TEST4); 
call    0 never executed
    #####:  178:					errorFlag4 = 1;
        -:  179:				}
        -:  180:				
        -:  181:				//test number of playcardCount is correct 
        -:  182:				//assert(postCall.playedCardCount == (preCall.playedCardCount + 1));
        -:  183:
        -:  184:				//test no other changes occured to game state										
       45:  185:                preCall.deckCount[p] -= 1;
       45:  186:				preCall.numActions += 2;
       45:  187:                preCall.playedCardCount += 1;
        -:  188:                
        -:  189:                //deck has been shuffled so need to copy over to preCall
       45:  190:				memcpy(&preCall.hand[p], &postCall.hand[p], sizeof(int) * MAX_HAND);
        -:  191:				//memcpy(&preCall.deck[p], &postCall.deck[p], sizeof(int) * MAX_DECK);
        -:  192:				//memcpy(&preCall.discard[p], &postCall.discard[p], sizeof(int) * MAX_DECK);
       45:  193:				memcpy(&preCall.playedCards, &postCall.playedCards, sizeof(int) * MAX_DECK);
        -:  194:				
       45:  195:				if(memcmp(&preCall, &postCall, sizeof(struct gameState)) != 0 && ! errorFlag5){ 
branch  0 taken 0% (fallthrough)
branch  1 taken 100%
branch  2 never executed
branch  3 never executed
    #####:  196:					printState(&preCall, &postCall, preCall.hand[p], preCall.handCount[p], cardPosition, village, p, TEST5); 
call    0 never executed
    #####:  197:					errorFlag5 = 1;
        -:  198:				}
        -:  199:				//assert(memcmp(&preCall, &postCall, sizeof(struct gameState)) == 0);	
        -:  200:			}
        -:  201:		}	
        -:  202:	}	
        -:  203:
        1:  204:	if(!errorFlag1 && !errorFlag2 && !errorFlag3 && !errorFlag4 && !errorFlag5 &&
branch  0 taken 100% (fallthrough)
branch  1 taken 0%
branch  2 taken 100% (fallthrough)
branch  3 taken 0%
branch  4 taken 100% (fallthrough)
branch  5 taken 0%
branch  6 taken 100% (fallthrough)
branch  7 taken 0%
branch  8 taken 100% (fallthrough)
branch  9 taken 0%
branch 10 taken 100% (fallthrough)
branch 11 taken 0%
        1:  205:		!errorFlagP && ! errorFlagV && ! errorFlagD ){
branch  0 taken 100% (fallthrough)
branch  1 taken 0%
branch  2 taken 100% (fallthrough)
branch  3 taken 0%
        1:  206:		printf("\n >>>>> SUCCESS: Testing complete %s <<<<<\n\n", TESTCARD);
call    0 returned 100%
        -:  207:	}else{
    #####:  208:		printf("\n >>>>> FAILURES DETECTED: Examine test cases %s <<<<<\n\n", TESTCARD);
call    0 never executed
        -:  209:	}
        -:  210:
        1:  211:	return 0;
        -:  212:}
        -:  213:
function initializeMyGame called 45 returned 100% blocks executed 100%
       45:  214:int initializeMyGame(struct gameState *G, int actionCards[], int seed, int numPlayer){
        -:  215:	
       45:  216:		memset(G, 23, sizeof(struct gameState));   // clear the game state
       45:  217:        return initializeGame(numPlayer, actionCards, seed, G); // initialize a new game
call    0 returned 100%
        -:  218:}
        -:  219:
function printState called 0 returned 0% blocks executed 0%
    #####:  220:void printState(struct gameState *pre, struct gameState *post, int hand[], int testHandCount, int cardPosition, 
        -:  221:        int treasure, int player, int test){
        -:  222:	
    #####:  223:	printf("Error found in %s, %d\n", TESTCARD, test );
call    0 never executed
    #####:  224:	printf("\tpost.whoseTurn = %d pre.whoseTurn = %d\n", post->whoseTurn, pre->whoseTurn );   
call    0 never executed
    #####:  225:    printf("\tpost.numBuys = %d pre.numBuys = %d\n", post->numBuys, pre->numBuys );   
call    0 never executed
    #####:  226:    printf("\tpost.NumAction = %d pre.NumActions = %d\n", post->numActions, pre->numActions );
call    0 never executed
    #####:  227:    printf("\tpost.Coins = %d pre.Coins = %d\n", post->coins, pre->coins);
call    0 never executed
    #####:  228:	printf("\tpost.HandCount = %d  pre.HandCount = %d\n", post->handCount[player], pre->handCount[player]);
call    0 never executed
    #####:  229:	printf("\tcardPosition = %d  \n", cardPosition);
call    0 never executed
    #####:  230:    printf("\tpreCall.hand[p][cardPosition] = %d\n", pre->hand[player][cardPosition]);	 
call    0 never executed
    #####:  231:    printf("\tpost.playedCardCount = %d pre.playedCardCount = %d\n", post->playedCardCount, pre->playedCardCount);
call    0 never executed
    #####:  232:    printf("\tpost.playCards[0] = %d pre.playedCards[0] = %d\n", 
call    0 never executed
        -:  233:            post->playedCards[0], pre->playedCards[0]);
    #####:  234:    printf("\tpost.discardCount[p] = %d pre.discardCount[p] = %d\n", post->discardCount[player], pre->discardCount[player]); 
call    0 never executed
    #####:  235:    printf("\tpost.deckCount[p] = %d pre.deckCount[p] = %d\n", post->deckCount[player], pre->deckCount[player]);
call    0 never executed
    #####:  236:	printf("\ttreasure = %d Player = %d\n\n", treasure, player); 
call    0 never executed
    #####:  237:}
        -:  238:
function noPlayerStateChanges called 45 returned 100% blocks executed 40%
       45:  239:int noPlayerStateChanges(struct gameState *preCall, struct gameState *postCall, int p){
        -:  240:    //int i = 0;	
        -:  241:	//test no other changes occured to game state	
       45:  242:	if(preCall->deckCount[p] != postCall->deckCount[p]){ 
branch  0 taken 0% (fallthrough)
branch  1 taken 100%
    #####:  243:		printf("ERROR noPlayerStateChanges DECKCOUNT's off\n");
call    0 never executed
    #####:  244:		return -1;
        -:  245:	}
       45:  246:	if(preCall->discardCount[p] != postCall->discardCount[p]){ 
branch  0 taken 0% (fallthrough)
branch  1 taken 100%
    #####:  247:		printf("ERROR noPlayerStateChanges DISCARDCOUNT's off\n");
call    0 never executed
    #####:  248:		return -1;
        -:  249:	}
       45:  250:	if(preCall->handCount[p] != postCall->handCount[p]){ 
branch  0 taken 0% (fallthrough)
branch  1 taken 100%
    #####:  251:		printf("ERROR noPlayerStateChanges HANDCOUNT's off\n");
call    0 never executed
    #####:  252:		return -1;
        -:  253:	}
       45:  254:	if(memcmp(&preCall->deck[p], &postCall->deck[p], MAX_DECK) != 0){
branch  0 taken 0% (fallthrough)
branch  1 taken 100%
    #####:  255:		printf("ERROR noPlayerStateChanges DECK is off\n");
call    0 never executed
        -:  256:
        -:  257:		//for testing
        -:  258:        //for(i=0; i < MAX_DECK ; ++i){
        -:  259:        //    printf("\tpreCall-deck[%d][%d] = %d, postCall-deck[%d][%d] = %d\n",p, i, preCall->deck[p][i], p, i, postCall->deck[p][i]);
        -:  260:        //}
        -:  261:
    #####:  262:		return -1;
        -:  263:	}
       45:  264:	if(memcmp(&preCall->discard[p], &postCall->discard[p], MAX_DECK) != 0){ 
branch  0 taken 0% (fallthrough)
branch  1 taken 100%
    #####:  265:		printf("ERROR noPlayerStateChanges DISCARD DECK is off\n");
call    0 never executed
    #####:  266:		return -1;
        -:  267:	}
       45:  268:	if(memcmp(&preCall->hand[p], &postCall->hand[p], MAX_HAND) != 0){ 
branch  0 taken 0% (fallthrough)
branch  1 taken 100%
    #####:  269:		printf("ERROR noPlayerStateChanges HAND is off\n");
call    0 never executed
    #####:  270:		return -1;
        -:  271:	}
       45:  272:	return 0;
        -:  273:}
        -:  274:
function noVictoryCardChanges called 45 returned 100% blocks executed 71%
       45:  275:int noVictoryCardChanges(struct gameState *preCall, struct gameState *postCall, int p){
       45:  276:	if(scoreFor(p, preCall) != scoreFor(p, postCall)){
call    0 returned 100%
call    1 returned 100%
branch  2 taken 0% (fallthrough)
branch  3 taken 100%
    #####:  277:		printf("ERROR noVictoryCardChanges\n");
call    0 never executed
    #####:  278:		return -1;
        -:  279:	}
       45:  280:	return 0;
        -:  281:}
        -:  282:
function noDominionCardChanges called 45 returned 100% blocks executed 60%
       45:  283:int noDominionCardChanges(struct gameState *preCall, struct gameState *postCall, int p, int deckSize){
       45:  284:	if(memcmp(&preCall->deck[p], &postCall->deck[p], sizeof(int) *  deckSize) != 0){
branch  0 taken 0% (fallthrough)
branch  1 taken 100%
    #####:  285:		printf("ERROR noDominionCardChanges\n");
call    0 never executed
    #####:  286:		return -1;
        -:  287:	}
       45:  288:	return 0;
        -:  289:}
