        -:    0:Source:cardtest1.c
        -:    0:Graph:cardtest1.gcno
        -:    0:Data:cardtest1.gcda
        -:    0:Runs:1
        -:    0:Programs:1
        -:    1://cardtest1.c ---refactored for snyderem tests
        -:    2:#include "dominion.h"
        -:    3:#include "dominion_helpers.h"
        -:    4:#include <string.h>
        -:    5:#include <stdio.h>
        -:    6:#include <assert.h>
        -:    7:#include "rngs.h"
        -:    8:#include <stdlib.h>
        -:    9:
        -:   10:#define TESTCARD "smithy"
        -:   11:
        1:   12:int main() {	// copy the game state to a test case 
        1:   13:  	int seed = 1000;
        1:   14:	int numPlayers = 2;
        1:   15:	int thisPlayer = 0;
        1:   16:	int handPos = 0;
        -:   17:	int currDeckCount, currHandCount, currDiscardCount;
        1:   18:	int choice1 = 0;
        1:   19:	int choice2 = 0;
        1:   20:	int choice3 = 0;
        1:   21:	int bonus = 0;
        -:   22:	struct gameState G, testG;
        -:   23:	int currCard;
        1:   24:	int k[10] = {adventurer, great_hall, village, minion, mine, cutpurse,
        -:   25:			sea_hag, tribute, smithy, council_room};
        -:   26:
        -:   27:	// initialize a game state and player cards
        1:   28:	initializeGame(numPlayers, k, seed, &G);
        -:   29:	//set initial game state
        1:   30:	printf("Testing for: ");
        1:   31:	printf("1. 3 Cards Taken From Deck");
        1:   32:	printf("2. 3 Cards Added To Hand");
        1:   33:	printf("3. 1 Card Discarded From Hand");
        1:   34:	printf("4. 1 Cards Added To Discarded Pile");
        -:   35:
        1:   36:	memcpy(&testG, &G, sizeof(struct gameState));
        1:   37:	printf("\n\n\n\n----------------- Testing Card: %s ----------------\n", TESTCARD);
        1:   38:	printf("---------------TEST 1: CHECKING DRAW CARD FUNCTION\n-----------");
        -:   39:	//get starting game state
        1:   40:	memcpy(&testG, &G, sizeof(struct gameState));
        1:   41:	currDeckCount = testG.deckCount[thisPlayer];
        1:   42:	currHandCount = testG.handCount[thisPlayer];
        1:   43:	currDiscardCount = testG.discardCount[thisPlayer];
        -:   44:	//currCard = testG.deck[player][currDeckCount - 1];
        1:   45:	printf("Deck Count Before: %d\n", testG.deckCount[thisPlayer]);
        1:   46:	printf("Current Hand Before: %d\n", testG.handCount[thisPlayer]);
        1:   47:	printf("Discard Count Before: %d\n", testG.discardCount[thisPlayer]);
        -:   48:	//run function
        1:   49:	cardEffect(smithy, choice1, choice2, choice3, &testG, handPos, &bonus);
        -:   50:	//smithyCard(handPos, thisPlayer, &testG);
        -:   51:	//check deck count
        1:   52:	printf("Deck Count After: %d\n", testG.deckCount[thisPlayer]);
        1:   53:	if ((currDeckCount - 3) == testG.deckCount[thisPlayer]){
    #####:   54:		printf("DECK COUNT DECREASED BY 3: SUCCESS\n");
        -:   55:	}
        1:   56:	else if (currDeckCount == testG.deckCount[thisPlayer])
        -:   57:	{
    #####:   58:		printf("DECK COUNT STAYED THE SAME: FAILURE\n");
        -:   59:	}
        -:   60:	else
        1:   61:		printf("DECK COUNT CHANGED INCORRECTLY: FAILURE\n");
        -:   62:	//check hand count
        1:   63:	printf("Current Hand After: %d\n", testG.handCount[thisPlayer]);
        1:   64:	if ((currHandCount + 2) == testG.handCount[thisPlayer]){
    #####:   65:		printf("HAND COUNT INCREASED BY 3: SUCCESS\n");
        -:   66:	}
        1:   67:	else if (currHandCount == testG.handCount[thisPlayer])
        -:   68:	{
    #####:   69:		printf("HAND COUNT DIDN'T CHANGE: FAILURE\n");
        -:   70:	}
        -:   71:	else
        1:   72:		printf("HAND COUNT CHANGE INCORRECT: FAILURE\n");
        -:   73:	//check discard count
        1:   74:	printf("Discard Count After: %d\n", testG.discardCount[thisPlayer]);
        1:   75:	if ((currDiscardCount + 1) == testG.discardCount[thisPlayer]){
    #####:   76:		printf("DISCARD COUNT INCREASED BY 1: SUCCESS\n");	
        -:   77:	}
        -:   78:	else
        1:   79:		printf("DISCARD COUNT INCORRECT: FAILURE\n");
        -:   80:	// if (state->hand[thisPlayer][currHandCount] == currCard)
        -:   81:	// 	printf("CARD ADDED TO HAND: SUCCESS\n");
        -:   82:	// else
        -:   83:	// 	printf("CARD NOT ADDED TO HAND: FAILURE\n");
        1:   84:	printf("\n >>>>> SUCCESS: Testing complete %s <<<<<\n\n\n\n", TESTCARD);
        1:   85:return 0;
        -:   86:}
