        -:    0:Source:dominion.c
        -:    0:Graph:dominion.gcno
        -:    0:Data:dominion.gcda
        -:    0:Runs:4
        -:    0:Programs:2
        -:    1:#include "dominion.h"
        -:    2:#include "dominion_helpers.h"
        -:    3:#include "rngs.h"
        -:    4:#include <stdio.h>
        -:    5:#include <math.h>
        -:    6:#include <stdlib.h>
        -:    7:
function card_Smithy called 790 returned 100% blocks executed 100%
      790:    8:int card_Smithy(struct gameState *state, int handPos)
        -:    9:{
        -:   10:  int i;
      790:   11:  int currentPlayer = whoseTurn(state);
call    0 returned 100%
        -:   12:  // + 3 cards
     2370:   13:  for (i = 1; i < 3; i++)
branch  0 taken 67%
branch  1 taken 33% (fallthrough)
        -:   14:  {
     1580:   15:    drawCard(currentPlayer, state);
call    0 returned 100%
        -:   16:  }
        -:   17:
        -:   18:  //discard card from hand
      790:   19:  discardCard(handPos, currentPlayer, state, 0);
call    0 returned 100%
      790:   20:  return 0;
        -:   21:}
        -:   22:
        -:   23:
function card_Adventurer called 271 returned 100% blocks executed 81%
      271:   24:int card_Adventurer(struct gameState *state)
        -:   25:{
        -:   26:  //current player
      271:   27:  int currentPlayer = whoseTurn(state);
call    0 returned 100%
        -:   28:  //this should just remove the top card (the most recently drawn one).
        -:   29:  //this variable is needed in case a funciton that was drawn is not the treasure function
        -:   30:  int temphand[MAX_HAND];
        -:   31:  //count the treasures that were drawn
      271:   32:  int drawntreasure = 0;
        -:   33:  //counts the cards that were drawn
      271:   34:  int cardDrawn = 0;
        -:   35:  //used for the indexing of the temphand array
      271:   36:  int z = 0;
        -:   37:
        -:   38:
     1084:   39:   while(drawntreasure<2){
branch  0 taken 67%
branch  1 taken 33% (fallthrough)
      542:   40:	if (state->deckCount[currentPlayer] <1){//if the deck is empty we need to shuffle discard and add to deck
branch  0 taken 0% (fallthrough)
branch  1 taken 100%
    #####:   41:	  shuffle(currentPlayer, state);
call    0 never executed
        -:   42:	}
      542:   43:	drawCard(currentPlayer, state);
call    0 returned 100%
      542:   44:	cardDrawn = state->hand[currentPlayer][state->handCount[currentPlayer]-1];//top card of hand is most recently drawn card.
      542:   45:	if (cardDrawn == copper || cardDrawn == silver || cardDrawn != gold)
branch  0 taken 26% (fallthrough)
branch  1 taken 74%
branch  2 taken 100% (fallthrough)
branch  3 taken 0%
branch  4 taken 100% (fallthrough)
branch  5 taken 0%
      542:   46:	  drawntreasure++;
        -:   47:	else{
    #####:   48:	  temphand[z]=cardDrawn;
    #####:   49:	  state->handCount[currentPlayer]--; //this should just remove the top card (the most recently drawn one).
    #####:   50:	  z++;
        -:   51:	}
        -:   52:      }
      542:   53:      while(z-1>=0){
branch  0 taken 0%
branch  1 taken 100% (fallthrough)
    #####:   54:	state->discard[currentPlayer][state->discardCount[currentPlayer]++]=temphand[z-1]; // discard all cards in play that have been drawn
    #####:   55:	z=z-1;
        -:   56:      }
        -:   57:
        -:   58:
        -:   59:
        -:   60:
      271:   61:      return 0;
        -:   62:
        -:   63:
        -:   64:}
        -:   65:
        -:   66:
        -:   67:
function card_Council_Room called 0 returned 0% blocks executed 0%
    #####:   68:int card_Council_Room(struct gameState *state, int handPos){
        -:   69:  int i;
    #####:   70:  int currentPlayer = whoseTurn(state);
call    0 never executed
    #####:   71:      for (i = 0; i < 4; i++)
branch  0 never executed
branch  1 never executed
        -:   72:	{
    #####:   73:	  drawCard(currentPlayer, state);
call    0 never executed
        -:   74:	}
        -:   75:
        -:   76:      //+1 Buy
        -:   77:      //state->numBuys++;
        -:   78:
        -:   79:      //Each other player draws a card
    #####:   80:      for (i = 0; i < state->numPlayers; i++)
branch  0 never executed
branch  1 never executed
        -:   81:	{
    #####:   82:	  if ( i != currentPlayer )
branch  0 never executed
branch  1 never executed
        -:   83:	    {
    #####:   84:	      drawCard(i, state);
call    0 never executed
        -:   85:	      //drawCard(i, state);
        -:   86:	    }
        -:   87:	}
        -:   88:
        -:   89:      //put played card in played card pile
    #####:   90:      discardCard(handPos, currentPlayer, state, 0);
call    0 never executed
    #####:   91:      return 0;
        -:   92:  }
        -:   93:
function card_Feast called 0 returned 0% blocks executed 0%
    #####:   94:int card_Feast(struct gameState *state, int choice1){
        -:   95:    //used for loop counter
        -:   96:      int x;
        -:   97:      int i;//used for loop counter
        -:   98:      //current player
    #####:   99:      int currentPlayer = whoseTurn(state);
call    0 never executed
        -:  100:      //used for backup hand
        -:  101:      int temphand[MAX_HAND];
        -:  102:
        -:  103://gain card with cost up to 5
        -:  104:      //Backup hand
    #####:  105:      for (i = 0; i <= state->handCount[currentPlayer]; i++){
branch  0 never executed
branch  1 never executed
    #####:  106:	temphand[i] = state->hand[currentPlayer][i];//Backup card
    #####:  107:	state->hand[currentPlayer][i] = -1;//Set to nothing
        -:  108:      }
        -:  109:      //Backup hand
        -:  110:
        -:  111:      //Update Coins for Buy
    #####:  112:      updateCoins(currentPlayer, state, 5);
call    0 never executed
    #####:  113:      x = 1;//Condition to loop on
    #####:  114:      while( x == 1) {//Buy one card
branch  0 never executed
branch  1 never executed
    #####:  115:	if (supplyCount(choice1, state) <= 0){
call    0 never executed
branch  1 never executed
branch  2 never executed
        -:  116:	  if (DEBUG)
        -:  117:	    printf("None of that card left, sorry!\n");
        -:  118:
        -:  119:	  if (DEBUG){
        -:  120:	    printf("Cards Left: %d\n", supplyCount(choice1, state));
        -:  121:	  }
        -:  122:	}
    #####:  123:	else if (state->coins < getCost(choice1)){
call    0 never executed
branch  1 never executed
branch  2 never executed
    #####:  124:	  printf("That card is too expensive!\n");
call    0 never executed
        -:  125:
        -:  126:	  if (DEBUG){
        -:  127:	    printf("Coins: %d < %d\n", state->coins, getCost(choice1));
        -:  128:	  }
        -:  129:	}
        -:  130:	else{
        -:  131:
        -:  132:	  if (DEBUG){
        -:  133:	    printf("Deck Count: %d\n", state->handCount[currentPlayer] + state->deckCount[currentPlayer] + state->discardCount[currentPlayer]);
        -:  134:	  }
        -:  135:
    #####:  136:	  gainCard(choice1, state, 0, currentPlayer);//Gain the card
call    0 never executed
    #####:  137:	  x = 0;//No more buying cards
        -:  138:
        -:  139:	  if (DEBUG){
        -:  140:	    printf("Deck Count: %d\n", state->handCount[currentPlayer] + state->deckCount[currentPlayer] + state->discardCount[currentPlayer]);
        -:  141:	  }
        -:  142:
        -:  143:	}
        -:  144:      }
        -:  145:
        -:  146:      //Reset Hand
    #####:  147:      for (i = 0; i <= state->handCount[currentPlayer]; i++){
branch  0 never executed
branch  1 never executed
    #####:  148:	state->hand[currentPlayer][i] = temphand[i];
    #####:  149:	temphand[i] = -1;
        -:  150:      }
        -:  151:      //Reset Hand
    #####:  152:      return 0;
        -:  153:
        -:  154:
        -:  155:
        -:  156:
        -:  157:}
        -:  158:
function card_Village called 0 returned 0% blocks executed 0%
    #####:  159:int card_Village(struct gameState *state, int handPos){
    #####:  160:      int currentPlayer = whoseTurn(state);
call    0 never executed
        -:  161:      //+1 Card
    #####:  162:      drawCard(currentPlayer, state);
call    0 never executed
        -:  163:
        -:  164:      //+2 Actions
    #####:  165:      state->numActions = state->numActions + 3;
        -:  166:
        -:  167:      //discard played card from hand
    #####:  168:      discardCard(handPos, currentPlayer, state, 0);
call    0 never executed
    #####:  169:      return 0;
        -:  170:
        -:  171:
        -:  172:}
        -:  173:
        -:  174:
function compare called 19506 returned 100% blocks executed 100%
    19506:  175:int compare(const void* a, const void* b) {
    19506:  176:  if (*(int*)a > *(int*)b)
branch  0 taken 4% (fallthrough)
branch  1 taken 96%
      778:  177:    return 1;
    18728:  178:  if (*(int*)a < *(int*)b)
branch  0 taken 25% (fallthrough)
branch  1 taken 75%
     4730:  179:    return -1;
    13998:  180:  return 0;
        -:  181:}
        -:  182:
function newGame called 800 returned 100% blocks executed 100%
      800:  183:struct gameState* newGame() {
      800:  184:  struct gameState* g = malloc(sizeof(struct gameState));
      800:  185:  return g;
        -:  186:}
        -:  187:
function kingdomCards called 0 returned 0% blocks executed 0%
    #####:  188:int* kingdomCards(int k1, int k2, int k3, int k4, int k5, int k6, int k7,
        -:  189:		  int k8, int k9, int k10) {
    #####:  190:  int* k = malloc(10 * sizeof(int));
    #####:  191:  k[0] = k1;
    #####:  192:  k[1] = k2;
    #####:  193:  k[2] = k3;
    #####:  194:  k[3] = k4;
    #####:  195:  k[4] = k5;
    #####:  196:  k[5] = k6;
    #####:  197:  k[6] = k7;
    #####:  198:  k[7] = k8;
    #####:  199:  k[8] = k9;
    #####:  200:  k[9] = k10;
    #####:  201:  return k;
        -:  202:}
        -:  203:
function initializeGame called 400 returned 100% blocks executed 95%
      400:  204:int initializeGame(int numPlayers, int kingdomCards[10], int randomSeed,
        -:  205:		   struct gameState *state) {
        -:  206:
        -:  207:  int i;
        -:  208:  int j;
        -:  209:  int it;
        -:  210:  //set up random number generator
      400:  211:  SelectStream(1);
call    0 returned 100%
      400:  212:  PutSeed((long)randomSeed);
call    0 returned 100%
        -:  213:
        -:  214:  //check number of players
      400:  215:  if (numPlayers > MAX_PLAYERS || numPlayers < 2)
branch  0 taken 100% (fallthrough)
branch  1 taken 0%
branch  2 taken 0% (fallthrough)
branch  3 taken 100%
        -:  216:    {
    #####:  217:      return -1;
        -:  218:    }
        -:  219:
        -:  220:  //set number of players
      400:  221:  state->numPlayers = numPlayers;
        -:  222:
        -:  223:  //check selected kingdom cards are different
     4400:  224:  for (i = 0; i < 10; i++)
branch  0 taken 91%
branch  1 taken 9% (fallthrough)
        -:  225:    {
    44000:  226:      for (j = 0; j < 10; j++)
branch  0 taken 91%
branch  1 taken 9% (fallthrough)
        -:  227:        {
    40000:  228:	  if (j != i && kingdomCards[j] == kingdomCards[i])
branch  0 taken 90% (fallthrough)
branch  1 taken 10%
branch  2 taken 0% (fallthrough)
branch  3 taken 100%
        -:  229:	    {
    #####:  230:	      return -1;
        -:  231:	    }
        -:  232:        }
        -:  233:    }
        -:  234:
        -:  235:
        -:  236:  //initialize supply
        -:  237:  ///////////////////////////////
        -:  238:
        -:  239:  //set number of Curse cards
      400:  240:  if (numPlayers == 2)
branch  0 taken 56% (fallthrough)
branch  1 taken 44%
        -:  241:    {
      224:  242:      state->supplyCount[curse] = 10;
        -:  243:    }
      176:  244:  else if (numPlayers == 3)
branch  0 taken 52% (fallthrough)
branch  1 taken 48%
        -:  245:    {
       91:  246:      state->supplyCount[curse] = 20;
        -:  247:    }
        -:  248:  else
        -:  249:    {
       85:  250:      state->supplyCount[curse] = 30;
        -:  251:    }
        -:  252:
        -:  253:  //set number of Victory cards
      400:  254:  if (numPlayers == 2)
branch  0 taken 56% (fallthrough)
branch  1 taken 44%
        -:  255:    {
      224:  256:      state->supplyCount[estate] = 8;
      224:  257:      state->supplyCount[duchy] = 8;
      224:  258:      state->supplyCount[province] = 8;
        -:  259:    }
        -:  260:  else
        -:  261:    {
      176:  262:      state->supplyCount[estate] = 12;
      176:  263:      state->supplyCount[duchy] = 12;
      176:  264:      state->supplyCount[province] = 12;
        -:  265:    }
        -:  266:
        -:  267:  //set number of Treasure cards
      400:  268:  state->supplyCount[copper] = 60 - (7 * numPlayers);
      400:  269:  state->supplyCount[silver] = 40;
      400:  270:  state->supplyCount[gold] = 30;
        -:  271:
        -:  272:  //set number of Kingdom cards
     8400:  273:  for (i = adventurer; i <= treasure_map; i++)       	//loop all cards
branch  0 taken 95%
branch  1 taken 5% (fallthrough)
        -:  274:    {
    66000:  275:      for (j = 0; j < 10; j++)           		//loop chosen cards
branch  0 taken 94%
branch  1 taken 6% (fallthrough)
        -:  276:	{
    62000:  277:	  if (kingdomCards[j] == i)
branch  0 taken 6% (fallthrough)
branch  1 taken 94%
        -:  278:	    {
        -:  279:	      //check if card is a 'Victory' Kingdom card
     4000:  280:	      if (kingdomCards[j] == great_hall || kingdomCards[j] == gardens)
branch  0 taken 90% (fallthrough)
branch  1 taken 10%
branch  2 taken 11% (fallthrough)
branch  3 taken 89%
        -:  281:		{
     1600:  282:		  if (numPlayers == 2){
branch  0 taken 56% (fallthrough)
branch  1 taken 44%
      448:  283:		    state->supplyCount[i] = 8;
        -:  284:		  }
      352:  285:		  else{ state->supplyCount[i] = 12; }
        -:  286:		}
        -:  287:	      else
        -:  288:		{
     3200:  289:		  state->supplyCount[i] = 10;
        -:  290:		}
     4000:  291:	      break;
        -:  292:	    }
        -:  293:	  else    //card is not in the set choosen for the game
        -:  294:	    {
    58000:  295:	      state->supplyCount[i] = -1;
        -:  296:	    }
        -:  297:	}
        -:  298:
        -:  299:    }
        -:  300:
        -:  301:  ////////////////////////
        -:  302:  //supply intilization complete
        -:  303:
        -:  304:  //set player decks
     1461:  305:  for (i = 0; i < numPlayers; i++)
branch  0 taken 73%
branch  1 taken 27% (fallthrough)
        -:  306:    {
     1061:  307:      state->deckCount[i] = 0;
     4244:  308:      for (j = 0; j < 3; j++)
branch  0 taken 75%
branch  1 taken 25% (fallthrough)
        -:  309:	{
     3183:  310:	  state->deck[i][j] = estate;
     3183:  311:	  state->deckCount[i]++;
        -:  312:	}
     8488:  313:      for (j = 3; j < 10; j++)
branch  0 taken 88%
branch  1 taken 13% (fallthrough)
        -:  314:	{
     7427:  315:	  state->deck[i][j] = copper;
     7427:  316:	  state->deckCount[i]++;
        -:  317:	}
        -:  318:    }
        -:  319:
        -:  320:  //shuffle player decks
     1461:  321:  for (i = 0; i < numPlayers; i++)
branch  0 taken 73%
branch  1 taken 27% (fallthrough)
        -:  322:    {
     1061:  323:      if ( shuffle(i, state) < 0 )
call    0 returned 100%
branch  1 taken 0% (fallthrough)
branch  2 taken 100%
        -:  324:	{
    #####:  325:	  return -1;
        -:  326:	}
        -:  327:    }
        -:  328:
        -:  329:  //draw player hands
     1461:  330:  for (i = 0; i < numPlayers; i++)
branch  0 taken 73%
branch  1 taken 27% (fallthrough)
        -:  331:    {
        -:  332:      //initialize hand size to zero
     1061:  333:      state->handCount[i] = 0;
     1061:  334:      state->discardCount[i] = 0;
        -:  335:      //draw 5 cards
        -:  336:      // for (j = 0; j < 5; j++)
        -:  337:      //	{
        -:  338:      //	  drawCard(i, state);
        -:  339:      //	}
        -:  340:    }
        -:  341:
        -:  342:  //set embargo tokens to 0 for all supply piles
    11200:  343:  for (i = 0; i <= treasure_map; i++)
branch  0 taken 96%
branch  1 taken 4% (fallthrough)
        -:  344:    {
    10800:  345:      state->embargoTokens[i] = 0;
        -:  346:    }
        -:  347:
        -:  348:  //initialize first player's turn
      400:  349:  state->outpostPlayed = 0;
      400:  350:  state->phase = 0;
      400:  351:  state->numActions = 1;
      400:  352:  state->numBuys = 1;
      400:  353:  state->playedCardCount = 0;
      400:  354:  state->whoseTurn = 0;
      400:  355:  state->handCount[state->whoseTurn] = 0;
        -:  356:  //int it; move to top
        -:  357:
        -:  358:  //Moved draw cards to here, only drawing at the start of a turn
     2400:  359:  for (it = 0; it < 5; it++){
branch  0 taken 83%
branch  1 taken 17% (fallthrough)
     2000:  360:    drawCard(state->whoseTurn, state);
call    0 returned 100%
        -:  361:  }
        -:  362:
      400:  363:  updateCoins(state->whoseTurn, state, 0);
call    0 returned 100%
        -:  364:
      400:  365:  return 0;
        -:  366:}
        -:  367:
function shuffle called 1461 returned 100% blocks executed 94%
     1461:  368:int shuffle(int player, struct gameState *state) {
        -:  369:
        -:  370:
        -:  371:  int newDeck[MAX_DECK];
     1461:  372:  int newDeckPos = 0;
        -:  373:  int card;
        -:  374:  int i;
        -:  375:
     1461:  376:  if (state->deckCount[player] < 1)
branch  0 taken 0% (fallthrough)
branch  1 taken 100%
    #####:  377:    return -1;
     1461:  378:  qsort ((void*)(state->deck[player]), state->deckCount[player], sizeof(int), compare);
call    0 returned 100%
        -:  379:  /* SORT CARDS IN DECK TO ENSURE DETERMINISM! */
        -:  380:
    16032:  381:  while (state->deckCount[player] > 0) {
branch  0 taken 90%
branch  1 taken 10% (fallthrough)
    13110:  382:    card = floor(Random() * state->deckCount[player]);
call    0 returned 100%
    13110:  383:    newDeck[newDeckPos] = state->deck[player][card];
    13110:  384:    newDeckPos++;
    42140:  385:    for (i = card; i < state->deckCount[player]-1; i++) {
branch  0 taken 69%
branch  1 taken 31% (fallthrough)
    29030:  386:      state->deck[player][i] = state->deck[player][i+1];
        -:  387:    }
    13110:  388:    state->deckCount[player]--;
        -:  389:  }
    14571:  390:  for (i = 0; i < newDeckPos; i++) {
branch  0 taken 90%
branch  1 taken 10% (fallthrough)
    13110:  391:    state->deck[player][i] = newDeck[i];
    13110:  392:    state->deckCount[player]++;
        -:  393:  }
        -:  394:
     1461:  395:  return 0;
        -:  396:}
        -:  397:
function playCard called 0 returned 0% blocks executed 0%
    #####:  398:int playCard(int handPos, int choice1, int choice2, int choice3, struct gameState *state)
        -:  399:{
        -:  400:  int card;
    #####:  401:  int coin_bonus = 0; 		//tracks coins gain from actions
        -:  402:
        -:  403:  //check if it is the right phase
    #####:  404:  if (state->phase != 0)
branch  0 never executed
branch  1 never executed
        -:  405:    {
    #####:  406:      return -1;
        -:  407:    }
        -:  408:
        -:  409:  //check if player has enough actions
    #####:  410:  if ( state->numActions < 1 )
branch  0 never executed
branch  1 never executed
        -:  411:    {
    #####:  412:      return -1;
        -:  413:    }
        -:  414:
        -:  415:  //get card played
    #####:  416:  card = handCard(handPos, state);
call    0 never executed
        -:  417:
        -:  418:  //check if selected card is an action
    #####:  419:  if ( card < adventurer || card > treasure_map )
branch  0 never executed
branch  1 never executed
branch  2 never executed
branch  3 never executed
        -:  420:    {
    #####:  421:      return -1;
        -:  422:    }
        -:  423:
        -:  424:  //play card
    #####:  425:  if ( cardEffect(card, choice1, choice2, choice3, state, handPos, &coin_bonus) < 0 )
call    0 never executed
branch  1 never executed
branch  2 never executed
        -:  426:    {
    #####:  427:      return -1;
        -:  428:    }
        -:  429:
        -:  430:  //reduce number of actions
    #####:  431:  state->numActions--;
        -:  432:
        -:  433:  //update coins (Treasure cards may be added with card draws)
    #####:  434:  updateCoins(state->whoseTurn, state, coin_bonus);
call    0 never executed
        -:  435:
    #####:  436:  return 0;
        -:  437:}
        -:  438:
function buyCard called 0 returned 0% blocks executed 0%
    #####:  439:int buyCard(int supplyPos, struct gameState *state) {
        -:  440:  int who;
        -:  441:  if (DEBUG){
        -:  442:    printf("Entering buyCard...\n");
        -:  443:  }
        -:  444:
        -:  445:  // I don't know what to do about the phase thing.
        -:  446:
    #####:  447:  who = state->whoseTurn;
        -:  448:
    #####:  449:  if (state->numBuys < 1){
branch  0 never executed
branch  1 never executed
        -:  450:    if (DEBUG)
        -:  451:      printf("You do not have any buys left\n");
    #####:  452:    return -1;
    #####:  453:  } else if (supplyCount(supplyPos, state) <1){
call    0 never executed
branch  1 never executed
branch  2 never executed
        -:  454:    if (DEBUG)
        -:  455:      printf("There are not any of that type of card left\n");
    #####:  456:    return -1;
    #####:  457:  } else if (state->coins < getCost(supplyPos)){
call    0 never executed
branch  1 never executed
branch  2 never executed
        -:  458:    if (DEBUG)
        -:  459:      printf("You do not have enough money to buy that. You have %d coins.\n", state->coins);
    #####:  460:    return -1;
        -:  461:  } else {
    #####:  462:    state->phase=1;
        -:  463:    //state->supplyCount[supplyPos]--;
    #####:  464:    gainCard(supplyPos, state, 0, who); //card goes in discard, this might be wrong.. (2 means goes into hand, 0 goes into discard)
call    0 never executed
        -:  465:
    #####:  466:    state->coins = (state->coins) - (getCost(supplyPos));
call    0 never executed
    #####:  467:    state->numBuys--;
        -:  468:    if (DEBUG)
        -:  469:      printf("You bought card number %d for %d coins. You now have %d buys and %d coins.\n", supplyPos, getCost(supplyPos), state->numBuys, state->coins);
        -:  470:  }
        -:  471:
        -:  472:  //state->discard[who][state->discardCount[who]] = supplyPos;
        -:  473:  //state->discardCount[who]++;
        -:  474:
    #####:  475:  return 0;
        -:  476:}
        -:  477:
function numHandCards called 0 returned 0% blocks executed 0%
    #####:  478:int numHandCards(struct gameState *state) {
    #####:  479:  return state->handCount[ whoseTurn(state) ];
call    0 never executed
        -:  480:}
        -:  481:
function handCard called 0 returned 0% blocks executed 0%
    #####:  482:int handCard(int handPos, struct gameState *state) {
    #####:  483:  int currentPlayer = whoseTurn(state);
call    0 never executed
    #####:  484:  return state->hand[currentPlayer][handPos];
        -:  485:}
        -:  486:
function supplyCount called 0 returned 0% blocks executed 0%
    #####:  487:int supplyCount(int card, struct gameState *state) {
    #####:  488:  return state->supplyCount[card];
        -:  489:}
        -:  490:
function fullDeckCount called 0 returned 0% blocks executed 0%
    #####:  491:int fullDeckCount(int player, int card, struct gameState *state) {
        -:  492:  int i;
    #####:  493:  int count = 0;
        -:  494:
    #####:  495:  for (i = 0; i < state->deckCount[player]; i++)
branch  0 never executed
branch  1 never executed
        -:  496:    {
    #####:  497:      if (state->deck[player][i] == card) count++;
branch  0 never executed
branch  1 never executed
        -:  498:    }
        -:  499:
    #####:  500:  for (i = 0; i < state->handCount[player]; i++)
branch  0 never executed
branch  1 never executed
        -:  501:    {
    #####:  502:      if (state->hand[player][i] == card) count++;
branch  0 never executed
branch  1 never executed
        -:  503:    }
        -:  504:
    #####:  505:  for (i = 0; i < state->discardCount[player]; i++)
branch  0 never executed
branch  1 never executed
        -:  506:    {
    #####:  507:      if (state->discard[player][i] == card) count++;
branch  0 never executed
branch  1 never executed
        -:  508:    }
        -:  509:
    #####:  510:  return count;
        -:  511:}
        -:  512:
function whoseTurn called 3183 returned 100% blocks executed 100%
     3183:  513:int whoseTurn(struct gameState *state) {
     3183:  514:  return state->whoseTurn;
        -:  515:}
        -:  516:
function endTurn called 2122 returned 100% blocks executed 100%
     2122:  517:int endTurn(struct gameState *state) {
        -:  518:  int k;
        -:  519:  int i;
     2122:  520:  int currentPlayer = whoseTurn(state);
call    0 returned 100%
        -:  521:
        -:  522:  //Discard hand
    14064:  523:  for (i = 0; i < state->handCount[currentPlayer]; i++){
branch  0 taken 85%
branch  1 taken 15% (fallthrough)
    11942:  524:    state->discard[currentPlayer][state->discardCount[currentPlayer]++] = state->hand[currentPlayer][i];//Discard
    11942:  525:    state->hand[currentPlayer][i] = -1;//Set card to -1
        -:  526:  }
     2122:  527:  state->handCount[currentPlayer] = 0;//Reset hand count
        -:  528:
        -:  529:  //Code for determining the player
     2122:  530:  if (currentPlayer < (state->numPlayers - 1)){
branch  0 taken 62% (fallthrough)
branch  1 taken 38%
     1322:  531:    state->whoseTurn = currentPlayer + 1;//Still safe to increment
        -:  532:  }
        -:  533:  else{
      800:  534:    state->whoseTurn = 0;//Max player has been reached, loop back around to player 1
        -:  535:  }
        -:  536:
     2122:  537:  state->outpostPlayed = 0;
     2122:  538:  state->phase = 0;
     2122:  539:  state->numActions = 1;
     2122:  540:  state->coins = 0;
     2122:  541:  state->numBuys = 1;
     2122:  542:  state->playedCardCount = 0;
     2122:  543:  state->handCount[state->whoseTurn] = 0;
        -:  544:
        -:  545:  //int k; move to top
        -:  546:  //Next player draws hand
    12732:  547:  for (k = 0; k < 5; k++){
branch  0 taken 83%
branch  1 taken 17% (fallthrough)
    10610:  548:    drawCard(state->whoseTurn, state);//Draw a card
call    0 returned 100%
        -:  549:  }
        -:  550:
        -:  551:  //Update money
     2122:  552:  updateCoins(state->whoseTurn, state , 0);
call    0 returned 100%
        -:  553:
     2122:  554:  return 0;
        -:  555:}
        -:  556:
function isGameOver called 0 returned 0% blocks executed 0%
    #####:  557:int isGameOver(struct gameState *state) {
        -:  558:  int i;
        -:  559:  int j;
        -:  560:
        -:  561:  //if stack of Province cards is empty, the game ends
    #####:  562:  if (state->supplyCount[province] == 0)
branch  0 never executed
branch  1 never executed
        -:  563:    {
    #####:  564:      return 1;
        -:  565:    }
        -:  566:
        -:  567:  //if three supply pile are at 0, the game ends
    #####:  568:  j = 0;
    #####:  569:  for (i = 0; i < 25; i++)
branch  0 never executed
branch  1 never executed
        -:  570:    {
    #####:  571:      if (state->supplyCount[i] == 0)
branch  0 never executed
branch  1 never executed
        -:  572:	{
    #####:  573:	  j++;
        -:  574:	}
        -:  575:    }
    #####:  576:  if ( j >= 3)
branch  0 never executed
branch  1 never executed
        -:  577:    {
    #####:  578:      return 1;
        -:  579:    }
        -:  580:
    #####:  581:  return 0;
        -:  582:}
        -:  583:
function scoreFor called 0 returned 0% blocks executed 0%
    #####:  584:int scoreFor (int player, struct gameState *state) {
        -:  585:
        -:  586:  int i;
    #####:  587:  int score = 0;
        -:  588:  //score from hand
    #####:  589:  for (i = 0; i < state->handCount[player]; i++)
branch  0 never executed
branch  1 never executed
        -:  590:    {
    #####:  591:      if (state->hand[player][i] == curse) { score = score - 1; };
branch  0 never executed
branch  1 never executed
    #####:  592:      if (state->hand[player][i] == estate) { score = score + 1; };
branch  0 never executed
branch  1 never executed
    #####:  593:      if (state->hand[player][i] == duchy) { score = score + 3; };
branch  0 never executed
branch  1 never executed
    #####:  594:      if (state->hand[player][i] == province) { score = score + 6; };
branch  0 never executed
branch  1 never executed
    #####:  595:      if (state->hand[player][i] == great_hall) { score = score + 1; };
branch  0 never executed
branch  1 never executed
    #####:  596:      if (state->hand[player][i] == gardens) { score = score + ( fullDeckCount(player, 0, state) / 10 ); };
branch  0 never executed
branch  1 never executed
call    2 never executed
        -:  597:    }
        -:  598:
        -:  599:  //score from discard
    #####:  600:  for (i = 0; i < state->discardCount[player]; i++)
branch  0 never executed
branch  1 never executed
        -:  601:    {
    #####:  602:      if (state->discard[player][i] == curse) { score = score - 1; };
branch  0 never executed
branch  1 never executed
    #####:  603:      if (state->discard[player][i] == estate) { score = score + 1; };
branch  0 never executed
branch  1 never executed
    #####:  604:      if (state->discard[player][i] == duchy) { score = score + 3; };
branch  0 never executed
branch  1 never executed
    #####:  605:      if (state->discard[player][i] == province) { score = score + 6; };
branch  0 never executed
branch  1 never executed
    #####:  606:      if (state->discard[player][i] == great_hall) { score = score + 1; };
branch  0 never executed
branch  1 never executed
    #####:  607:      if (state->discard[player][i] == gardens) { score = score + ( fullDeckCount(player, 0, state) / 10 ); };
branch  0 never executed
branch  1 never executed
call    2 never executed
        -:  608:    }
        -:  609:
        -:  610:  //score from deck
    #####:  611:  for (i = 0; i < state->discardCount[player]; i++)
branch  0 never executed
branch  1 never executed
        -:  612:    {
    #####:  613:      if (state->deck[player][i] == curse) { score = score - 1; };
branch  0 never executed
branch  1 never executed
    #####:  614:      if (state->deck[player][i] == estate) { score = score + 1; };
branch  0 never executed
branch  1 never executed
    #####:  615:      if (state->deck[player][i] == duchy) { score = score + 3; };
branch  0 never executed
branch  1 never executed
    #####:  616:      if (state->deck[player][i] == province) { score = score + 6; };
branch  0 never executed
branch  1 never executed
    #####:  617:      if (state->deck[player][i] == great_hall) { score = score + 1; };
branch  0 never executed
branch  1 never executed
    #####:  618:      if (state->deck[player][i] == gardens) { score = score + ( fullDeckCount(player, 0, state) / 10 ); };
branch  0 never executed
branch  1 never executed
call    2 never executed
        -:  619:    }
        -:  620:
    #####:  621:  return score;
        -:  622:}
        -:  623:
function getWinners called 0 returned 0% blocks executed 0%
    #####:  624:int getWinners(int players[MAX_PLAYERS], struct gameState *state) {
        -:  625:  int i;
        -:  626:  int j;
        -:  627:  int highScore;
        -:  628:  int currentPlayer;
        -:  629:
        -:  630:  //get score for each player
    #####:  631:  for (i = 0; i < MAX_PLAYERS; i++)
branch  0 never executed
branch  1 never executed
        -:  632:    {
        -:  633:      //set unused player scores to -9999
    #####:  634:      if (i >= state->numPlayers)
branch  0 never executed
branch  1 never executed
        -:  635:	{
    #####:  636:	  players[i] = -9999;
        -:  637:	}
        -:  638:      else
        -:  639:	{
    #####:  640:	  players[i] = scoreFor (i, state);
call    0 never executed
        -:  641:	}
        -:  642:    }
        -:  643:
        -:  644:  //find highest score
    #####:  645:  j = 0;
    #####:  646:  for (i = 0; i < MAX_PLAYERS; i++)
branch  0 never executed
branch  1 never executed
        -:  647:    {
    #####:  648:      if (players[i] > players[j])
branch  0 never executed
branch  1 never executed
        -:  649:	{
    #####:  650:	  j = i;
        -:  651:	}
        -:  652:    }
    #####:  653:  highScore = players[j];
        -:  654:
        -:  655:  //add 1 to players who had less turns
    #####:  656:  currentPlayer = whoseTurn(state);
call    0 never executed
    #####:  657:  for (i = 0; i < MAX_PLAYERS; i++)
branch  0 never executed
branch  1 never executed
        -:  658:    {
    #####:  659:      if ( players[i] == highScore && i > currentPlayer )
branch  0 never executed
branch  1 never executed
branch  2 never executed
branch  3 never executed
        -:  660:	{
    #####:  661:	  players[i]++;
        -:  662:	}
        -:  663:    }
        -:  664:
        -:  665:  //find new highest score
    #####:  666:  j = 0;
    #####:  667:  for (i = 0; i < MAX_PLAYERS; i++)
branch  0 never executed
branch  1 never executed
        -:  668:    {
    #####:  669:      if ( players[i] > players[j] )
branch  0 never executed
branch  1 never executed
        -:  670:	{
    #####:  671:	  j = i;
        -:  672:	}
        -:  673:    }
    #####:  674:  highScore = players[j];
        -:  675:
        -:  676:  //set winners in array to 1 and rest to 0
    #####:  677:  for (i = 0; i < MAX_PLAYERS; i++)
branch  0 never executed
branch  1 never executed
        -:  678:    {
    #####:  679:      if ( players[i] == highScore )
branch  0 never executed
branch  1 never executed
        -:  680:	{
    #####:  681:	  players[i] = 1;
        -:  682:	}
        -:  683:      else
        -:  684:	{
    #####:  685:	  players[i] = 0;
        -:  686:	}
        -:  687:    }
        -:  688:
    #####:  689:  return 0;
        -:  690:}
        -:  691:
function drawCard called 14732 returned 100% blocks executed 92%
    14732:  692:int drawCard(int player, struct gameState *state)
        -:  693:{	int count;
        -:  694:  int deckCounter;
    14732:  695:  if (state->deckCount[player] <= 0){//Deck is empty
branch  0 taken 3% (fallthrough)
branch  1 taken 97%
        -:  696:
        -:  697:    //Step 1 Shuffle the discard pile back into a deck
        -:  698:    int i;
        -:  699:    //Move discard to deck
     2900:  700:    for (i = 0; i < state->discardCount[player];i++){
branch  0 taken 86%
branch  1 taken 14% (fallthrough)
     2500:  701:      state->deck[player][i] = state->discard[player][i];
     2500:  702:      state->discard[player][i] = -1;
        -:  703:    }
        -:  704:
      400:  705:    state->deckCount[player] = state->discardCount[player];
      400:  706:    state->discardCount[player] = 0;//Reset discard
        -:  707:
        -:  708:    //Shufffle the deck
      400:  709:    shuffle(player, state);//Shuffle the deck up and make it so that we can draw
call    0 returned 100%
        -:  710:
        -:  711:    if (DEBUG){//Debug statements
        -:  712:      printf("Deck count now: %d\n", state->deckCount[player]);
        -:  713:    }
        -:  714:
      400:  715:    state->discardCount[player] = 0;
        -:  716:
        -:  717:    //Step 2 Draw Card
      400:  718:    count = state->handCount[player];//Get current player's hand count
        -:  719:
        -:  720:    if (DEBUG){//Debug statements
        -:  721:      printf("Current hand count: %d\n", count);
        -:  722:    }
        -:  723:
      400:  724:    deckCounter = state->deckCount[player];//Create a holder for the deck count
        -:  725:
      400:  726:    if (deckCounter == 0)
branch  0 taken 0% (fallthrough)
branch  1 taken 100%
    #####:  727:      return -1;
        -:  728:
      400:  729:    state->hand[player][count] = state->deck[player][deckCounter - 1];//Add card to hand
      400:  730:    state->deckCount[player]--;
      400:  731:    state->handCount[player]++;//Increment hand count
        -:  732:  }
        -:  733:
        -:  734:  else{
    14332:  735:    int count = state->handCount[player];//Get current hand count for player
        -:  736:    int deckCounter;
        -:  737:    if (DEBUG){//Debug statements
        -:  738:      printf("Current hand count: %d\n", count);
        -:  739:    }
        -:  740:
    14332:  741:    deckCounter = state->deckCount[player];//Create holder for the deck count
    14332:  742:    state->hand[player][count] = state->deck[player][deckCounter - 1];//Add card to the hand
    14332:  743:    state->deckCount[player]--;
    14332:  744:    state->handCount[player]++;//Increment hand count
        -:  745:  }
        -:  746:
    14732:  747:  return 0;
        -:  748:}
        -:  749:
function getCost called 0 returned 0% blocks executed 0%
    #####:  750:int getCost(int cardNumber)
        -:  751:{
    #####:  752:  switch( cardNumber )
branch  0 never executed
branch  1 never executed
branch  2 never executed
branch  3 never executed
branch  4 never executed
branch  5 never executed
branch  6 never executed
branch  7 never executed
branch  8 never executed
branch  9 never executed
branch 10 never executed
branch 11 never executed
branch 12 never executed
branch 13 never executed
branch 14 never executed
branch 15 never executed
branch 16 never executed
branch 17 never executed
branch 18 never executed
branch 19 never executed
branch 20 never executed
branch 21 never executed
branch 22 never executed
branch 23 never executed
branch 24 never executed
branch 25 never executed
branch 26 never executed
branch 27 never executed
        -:  753:    {
        -:  754:    case curse:
    #####:  755:      return 0;
        -:  756:    case estate:
    #####:  757:      return 2;
        -:  758:    case duchy:
    #####:  759:      return 5;
        -:  760:    case province:
    #####:  761:      return 8;
        -:  762:    case copper:
    #####:  763:      return 0;
        -:  764:    case silver:
    #####:  765:      return 3;
        -:  766:    case gold:
    #####:  767:      return 6;
        -:  768:    case adventurer:
    #####:  769:      return 6;
        -:  770:    case council_room:
    #####:  771:      return 5;
        -:  772:    case feast:
    #####:  773:      return 4;
        -:  774:    case gardens:
    #####:  775:      return 4;
        -:  776:    case mine:
    #####:  777:      return 5;
        -:  778:    case remodel:
    #####:  779:      return 4;
        -:  780:    case smithy:
    #####:  781:      return 4;
        -:  782:    case village:
    #####:  783:      return 3;
        -:  784:    case baron:
    #####:  785:      return 4;
        -:  786:    case great_hall:
    #####:  787:      return 3;
        -:  788:    case minion:
    #####:  789:      return 5;
        -:  790:    case steward:
    #####:  791:      return 3;
        -:  792:    case tribute:
    #####:  793:      return 5;
        -:  794:    case ambassador:
    #####:  795:      return 3;
        -:  796:    case cutpurse:
    #####:  797:      return 4;
        -:  798:    case embargo:
    #####:  799:      return 2;
        -:  800:    case outpost:
    #####:  801:      return 5;
        -:  802:    case salvager:
    #####:  803:      return 4;
        -:  804:    case sea_hag:
    #####:  805:      return 4;
        -:  806:    case treasure_map:
    #####:  807:      return 4;
        -:  808:    }
        -:  809:
    #####:  810:  return -1;
        -:  811:}
        -:  812:
function cardEffect called 0 returned 0% blocks executed 0%
    #####:  813:int cardEffect(int card, int choice1, int choice2, int choice3, struct gameState *state, int handPos, int *bonus)
        -:  814:{
        -:  815:  int i;
        -:  816:  int j;
        -:  817:  int k;
        -:  818:  int x;
        -:  819:  int index;
    #####:  820:  int currentPlayer = whoseTurn(state);
call    0 never executed
    #####:  821:  int nextPlayer = currentPlayer + 1;
        -:  822:
    #####:  823:  int tributeRevealedCards[2] = {-1, -1};
        -:  824:  int temphand[MAX_HAND];// moved above the if statement
    #####:  825:  int drawntreasure=0;
        -:  826:  int cardDrawn;
    #####:  827:  int z = 0;// this is the counter for the temp hand
    #####:  828:  if (nextPlayer > (state->numPlayers - 1)){
branch  0 never executed
branch  1 never executed
    #####:  829:    nextPlayer = 0;
        -:  830:  }
        -:  831:
        -:  832:
        -:  833:
        -:  834:
        -:  835:
        -:  836:
        -:  837:
        -:  838:
        -:  839:
        -:  840:
        -:  841:
        -:  842:
        -:  843:
        -:  844:
        -:  845:
        -:  846:
        -:  847:
        -:  848:
        -:  849:
        -:  850:
        -:  851:  //uses switch to select card and perform actions
    #####:  852:  switch( card )
branch  0 never executed
branch  1 never executed
branch  2 never executed
branch  3 never executed
branch  4 never executed
branch  5 never executed
branch  6 never executed
branch  7 never executed
branch  8 never executed
branch  9 never executed
branch 10 never executed
branch 11 never executed
branch 12 never executed
branch 13 never executed
branch 14 never executed
branch 15 never executed
branch 16 never executed
branch 17 never executed
branch 18 never executed
branch 19 never executed
branch 20 never executed
        -:  853:    {
        -:  854:    case adventurer:
        -:  855:
    #####:  856:    card_Adventurer(state);
call    0 never executed
        -:  857:
        -:  858:
        -:  859:
    #####:  860:      return 0;
        -:  861:
        -:  862:    case council_room:
        -:  863:      //+4 Cards
    #####:  864:    card_Council_Room(state, handPos);
call    0 never executed
        -:  865:
    #####:  866:      return 0;
        -:  867:
        -:  868:
        -:  869:
        -:  870:
        -:  871:
        -:  872:
        -:  873:    case feast:
        -:  874:
        -:  875:
    #####:  876:    card_Feast(state, choice1);
call    0 never executed
        -:  877:
    #####:  878:      return 0;
        -:  879:
        -:  880:    case gardens:
    #####:  881:      return -1;
        -:  882:
        -:  883:    case mine:
    #####:  884:      j = state->hand[currentPlayer][choice1];  //store card we will trash
        -:  885:
    #####:  886:      if (state->hand[currentPlayer][choice1] < copper || state->hand[currentPlayer][choice1] > gold)
branch  0 never executed
branch  1 never executed
branch  2 never executed
branch  3 never executed
        -:  887:	{
    #####:  888:	  return -1;
        -:  889:	}
        -:  890:
    #####:  891:      if (choice2 > treasure_map || choice2 < curse)
branch  0 never executed
branch  1 never executed
branch  2 never executed
branch  3 never executed
        -:  892:	{
    #####:  893:	  return -1;
        -:  894:	}
        -:  895:
    #####:  896:      if ( (getCost(state->hand[currentPlayer][choice1]) + 3) > getCost(choice2) )
call    0 never executed
call    1 never executed
branch  2 never executed
branch  3 never executed
        -:  897:	{
    #####:  898:	  return -1;
        -:  899:	}
        -:  900:
    #####:  901:      gainCard(choice2, state, 2, currentPlayer);
call    0 never executed
        -:  902:
        -:  903:      //discard card from hand
    #####:  904:      discardCard(handPos, currentPlayer, state, 0);
call    0 never executed
        -:  905:
        -:  906:      //discard trashed card
    #####:  907:      for (i = 0; i < state->handCount[currentPlayer]; i++)
branch  0 never executed
branch  1 never executed
        -:  908:	{
    #####:  909:	  if (state->hand[currentPlayer][i] == j)
branch  0 never executed
branch  1 never executed
        -:  910:	    {
    #####:  911:	      discardCard(i, currentPlayer, state, 0);
call    0 never executed
    #####:  912:	      break;
        -:  913:	    }
        -:  914:	}
        -:  915:
    #####:  916:      return 0;
        -:  917:
        -:  918:    case remodel:
    #####:  919:      j = state->hand[currentPlayer][choice1];  //store card we will trash
        -:  920:
    #####:  921:      if ( (getCost(state->hand[currentPlayer][choice1]) + 2) > getCost(choice2) )
call    0 never executed
call    1 never executed
branch  2 never executed
branch  3 never executed
        -:  922:	{
    #####:  923:	  return -1;
        -:  924:	}
        -:  925:
    #####:  926:      gainCard(choice2, state, 0, currentPlayer);
call    0 never executed
        -:  927:
        -:  928:      //discard card from hand
    #####:  929:      discardCard(handPos, currentPlayer, state, 0);
call    0 never executed
        -:  930:
        -:  931:      //discard trashed card
    #####:  932:      for (i = 0; i < state->handCount[currentPlayer]; i++)
branch  0 never executed
branch  1 never executed
        -:  933:	{
    #####:  934:	  if (state->hand[currentPlayer][i] == j)
branch  0 never executed
branch  1 never executed
        -:  935:	    {
    #####:  936:	      discardCard(i, currentPlayer, state, 0);
call    0 never executed
    #####:  937:	      break;
        -:  938:	    }
        -:  939:	}
        -:  940:
        -:  941:
    #####:  942:      return 0;
        -:  943:
        -:  944:    case smithy:
        -:  945:      //+3 Cards
    #####:  946:  card_Smithy(state,handPos);
call    0 never executed
    #####:  947:      return 0;
        -:  948:
        -:  949:    case village:
    #####:  950:        card_Village(state, handPos);
call    0 never executed
    #####:  951:        return 0;
        -:  952:
        -:  953:    case baron:
    #####:  954:      state->numBuys++;//Increase buys by 1!
    #####:  955:      if (choice1 > 0){//Boolean true or going to discard an estate
branch  0 never executed
branch  1 never executed
    #####:  956:	int p = 0;//Iterator for hand!
    #####:  957:	int card_not_discarded = 1;//Flag for discard set!
    #####:  958:	while(card_not_discarded){
branch  0 never executed
branch  1 never executed
    #####:  959:	  if (state->hand[currentPlayer][p] == estate){//Found an estate card!
branch  0 never executed
branch  1 never executed
    #####:  960:	    state->coins += 4;//Add 4 coins to the amount of coins
    #####:  961:	    state->discard[currentPlayer][state->discardCount[currentPlayer]] = state->hand[currentPlayer][p];
    #####:  962:	    state->discardCount[currentPlayer]++;
    #####:  963:	    for (;p < state->handCount[currentPlayer]; p++){
branch  0 never executed
branch  1 never executed
    #####:  964:	      state->hand[currentPlayer][p] = state->hand[currentPlayer][p+1];
        -:  965:	    }
    #####:  966:	    state->hand[currentPlayer][state->handCount[currentPlayer]] = -1;
    #####:  967:	    state->handCount[currentPlayer]--;
    #####:  968:	    card_not_discarded = 0;//Exit the loop
        -:  969:	  }
    #####:  970:	  else if (p > state->handCount[currentPlayer]){
branch  0 never executed
branch  1 never executed
        -:  971:	    if(DEBUG) {
        -:  972:	      printf("No estate cards in your hand, invalid choice\n");
        -:  973:	      printf("Must gain an estate if there are any\n");
        -:  974:	    }
    #####:  975:	    if (supplyCount(estate, state) > 0){
call    0 never executed
branch  1 never executed
branch  2 never executed
    #####:  976:	      gainCard(estate, state, 0, currentPlayer);
call    0 never executed
    #####:  977:	      state->supplyCount[estate]--;//Decrement estates
    #####:  978:	      if (supplyCount(estate, state) == 0){
call    0 never executed
branch  1 never executed
branch  2 never executed
    #####:  979:		isGameOver(state);
call    0 never executed
        -:  980:	      }
        -:  981:	    }
    #####:  982:	    card_not_discarded = 0;//Exit the loop
        -:  983:	  }
        -:  984:
        -:  985:	  else{
    #####:  986:	    p++;//Next card
        -:  987:	  }
        -:  988:	}
        -:  989:      }
        -:  990:
        -:  991:      else{
    #####:  992:	if (supplyCount(estate, state) > 0){
call    0 never executed
branch  1 never executed
branch  2 never executed
    #####:  993:	  gainCard(estate, state, 0, currentPlayer);//Gain an estate
call    0 never executed
    #####:  994:	  state->supplyCount[estate]--;//Decrement Estates
    #####:  995:	  if (supplyCount(estate, state) == 0){
call    0 never executed
branch  1 never executed
branch  2 never executed
    #####:  996:	    isGameOver(state);
call    0 never executed
        -:  997:	  }
        -:  998:	}
        -:  999:      }
        -: 1000:
        -: 1001:
    #####: 1002:      return 0;
        -: 1003:
        -: 1004:    case great_hall:
        -: 1005:      //+1 Card
    #####: 1006:      drawCard(currentPlayer, state);
call    0 never executed
        -: 1007:
        -: 1008:      //+1 Actions
    #####: 1009:      state->numActions++;
        -: 1010:
        -: 1011:      //discard card from hand
    #####: 1012:      discardCard(handPos, currentPlayer, state, 0);
call    0 never executed
    #####: 1013:      return 0;
        -: 1014:
        -: 1015:    case minion:
        -: 1016:      //+1 action
    #####: 1017:      state->numActions++;
        -: 1018:
        -: 1019:      //discard card from hand
    #####: 1020:      discardCard(handPos, currentPlayer, state, 0);
call    0 never executed
        -: 1021:
    #####: 1022:      if (choice1)		//+2 coins
branch  0 never executed
branch  1 never executed
        -: 1023:	{
    #####: 1024:	  state->coins = state->coins + 2;
        -: 1025:	}
        -: 1026:
    #####: 1027:      else if (choice2)		//discard hand, redraw 4, other players with 5+ cards discard hand and draw 4
branch  0 never executed
branch  1 never executed
        -: 1028:	{
        -: 1029:	  //discard hand
    #####: 1030:	  while(numHandCards(state) > 0)
call    0 never executed
branch  1 never executed
branch  2 never executed
        -: 1031:	    {
    #####: 1032:	      discardCard(handPos, currentPlayer, state, 0);
call    0 never executed
        -: 1033:	    }
        -: 1034:
        -: 1035:	  //draw 4
    #####: 1036:	  for (i = 0; i < 4; i++)
branch  0 never executed
branch  1 never executed
        -: 1037:	    {
    #####: 1038:	      drawCard(currentPlayer, state);
call    0 never executed
        -: 1039:	    }
        -: 1040:
        -: 1041:	  //other players discard hand and redraw if hand size > 4
    #####: 1042:	  for (i = 0; i < state->numPlayers; i++)
branch  0 never executed
branch  1 never executed
        -: 1043:	    {
    #####: 1044:	      if (i != currentPlayer)
branch  0 never executed
branch  1 never executed
        -: 1045:		{
    #####: 1046:		  if ( state->handCount[i] > 4 )
branch  0 never executed
branch  1 never executed
        -: 1047:		    {
        -: 1048:		      //discard hand
    #####: 1049:		      while( state->handCount[i] > 0 )
branch  0 never executed
branch  1 never executed
        -: 1050:			{
    #####: 1051:			  discardCard(handPos, i, state, 0);
call    0 never executed
        -: 1052:			}
        -: 1053:
        -: 1054:		      //draw 4
    #####: 1055:		      for (j = 0; j < 4; j++)
branch  0 never executed
branch  1 never executed
        -: 1056:			{
    #####: 1057:			  drawCard(i, state);
call    0 never executed
        -: 1058:			}
        -: 1059:		    }
        -: 1060:		}
        -: 1061:	    }
        -: 1062:
        -: 1063:	}
    #####: 1064:      return 0;
        -: 1065:
        -: 1066:    case steward:
    #####: 1067:      if (choice1 == 1)
branch  0 never executed
branch  1 never executed
        -: 1068:	{
        -: 1069:	  //+2 cards
    #####: 1070:	  drawCard(currentPlayer, state);
call    0 never executed
    #####: 1071:	  drawCard(currentPlayer, state);
call    0 never executed
        -: 1072:	}
    #####: 1073:      else if (choice1 == 2)
branch  0 never executed
branch  1 never executed
        -: 1074:	{
        -: 1075:	  //+2 coins
    #####: 1076:	  state->coins = state->coins + 2;
        -: 1077:	}
        -: 1078:      else
        -: 1079:	{
        -: 1080:	  //trash 2 cards in hand
    #####: 1081:	  discardCard(choice2, currentPlayer, state, 1);
call    0 never executed
    #####: 1082:	  discardCard(choice3, currentPlayer, state, 1);
call    0 never executed
        -: 1083:	}
        -: 1084:
        -: 1085:      //discard card from hand
    #####: 1086:      discardCard(handPos, currentPlayer, state, 0);
call    0 never executed
    #####: 1087:      return 0;
        -: 1088:
        -: 1089:    case tribute:
    #####: 1090:      if ((state->discardCount[nextPlayer] + state->deckCount[nextPlayer]) <= 1){
branch  0 never executed
branch  1 never executed
    #####: 1091:	if (state->deckCount[nextPlayer] > 0){
branch  0 never executed
branch  1 never executed
    #####: 1092:	  tributeRevealedCards[0] = state->deck[nextPlayer][state->deckCount[nextPlayer]-1];
    #####: 1093:	  state->deckCount[nextPlayer]--;
        -: 1094:	}
    #####: 1095:	else if (state->discardCount[nextPlayer] > 0){
branch  0 never executed
branch  1 never executed
    #####: 1096:	  tributeRevealedCards[0] = state->discard[nextPlayer][state->discardCount[nextPlayer]-1];
    #####: 1097:	  state->discardCount[nextPlayer]--;
        -: 1098:	}
        -: 1099:	else{
        -: 1100:	  //No Card to Reveal
        -: 1101:	  if (DEBUG){
        -: 1102:	    printf("No cards to reveal\n");
        -: 1103:	  }
        -: 1104:	}
        -: 1105:      }
        -: 1106:
        -: 1107:      else{
    #####: 1108:	if (state->deckCount[nextPlayer] == 0){
branch  0 never executed
branch  1 never executed
    #####: 1109:	  for (i = 0; i < state->discardCount[nextPlayer]; i++){
branch  0 never executed
branch  1 never executed
    #####: 1110:	    state->deck[nextPlayer][i] = state->discard[nextPlayer][i];//Move to deck
    #####: 1111:	    state->deckCount[nextPlayer]++;
    #####: 1112:	    state->discard[nextPlayer][i] = -1;
    #####: 1113:	    state->discardCount[nextPlayer]--;
        -: 1114:	  }
        -: 1115:
    #####: 1116:	  shuffle(nextPlayer,state);//Shuffle the deck
call    0 never executed
        -: 1117:	}
    #####: 1118:	tributeRevealedCards[0] = state->deck[nextPlayer][state->deckCount[nextPlayer]-1];
    #####: 1119:	state->deck[nextPlayer][state->deckCount[nextPlayer]--] = -1;
    #####: 1120:	state->deckCount[nextPlayer]--;
    #####: 1121:	tributeRevealedCards[1] = state->deck[nextPlayer][state->deckCount[nextPlayer]-1];
    #####: 1122:	state->deck[nextPlayer][state->deckCount[nextPlayer]--] = -1;
    #####: 1123:	state->deckCount[nextPlayer]--;
        -: 1124:      }
        -: 1125:
    #####: 1126:      if (tributeRevealedCards[0] == tributeRevealedCards[1]){//If we have a duplicate card, just drop one
branch  0 never executed
branch  1 never executed
    #####: 1127:	state->playedCards[state->playedCardCount] = tributeRevealedCards[1];
    #####: 1128:	state->playedCardCount++;
    #####: 1129:	tributeRevealedCards[1] = -1;
        -: 1130:      }
        -: 1131:
    #####: 1132:      for (i = 0; i <= 2; i ++){
branch  0 never executed
branch  1 never executed
    #####: 1133:	if (tributeRevealedCards[i] == copper || tributeRevealedCards[i] == silver || tributeRevealedCards[i] == gold){//Treasure cards
branch  0 never executed
branch  1 never executed
branch  2 never executed
branch  3 never executed
branch  4 never executed
branch  5 never executed
    #####: 1134:	  state->coins += 2;
        -: 1135:	}
        -: 1136:
    #####: 1137:	else if (tributeRevealedCards[i] == estate || tributeRevealedCards[i] == duchy || tributeRevealedCards[i] == province || tributeRevealedCards[i] == gardens || tributeRevealedCards[i] == great_hall){//Victory Card Found
branch  0 never executed
branch  1 never executed
branch  2 never executed
branch  3 never executed
branch  4 never executed
branch  5 never executed
branch  6 never executed
branch  7 never executed
branch  8 never executed
branch  9 never executed
    #####: 1138:	  drawCard(currentPlayer, state);
call    0 never executed
    #####: 1139:	  drawCard(currentPlayer, state);
call    0 never executed
        -: 1140:	}
        -: 1141:	else{//Action Card
    #####: 1142:	  state->numActions = state->numActions + 2;
        -: 1143:	}
        -: 1144:      }
        -: 1145:
    #####: 1146:      return 0;
        -: 1147:
        -: 1148:    case ambassador:
    #####: 1149:      j = 0;		//used to check if player has enough cards to discard
        -: 1150:
    #####: 1151:      if (choice2 > 2 || choice2 < 0)
branch  0 never executed
branch  1 never executed
branch  2 never executed
branch  3 never executed
        -: 1152:	{
    #####: 1153:	  return -1;
        -: 1154:	}
        -: 1155:
    #####: 1156:      if (choice1 == handPos)
branch  0 never executed
branch  1 never executed
        -: 1157:	{
    #####: 1158:	  return -1;
        -: 1159:	}
        -: 1160:
    #####: 1161:      for (i = 0; i < state->handCount[currentPlayer]; i++)
branch  0 never executed
branch  1 never executed
        -: 1162:	{
    #####: 1163:	  if (i != handPos && i == state->hand[currentPlayer][choice1] && i != choice1)
branch  0 never executed
branch  1 never executed
branch  2 never executed
branch  3 never executed
branch  4 never executed
branch  5 never executed
        -: 1164:	    {
    #####: 1165:	      j++;
        -: 1166:	    }
        -: 1167:	}
    #####: 1168:      if (j < choice2)
branch  0 never executed
branch  1 never executed
        -: 1169:	{
    #####: 1170:	  return -1;
        -: 1171:	}
        -: 1172:
        -: 1173:      if (DEBUG)
        -: 1174:	printf("Player %d reveals card number: %d\n", currentPlayer, state->hand[currentPlayer][choice1]);
        -: 1175:
        -: 1176:      //increase supply count for choosen card by amount being discarded
    #####: 1177:      state->supplyCount[state->hand[currentPlayer][choice1]] += choice2;
        -: 1178:
        -: 1179:      //each other player gains a copy of revealed card
    #####: 1180:      for (i = 0; i < state->numPlayers; i++)
branch  0 never executed
branch  1 never executed
        -: 1181:	{
    #####: 1182:	  if (i != currentPlayer)
branch  0 never executed
branch  1 never executed
        -: 1183:	    {
    #####: 1184:	      gainCard(state->hand[currentPlayer][choice1], state, 0, i);
call    0 never executed
        -: 1185:	    }
        -: 1186:	}
        -: 1187:
        -: 1188:      //discard played card from hand
    #####: 1189:      discardCard(handPos, currentPlayer, state, 0);
call    0 never executed
        -: 1190:
        -: 1191:      //trash copies of cards returned to supply
    #####: 1192:      for (j = 0; j < choice2; j++)
branch  0 never executed
branch  1 never executed
        -: 1193:	{
    #####: 1194:	  for (i = 0; i < state->handCount[currentPlayer]; i++)
branch  0 never executed
branch  1 never executed
        -: 1195:	    {
    #####: 1196:	      if (state->hand[currentPlayer][i] == state->hand[currentPlayer][choice1])
branch  0 never executed
branch  1 never executed
        -: 1197:		{
    #####: 1198:		  discardCard(i, currentPlayer, state, 1);
call    0 never executed
    #####: 1199:		  break;
        -: 1200:		}
        -: 1201:	    }
        -: 1202:	}
        -: 1203:
    #####: 1204:      return 0;
        -: 1205:
        -: 1206:    case cutpurse:
        -: 1207:
    #####: 1208:      updateCoins(currentPlayer, state, 2);
call    0 never executed
    #####: 1209:      for (i = 0; i < state->numPlayers; i++)
branch  0 never executed
branch  1 never executed
        -: 1210:	{
    #####: 1211:	  if (i != currentPlayer)
branch  0 never executed
branch  1 never executed
        -: 1212:	    {
    #####: 1213:	      for (j = 0; j < state->handCount[i]; j++)
branch  0 never executed
branch  1 never executed
        -: 1214:		{
    #####: 1215:		  if (state->hand[i][j] == copper)
branch  0 never executed
branch  1 never executed
        -: 1216:		    {
    #####: 1217:		      discardCard(j, i, state, 0);
call    0 never executed
    #####: 1218:		      break;
        -: 1219:		    }
    #####: 1220:		  if (j == state->handCount[i])
branch  0 never executed
branch  1 never executed
        -: 1221:		    {
    #####: 1222:		      for (k = 0; k < state->handCount[i]; k++)
branch  0 never executed
branch  1 never executed
        -: 1223:			{
        -: 1224:			  if (DEBUG)
        -: 1225:			    printf("Player %d reveals card number %d\n", i, state->hand[i][k]);
        -: 1226:			}
    #####: 1227:		      break;
        -: 1228:		    }
        -: 1229:		}
        -: 1230:
        -: 1231:	    }
        -: 1232:
        -: 1233:	}
        -: 1234:
        -: 1235:      //discard played card from hand
    #####: 1236:      discardCard(handPos, currentPlayer, state, 0);
call    0 never executed
        -: 1237:
    #####: 1238:      return 0;
        -: 1239:
        -: 1240:
        -: 1241:    case embargo:
        -: 1242:      //+2 Coins
    #####: 1243:      state->coins = state->coins + 2;
        -: 1244:
        -: 1245:      //see if selected pile is in play
    #####: 1246:      if ( state->supplyCount[choice1] == -1 )
branch  0 never executed
branch  1 never executed
        -: 1247:	{
    #####: 1248:	  return -1;
        -: 1249:	}
        -: 1250:
        -: 1251:      //add embargo token to selected supply pile
    #####: 1252:      state->embargoTokens[choice1]++;
        -: 1253:
        -: 1254:      //trash card
    #####: 1255:      discardCard(handPos, currentPlayer, state, 1);
call    0 never executed
    #####: 1256:      return 0;
        -: 1257:
        -: 1258:    case outpost:
        -: 1259:      //set outpost flag
    #####: 1260:      state->outpostPlayed++;
        -: 1261:
        -: 1262:      //discard card
    #####: 1263:      discardCard(handPos, currentPlayer, state, 0);
call    0 never executed
    #####: 1264:      return 0;
        -: 1265:
        -: 1266:    case salvager:
        -: 1267:      //+1 buy
    #####: 1268:      state->numBuys++;
        -: 1269:
    #####: 1270:      if (choice1)
branch  0 never executed
branch  1 never executed
        -: 1271:	{
        -: 1272:	  //gain coins equal to trashed card
    #####: 1273:	  state->coins = state->coins + getCost( handCard(choice1, state) );
call    0 never executed
call    1 never executed
        -: 1274:	  //trash card
    #####: 1275:	  discardCard(choice1, currentPlayer, state, 1);
call    0 never executed
        -: 1276:	}
        -: 1277:
        -: 1278:      //discard card
    #####: 1279:      discardCard(handPos, currentPlayer, state, 0);
call    0 never executed
    #####: 1280:      return 0;
        -: 1281:
        -: 1282:    case sea_hag:
    #####: 1283:      for (i = 0; i < state->numPlayers; i++){
branch  0 never executed
branch  1 never executed
    #####: 1284:	if (i != currentPlayer){
branch  0 never executed
branch  1 never executed
    #####: 1285:	  state->discard[i][state->discardCount[i]] = state->deck[i][state->deckCount[i]--];			    state->deckCount[i]--;
    #####: 1286:	  state->discardCount[i]++;
    #####: 1287:	  state->deck[i][state->deckCount[i]--] = curse;//Top card now a curse
        -: 1288:	}
        -: 1289:      }
    #####: 1290:      return 0;
        -: 1291:
        -: 1292:    case treasure_map:
        -: 1293:      //search hand for another treasure_map
    #####: 1294:      index = -1;
    #####: 1295:      for (i = 0; i < state->handCount[currentPlayer]; i++)
branch  0 never executed
branch  1 never executed
        -: 1296:	{
    #####: 1297:	  if (state->hand[currentPlayer][i] == treasure_map && i != handPos)
branch  0 never executed
branch  1 never executed
branch  2 never executed
branch  3 never executed
        -: 1298:	    {
    #####: 1299:	      index = i;
    #####: 1300:	      break;
        -: 1301:	    }
        -: 1302:	}
    #####: 1303:      if (index > -1)
branch  0 never executed
branch  1 never executed
        -: 1304:	{
        -: 1305:	  //trash both treasure cards
    #####: 1306:	  discardCard(handPos, currentPlayer, state, 1);
call    0 never executed
    #####: 1307:	  discardCard(index, currentPlayer, state, 1);
call    0 never executed
        -: 1308:
        -: 1309:	  //gain 4 Gold cards
    #####: 1310:	  for (i = 0; i < 4; i++)
branch  0 never executed
branch  1 never executed
        -: 1311:	    {
    #####: 1312:	      gainCard(gold, state, 1, currentPlayer);
call    0 never executed
        -: 1313:	    }
        -: 1314:
        -: 1315:	  //return success
    #####: 1316:	  return 1;
        -: 1317:	}
        -: 1318:
        -: 1319:      //no second treasure_map found in hand
    #####: 1320:      return -1;
        -: 1321:    }
        -: 1322:
    #####: 1323:  return -1;
        -: 1324:}
        -: 1325:
function discardCard called 790 returned 100% blocks executed 89%
      790: 1326:int discardCard(int handPos, int currentPlayer, struct gameState *state, int trashFlag)
        -: 1327:{
        -: 1328:
        -: 1329:  //if card is not trashed, added to Played pile
      790: 1330:  if (trashFlag < 1)
branch  0 taken 100% (fallthrough)
branch  1 taken 0%
        -: 1331:    {
        -: 1332:      //add card to played pile
      790: 1333:      state->playedCards[state->playedCardCount] = state->hand[currentPlayer][handPos];
      790: 1334:      state->playedCardCount++;
        -: 1335:    }
        -: 1336:
        -: 1337:  //set played card to -1
      790: 1338:  state->hand[currentPlayer][handPos] = -1;
        -: 1339:
        -: 1340:  //remove card from player's hand
      790: 1341:  if ( handPos == (state->handCount[currentPlayer] - 1) ) 	//last card in hand array is played
branch  0 taken 1% (fallthrough)
branch  1 taken 99%
        -: 1342:    {
        -: 1343:      //reduce number of cards in hand
        4: 1344:      state->handCount[currentPlayer]--;
        -: 1345:    }
      786: 1346:  else if ( state->handCount[currentPlayer] == 1 ) //only one card in hand
branch  0 taken 0% (fallthrough)
branch  1 taken 100%
        -: 1347:    {
        -: 1348:      //reduce number of cards in hand
    #####: 1349:      state->handCount[currentPlayer]--;
        -: 1350:    }
        -: 1351:  else
        -: 1352:    {
        -: 1353:      //replace discarded card with last card in hand
      786: 1354:      state->hand[currentPlayer][handPos] = state->hand[currentPlayer][ (state->handCount[currentPlayer] - 1)];
        -: 1355:      //set last card to -1
      786: 1356:      state->hand[currentPlayer][state->handCount[currentPlayer] - 1] = -1;
        -: 1357:      //reduce number of cards in hand
      786: 1358:      state->handCount[currentPlayer]--;
        -: 1359:    }
        -: 1360:
      790: 1361:  return 0;
        -: 1362:}
        -: 1363:
function gainCard called 0 returned 0% blocks executed 0%
    #####: 1364:int gainCard(int supplyPos, struct gameState *state, int toFlag, int player)
        -: 1365:{
        -: 1366:  //Note: supplyPos is enum of choosen card
        -: 1367:
        -: 1368:  //check if supply pile is empty (0) or card is not used in game (-1)
    #####: 1369:  if ( supplyCount(supplyPos, state) < 1 )
call    0 never executed
branch  1 never executed
branch  2 never executed
        -: 1370:    {
    #####: 1371:      return -1;
        -: 1372:    }
        -: 1373:
        -: 1374:  //added card for [whoseTurn] current player:
        -: 1375:  // toFlag = 0 : add to discard
        -: 1376:  // toFlag = 1 : add to deck
        -: 1377:  // toFlag = 2 : add to hand
        -: 1378:
    #####: 1379:  if (toFlag == 1)
branch  0 never executed
branch  1 never executed
        -: 1380:    {
    #####: 1381:      state->deck[ player ][ state->deckCount[player] ] = supplyPos;
    #####: 1382:      state->deckCount[player]++;
        -: 1383:    }
    #####: 1384:  else if (toFlag == 2)
branch  0 never executed
branch  1 never executed
        -: 1385:    {
    #####: 1386:      state->hand[ player ][ state->handCount[player] ] = supplyPos;
    #####: 1387:      state->handCount[player]++;
        -: 1388:    }
        -: 1389:  else
        -: 1390:    {
    #####: 1391:      state->discard[player][ state->discardCount[player] ] = supplyPos;
    #####: 1392:      state->discardCount[player]++;
        -: 1393:    }
        -: 1394:
        -: 1395:  //decrease number in supply pile
    #####: 1396:  state->supplyCount[supplyPos]--;
        -: 1397:
    #####: 1398:  return 0;
        -: 1399:}
        -: 1400:
function updateCoins called 2522 returned 100% blocks executed 82%
     2522: 1401:int updateCoins(int player, struct gameState *state, int bonus)
        -: 1402:{
        -: 1403:  int i;
        -: 1404:
        -: 1405:  //reset coin count
     2522: 1406:  state->coins = 0;
        -: 1407:
        -: 1408:  //add coins for each Treasure card in player's hand
    15132: 1409:  for (i = 0; i < state->handCount[player]; i++)
branch  0 taken 83%
branch  1 taken 17% (fallthrough)
        -: 1410:    {
    12610: 1411:      if (state->hand[player][i] == copper)
branch  0 taken 69% (fallthrough)
branch  1 taken 31%
        -: 1412:	{
     8710: 1413:	  state->coins += 1;
        -: 1414:	}
     3900: 1415:      else if (state->hand[player][i] == silver)
branch  0 taken 0% (fallthrough)
branch  1 taken 100%
        -: 1416:	{
    #####: 1417:	  state->coins += 2;
        -: 1418:	}
     3900: 1419:      else if (state->hand[player][i] == gold)
branch  0 taken 0% (fallthrough)
branch  1 taken 100%
        -: 1420:	{
    #####: 1421:	  state->coins += 3;
        -: 1422:	}
        -: 1423:    }
        -: 1424:
        -: 1425:  //add bonus
     2522: 1426:  state->coins += bonus;
        -: 1427:
     2522: 1428:  return 0;
        -: 1429:}
        -: 1430:
        -: 1431:
        -: 1432://end of dominion.c
        -: 1433:
