        -:    0:Source:dominion.c
        -:    0:Graph:dominion.gcno
        -:    0:Data:dominion.gcda
        -:    0:Runs:9
        -:    0:Programs:9
        -:    1:#include "dominion.h"
        -:    2:#include "dominion_helpers.h"
        -:    3:#include "rngs.h"
        -:    4:#include <stdio.h>
        -:    5:#include <math.h>
        -:    6:#include <stdlib.h>
        -:    7:
        -:    8:
        -:    9:int smithyCard(int handPos, int currentPlayer, struct gameState *state);
        -:   10:int adventurerCard(int drawntreasure, struct gameState *state, int z, int currentPlayer);
        -:   11:int greatHallCard(int handPos, int currentPlayer, struct gameState *state);
        -:   12:
        -:   13:
function compare called 5573 returned 100% blocks executed 100%
     5573:   14:int compare(const void* a, const void* b) {
     5573:   15:  if (*(int*)a > *(int*)b)
branch  0 taken 45% (fallthrough)
branch  1 taken 55%
     2511:   16:    return 1;
     3062:   17:  if (*(int*)a < *(int*)b)
branch  0 taken 85% (fallthrough)
branch  1 taken 15%
     2599:   18:    return -1;
      463:   19:  return 0;
        -:   20:}
        -:   21:
function newGame called 0 returned 0% blocks executed 0%
    #####:   22:struct gameState* newGame() {
    #####:   23:  struct gameState* g = malloc(sizeof(struct gameState));
    #####:   24:  return g;
        -:   25:}
        -:   26:
function kingdomCards called 0 returned 0% blocks executed 0%
    #####:   27:int* kingdomCards(int k1, int k2, int k3, int k4, int k5, int k6, int k7,
        -:   28:		  int k8, int k9, int k10) {
    #####:   29:  int* k = malloc(10 * sizeof(int));
    #####:   30:  k[0] = k1;
    #####:   31:  k[1] = k2;
    #####:   32:  k[2] = k3;
    #####:   33:  k[3] = k4;
    #####:   34:  k[4] = k5;
    #####:   35:  k[5] = k6;
    #####:   36:  k[6] = k7;
    #####:   37:  k[7] = k8;
    #####:   38:  k[8] = k9;
    #####:   39:  k[9] = k10;
    #####:   40:  return k;
        -:   41:}
        -:   42:
function initializeGame called 17 returned 100% blocks executed 94%
       17:   43:int initializeGame(int numPlayers, int kingdomCards[10], int randomSeed,
        -:   44:		   struct gameState *state) {
        -:   45:
        -:   46:  int i;
        -:   47:  int j;
        -:   48:  int it;			
        -:   49:  //set up random number generator
       17:   50:  SelectStream(1);
call    0 returned 100%
       17:   51:  PutSeed((long)randomSeed);
call    0 returned 100%
        -:   52:  
        -:   53:  //check number of players
       17:   54:  if (numPlayers > MAX_PLAYERS || numPlayers < 2)
branch  0 taken 100% (fallthrough)
branch  1 taken 0%
branch  2 taken 0% (fallthrough)
branch  3 taken 100%
        -:   55:    {
    #####:   56:      return -1;
        -:   57:    }
        -:   58:
        -:   59:  //set number of players
       17:   60:  state->numPlayers = numPlayers;
        -:   61:
        -:   62:  //check selected kingdom cards are different
      187:   63:  for (i = 0; i < 10; i++)
branch  0 taken 91%
branch  1 taken 9% (fallthrough)
        -:   64:    {
     1870:   65:      for (j = 0; j < 10; j++)
branch  0 taken 91%
branch  1 taken 9% (fallthrough)
        -:   66:        {
     1700:   67:	  if (j != i && kingdomCards[j] == kingdomCards[i])
branch  0 taken 90% (fallthrough)
branch  1 taken 10%
branch  2 taken 0% (fallthrough)
branch  3 taken 100%
        -:   68:	    {
    #####:   69:	      return -1;
        -:   70:	    }
        -:   71:        }
        -:   72:    }
        -:   73:
        -:   74:
        -:   75:  //initialize supply
        -:   76:  ///////////////////////////////
        -:   77:
        -:   78:  //set number of Curse cards
       17:   79:  if (numPlayers == 2)
branch  0 taken 76% (fallthrough)
branch  1 taken 24%
        -:   80:    {
       13:   81:      state->supplyCount[curse] = 10;
        -:   82:    }
        4:   83:  else if (numPlayers == 3)
branch  0 taken 0% (fallthrough)
branch  1 taken 100%
        -:   84:    {
    #####:   85:      state->supplyCount[curse] = 20;
        -:   86:    }
        -:   87:  else
        -:   88:    {
        4:   89:      state->supplyCount[curse] = 30;
        -:   90:    }
        -:   91:
        -:   92:  //set number of Victory cards
       17:   93:  if (numPlayers == 2)
branch  0 taken 76% (fallthrough)
branch  1 taken 24%
        -:   94:    {
       13:   95:      state->supplyCount[estate] = 8;
       13:   96:      state->supplyCount[duchy] = 8;
       13:   97:      state->supplyCount[province] = 8;
        -:   98:    }
        -:   99:  else
        -:  100:    {
        4:  101:      state->supplyCount[estate] = 12;
        4:  102:      state->supplyCount[duchy] = 12;
        4:  103:      state->supplyCount[province] = 12;
        -:  104:    }
        -:  105:
        -:  106:  //set number of Treasure cards
       17:  107:  state->supplyCount[copper] = 60 - (7 * numPlayers);
       17:  108:  state->supplyCount[silver] = 40;
       17:  109:  state->supplyCount[gold] = 30;
        -:  110:
        -:  111:  //set number of Kingdom cards
      357:  112:  for (i = adventurer; i <= treasure_map; i++)       	//loop all cards
branch  0 taken 95%
branch  1 taken 5% (fallthrough)
        -:  113:    {
     2805:  114:      for (j = 0; j < 10; j++)           		//loop chosen cards
branch  0 taken 94%
branch  1 taken 6% (fallthrough)
        -:  115:	{
     2635:  116:	  if (kingdomCards[j] == i)
branch  0 taken 6% (fallthrough)
branch  1 taken 94%
        -:  117:	    {
        -:  118:	      //check if card is a 'Victory' Kingdom card
      170:  119:	      if (kingdomCards[j] == great_hall || kingdomCards[j] == gardens)
branch  0 taken 100% (fallthrough)
branch  1 taken 0%
branch  2 taken 8% (fallthrough)
branch  3 taken 92%
        -:  120:		{
       26:  121:		  if (numPlayers == 2){ 
branch  0 taken 69% (fallthrough)
branch  1 taken 31%
        9:  122:		    state->supplyCount[i] = 8; 
        -:  123:		  }
        4:  124:		  else{ state->supplyCount[i] = 12; }
        -:  125:		}
        -:  126:	      else
        -:  127:		{
      157:  128:		  state->supplyCount[i] = 10;
        -:  129:		}
      170:  130:	      break;
        -:  131:	    }
        -:  132:	  else    //card is not in the set choosen for the game
        -:  133:	    {
     2465:  134:	      state->supplyCount[i] = -1;
        -:  135:	    }
        -:  136:	}
        -:  137:
        -:  138:    }
        -:  139:
        -:  140:  ////////////////////////
        -:  141:  //supply intilization complete
        -:  142:
        -:  143:  //set player decks
       59:  144:  for (i = 0; i < numPlayers; i++)
branch  0 taken 71%
branch  1 taken 29% (fallthrough)
        -:  145:    {
       42:  146:      state->deckCount[i] = 0;
      168:  147:      for (j = 0; j < 3; j++)
branch  0 taken 75%
branch  1 taken 25% (fallthrough)
        -:  148:	{
      126:  149:	  state->deck[i][j] = estate;
      126:  150:	  state->deckCount[i]++;
        -:  151:	}
      336:  152:      for (j = 3; j < 10; j++)
branch  0 taken 88%
branch  1 taken 13% (fallthrough)
        -:  153:	{
      294:  154:	  state->deck[i][j] = copper;
      294:  155:	  state->deckCount[i]++;		
        -:  156:	}
        -:  157:    }
        -:  158:
        -:  159:  //shuffle player decks
       59:  160:  for (i = 0; i < numPlayers; i++)
branch  0 taken 71%
branch  1 taken 29% (fallthrough)
        -:  161:    {
       42:  162:      if ( shuffle(i, state) < 0 )
call    0 returned 100%
branch  1 taken 0% (fallthrough)
branch  2 taken 100%
        -:  163:	{
    #####:  164:	  return -1;
        -:  165:	}
        -:  166:    }
        -:  167:
        -:  168:  //draw player hands
       59:  169:  for (i = 0; i < numPlayers; i++)
branch  0 taken 71%
branch  1 taken 29% (fallthrough)
        -:  170:    {  
        -:  171:      //initialize hand size to zero
       42:  172:      state->handCount[i] = 0;
       42:  173:      state->discardCount[i] = 0;
        -:  174:      //draw 5 cards
        -:  175:      // for (j = 0; j < 5; j++)
        -:  176:      //	{
        -:  177:      //	  drawCard(i, state);
        -:  178:      //	}
        -:  179:    }
        -:  180:  
        -:  181:  //set embargo tokens to 0 for all supply piles
      476:  182:  for (i = 0; i <= treasure_map; i++)
branch  0 taken 96%
branch  1 taken 4% (fallthrough)
        -:  183:    {
      459:  184:      state->embargoTokens[i] = 0;
        -:  185:    }
        -:  186:
        -:  187:  //initialize first player's turn
       17:  188:  state->outpostPlayed = 0;
       17:  189:  state->phase = 0;
       17:  190:  state->numActions = 1;
       17:  191:  state->numBuys = 1;
       17:  192:  state->playedCardCount = 0;
       17:  193:  state->whoseTurn = 0;
       17:  194:  state->handCount[state->whoseTurn] = 0;
        -:  195:  //int it; move to top
        -:  196:
        -:  197:  //Moved draw cards to here, only drawing at the start of a turn
      102:  198:  for (it = 0; it < 5; it++){
branch  0 taken 83%
branch  1 taken 17% (fallthrough)
       85:  199:    drawCard(state->whoseTurn, state);
call    0 returned 100%
        -:  200:  }
        -:  201:
       17:  202:  updateCoins(state->whoseTurn, state, 0);
call    0 returned 100%
        -:  203:
       17:  204:  return 0;
        -:  205:}
        -:  206:
function shuffle called 49 returned 100% blocks executed 100%
       49:  207:int shuffle(int player, struct gameState *state) {
        -:  208: 
        -:  209:
        -:  210:  int newDeck[MAX_DECK];
       49:  211:  int newDeckPos = 0;
        -:  212:  int card;
        -:  213:  int i;
        -:  214:
       49:  215:  if (state->deckCount[player] < 1)
branch  0 taken 8% (fallthrough)
branch  1 taken 92%
        4:  216:    return -1;
       45:  217:  qsort ((void*)(state->deck[player]), state->deckCount[player], sizeof(int), compare); 
call    0 returned 100%
        -:  218:  /* SORT CARDS IN DECK TO ENSURE DETERMINISM! */
        -:  219:
     1198:  220:  while (state->deckCount[player] > 0) {
branch  0 taken 96%
branch  1 taken 4% (fallthrough)
     1108:  221:    card = floor(Random() * state->deckCount[player]);
call    0 returned 100%
     1108:  222:    newDeck[newDeckPos] = state->deck[player][card];
     1108:  223:    newDeckPos++;
    67079:  224:    for (i = card; i < state->deckCount[player]-1; i++) {
branch  0 taken 98%
branch  1 taken 2% (fallthrough)
    65971:  225:      state->deck[player][i] = state->deck[player][i+1];
        -:  226:    }
     1108:  227:    state->deckCount[player]--;
        -:  228:  }
     1153:  229:  for (i = 0; i < newDeckPos; i++) {
branch  0 taken 96%
branch  1 taken 4% (fallthrough)
     1108:  230:    state->deck[player][i] = newDeck[i];
     1108:  231:    state->deckCount[player]++;
        -:  232:  }
        -:  233:
       45:  234:  return 0;
        -:  235:}
        -:  236:
function playCard called 0 returned 0% blocks executed 0%
    #####:  237:int playCard(int handPos, int choice1, int choice2, int choice3, struct gameState *state) 
        -:  238:{	
        -:  239:  int card;
    #####:  240:  int coin_bonus = 0; 		//tracks coins gain from actions
        -:  241:
        -:  242:  //check if it is the right phase
    #####:  243:  if (state->phase != 0)
branch  0 never executed
branch  1 never executed
        -:  244:    {
    #####:  245:      return -1;
        -:  246:    }
        -:  247:	
        -:  248:  //check if player has enough actions
    #####:  249:  if ( state->numActions < 1 )
branch  0 never executed
branch  1 never executed
        -:  250:    {
    #####:  251:      return -1;
        -:  252:    }
        -:  253:	
        -:  254:  //get card played
    #####:  255:  card = handCard(handPos, state);
call    0 never executed
        -:  256:	
        -:  257:  //check if selected card is an action
    #####:  258:  if ( card < adventurer || card > treasure_map )
branch  0 never executed
branch  1 never executed
branch  2 never executed
branch  3 never executed
        -:  259:    {
    #####:  260:      return -1;
        -:  261:    }
        -:  262:	
        -:  263:  //play card
    #####:  264:  if ( cardEffect(card, choice1, choice2, choice3, state, handPos, &coin_bonus) < 0 )
call    0 never executed
branch  1 never executed
branch  2 never executed
        -:  265:    {
    #####:  266:      return -1;
        -:  267:    }
        -:  268:	
        -:  269:  //reduce number of actions
    #####:  270:  state->numActions--;
        -:  271:
        -:  272:  //update coins (Treasure cards may be added with card draws)
    #####:  273:  updateCoins(state->whoseTurn, state, coin_bonus);
call    0 never executed
        -:  274:	
    #####:  275:  return 0;
        -:  276:}
        -:  277:
function buyCard called 0 returned 0% blocks executed 0%
    #####:  278:int buyCard(int supplyPos, struct gameState *state) {
        -:  279:  int who;
        -:  280:  if (DEBUG){
        -:  281:    printf("Entering buyCard...\n");
        -:  282:  }
        -:  283:
        -:  284:  // I don't know what to do about the phase thing.
        -:  285:
    #####:  286:  who = state->whoseTurn;
        -:  287:
    #####:  288:  if (state->numBuys < 1){
branch  0 never executed
branch  1 never executed
        -:  289:    if (DEBUG)
        -:  290:      printf("You do not have any buys left\n");
    #####:  291:    return -1;
    #####:  292:  } else if (supplyCount(supplyPos, state) <1){
call    0 never executed
branch  1 never executed
branch  2 never executed
        -:  293:    if (DEBUG)
        -:  294:      printf("There are not any of that type of card left\n");
    #####:  295:    return -1;
    #####:  296:  } else if (state->coins < getCost(supplyPos)){
call    0 never executed
branch  1 never executed
branch  2 never executed
        -:  297:    if (DEBUG) 
        -:  298:      printf("You do not have enough money to buy that. You have %d coins.\n", state->coins);
    #####:  299:    return -1;
        -:  300:  } else {
    #####:  301:    state->phase=1;
        -:  302:    //state->supplyCount[supplyPos]--;
    #####:  303:    gainCard(supplyPos, state, 0, who); //card goes in discard, this might be wrong.. (2 means goes into hand, 0 goes into discard)
call    0 never executed
        -:  304:  
    #####:  305:    state->coins = (state->coins) - (getCost(supplyPos));
call    0 never executed
    #####:  306:    state->numBuys--;
        -:  307:    if (DEBUG)
        -:  308:      printf("You bought card number %d for %d coins. You now have %d buys and %d coins.\n", supplyPos, getCost(supplyPos), state->numBuys, state->coins);
        -:  309:  }
        -:  310:
        -:  311:  //state->discard[who][state->discardCount[who]] = supplyPos;
        -:  312:  //state->discardCount[who]++;
        -:  313:    
    #####:  314:  return 0;
        -:  315:}
        -:  316:
function numHandCards called 0 returned 0% blocks executed 0%
    #####:  317:int numHandCards(struct gameState *state) {
    #####:  318:  return state->handCount[ whoseTurn(state) ];
call    0 never executed
        -:  319:}
        -:  320:
function handCard called 15 returned 100% blocks executed 100%
       15:  321:int handCard(int handPos, struct gameState *state) {
       15:  322:  int currentPlayer = whoseTurn(state);
call    0 returned 100%
       15:  323:  return state->hand[currentPlayer][handPos];
        -:  324:}
        -:  325:
function supplyCount called 0 returned 0% blocks executed 0%
    #####:  326:int supplyCount(int card, struct gameState *state) {
    #####:  327:  return state->supplyCount[card];
        -:  328:}
        -:  329:
function fullDeckCount called 166 returned 100% blocks executed 94%
      166:  330:int fullDeckCount(int player, int card, struct gameState *state) {
        -:  331:  int i;
      166:  332:  int count = 0;
        -:  333:
     1421:  334:  for (i = 0; i < state->deckCount[player]; i++)
branch  0 taken 88%
branch  1 taken 12% (fallthrough)
        -:  335:    {
     1255:  336:      if (state->deck[player][i] == card) count++;
branch  0 taken 37% (fallthrough)
branch  1 taken 63%
        -:  337:    }
        -:  338:
      611:  339:  for (i = 0; i < state->handCount[player]; i++)
branch  0 taken 73%
branch  1 taken 27% (fallthrough)
        -:  340:    {
      445:  341:      if (state->hand[player][i] == card) count++;
branch  0 taken 30% (fallthrough)
branch  1 taken 70%
        -:  342:    }
        -:  343:
      206:  344:  for (i = 0; i < state->discardCount[player]; i++)
branch  0 taken 19%
branch  1 taken 81% (fallthrough)
        -:  345:    {
       40:  346:      if (state->discard[player][i] == card) count++;
branch  0 taken 0% (fallthrough)
branch  1 taken 100%
        -:  347:    }
        -:  348:
      166:  349:  return count;
        -:  350:}
        -:  351:
function whoseTurn called 19 returned 100% blocks executed 100%
       19:  352:int whoseTurn(struct gameState *state) {
       19:  353:  return state->whoseTurn;
        -:  354:}
        -:  355:
function endTurn called 0 returned 0% blocks executed 0%
    #####:  356:int endTurn(struct gameState *state) {
        -:  357:  int k;
        -:  358:  int i;
    #####:  359:  int currentPlayer = whoseTurn(state);
call    0 never executed
        -:  360:  
        -:  361:  //Discard hand
    #####:  362:  for (i = 0; i < state->handCount[currentPlayer]; i++){
branch  0 never executed
branch  1 never executed
    #####:  363:    state->discard[currentPlayer][state->discardCount[currentPlayer]++] = state->hand[currentPlayer][i];//Discard
    #####:  364:    state->hand[currentPlayer][i] = -1;//Set card to -1
        -:  365:  }
    #####:  366:  state->handCount[currentPlayer] = 0;//Reset hand count
        -:  367:    
        -:  368:  //Code for determining the player
    #####:  369:  if (currentPlayer < (state->numPlayers - 1)){ 
branch  0 never executed
branch  1 never executed
    #####:  370:    state->whoseTurn = currentPlayer + 1;//Still safe to increment
        -:  371:  }
        -:  372:  else{
    #####:  373:    state->whoseTurn = 0;//Max player has been reached, loop back around to player 1
        -:  374:  }
        -:  375:
    #####:  376:  state->outpostPlayed = 0;
    #####:  377:  state->phase = 0;
    #####:  378:  state->numActions = 1;
    #####:  379:  state->coins = 0;
    #####:  380:  state->numBuys = 1;
    #####:  381:  state->playedCardCount = 0;
    #####:  382:  state->handCount[state->whoseTurn] = 0;
        -:  383:
        -:  384:  //int k; move to top
        -:  385:  //Next player draws hand
    #####:  386:  for (k = 0; k < 5; k++){
branch  0 never executed
branch  1 never executed
    #####:  387:    drawCard(state->whoseTurn, state);//Draw a card
call    0 never executed
        -:  388:  }
        -:  389:
        -:  390:  //Update money
    #####:  391:  updateCoins(state->whoseTurn, state , 0);
call    0 never executed
        -:  392:
    #####:  393:  return 0;
        -:  394:}
        -:  395:
function isGameOver called 5 returned 100% blocks executed 100%
        5:  396:int isGameOver(struct gameState *state) {
        -:  397:  int i;
        -:  398:  int j;
        -:  399:	
        -:  400:  //if stack of Province cards is empty, the game ends
        5:  401:  if (state->supplyCount[province] == 0)
branch  0 taken 20% (fallthrough)
branch  1 taken 80%
        -:  402:    {
        1:  403:      return 1;
        -:  404:    }
        -:  405:
        -:  406:  //if three supply pile are at 0, the game ends
        4:  407:  j = 0;
      104:  408:  for (i = 0; i < 25; i++)
branch  0 taken 96%
branch  1 taken 4% (fallthrough)
        -:  409:    {
      100:  410:      if (state->supplyCount[i] == 0)
branch  0 taken 7% (fallthrough)
branch  1 taken 93%
        -:  411:	{
        7:  412:	  j++;
        -:  413:	}
        -:  414:    }
        4:  415:  if ( j >= 3)
branch  0 taken 25% (fallthrough)
branch  1 taken 75%
        -:  416:    {
        1:  417:      return 1;
        -:  418:    }
        -:  419:
        3:  420:  return 0;
        -:  421:}
        -:  422:
function scoreFor called 16 returned 100% blocks executed 74%
       16:  423:int scoreFor (int player, struct gameState *state) {
        -:  424:
        -:  425:  int i;
       16:  426:  int score = 0;
        -:  427:  //score from hand
      101:  428:  for (i = 0; i < state->handCount[player]; i++)
branch  0 taken 84%
branch  1 taken 16% (fallthrough)
        -:  429:    {
       85:  430:      if (state->hand[player][i] == curse) { score = score - 1; };
branch  0 taken 0% (fallthrough)
branch  1 taken 100%
       85:  431:      if (state->hand[player][i] == estate) { score = score + 1; };
branch  0 taken 24% (fallthrough)
branch  1 taken 76%
       85:  432:      if (state->hand[player][i] == duchy) { score = score + 3; };
branch  0 taken 0% (fallthrough)
branch  1 taken 100%
       85:  433:      if (state->hand[player][i] == province) { score = score + 6; };
branch  0 taken 24% (fallthrough)
branch  1 taken 76%
       85:  434:      if (state->hand[player][i] == great_hall) { score = score + 1; };
branch  0 taken 0% (fallthrough)
branch  1 taken 100%
       85:  435:      if (state->hand[player][i] == gardens) { score = score + ( fullDeckCount(player, 0, state) / 10 ); };
branch  0 taken 0% (fallthrough)
branch  1 taken 100%
call    2 never executed
        -:  436:    }
        -:  437:
        -:  438:  //score from discard
       96:  439:  for (i = 0; i < state->discardCount[player]; i++)
branch  0 taken 83%
branch  1 taken 17% (fallthrough)
        -:  440:    {
       80:  441:      if (state->discard[player][i] == curse) { score = score - 1; };
branch  0 taken 0% (fallthrough)
branch  1 taken 100%
       80:  442:      if (state->discard[player][i] == estate) { score = score + 1; };
branch  0 taken 25% (fallthrough)
branch  1 taken 75%
       80:  443:      if (state->discard[player][i] == duchy) { score = score + 3; };
branch  0 taken 0% (fallthrough)
branch  1 taken 100%
       80:  444:      if (state->discard[player][i] == province) { score = score + 6; };
branch  0 taken 25% (fallthrough)
branch  1 taken 75%
       80:  445:      if (state->discard[player][i] == great_hall) { score = score + 1; };
branch  0 taken 0% (fallthrough)
branch  1 taken 100%
       80:  446:      if (state->discard[player][i] == gardens) { score = score + ( fullDeckCount(player, 0, state) / 10 ); };
branch  0 taken 0% (fallthrough)
branch  1 taken 100%
call    2 never executed
        -:  447:    }
        -:  448:
        -:  449:  //score from deck
       96:  450:  for (i = 0; i < state->discardCount[player]; i++)
branch  0 taken 83%
branch  1 taken 17% (fallthrough)
        -:  451:    {
       80:  452:      if (state->deck[player][i] == curse) { score = score - 1; };
branch  0 taken 0% (fallthrough)
branch  1 taken 100%
       80:  453:      if (state->deck[player][i] == estate) { score = score + 1; };
branch  0 taken 25% (fallthrough)
branch  1 taken 75%
       80:  454:      if (state->deck[player][i] == duchy) { score = score + 3; };
branch  0 taken 0% (fallthrough)
branch  1 taken 100%
       80:  455:      if (state->deck[player][i] == province) { score = score + 6; };
branch  0 taken 25% (fallthrough)
branch  1 taken 75%
       80:  456:      if (state->deck[player][i] == great_hall) { score = score + 1; };
branch  0 taken 0% (fallthrough)
branch  1 taken 100%
       80:  457:      if (state->deck[player][i] == gardens) { score = score + ( fullDeckCount(player, 0, state) / 10 ); };
branch  0 taken 5% (fallthrough)
branch  1 taken 95%
call    2 returned 100%
        -:  458:    }
        -:  459:
       16:  460:  return score;
        -:  461:}
        -:  462:
function getWinners called 0 returned 0% blocks executed 0%
    #####:  463:int getWinners(int players[MAX_PLAYERS], struct gameState *state) {
        -:  464:  int i;	
        -:  465:  int j;
        -:  466:  int highScore;
        -:  467:  int currentPlayer;
        -:  468:
        -:  469:  //get score for each player
    #####:  470:  for (i = 0; i < MAX_PLAYERS; i++)
branch  0 never executed
branch  1 never executed
        -:  471:    {
        -:  472:      //set unused player scores to -9999
    #####:  473:      if (i >= state->numPlayers)
branch  0 never executed
branch  1 never executed
        -:  474:	{
    #####:  475:	  players[i] = -9999;
        -:  476:	}
        -:  477:      else
        -:  478:	{
    #####:  479:	  players[i] = scoreFor (i, state);
call    0 never executed
        -:  480:	}
        -:  481:    }
        -:  482:
        -:  483:  //find highest score
    #####:  484:  j = 0;
    #####:  485:  for (i = 0; i < MAX_PLAYERS; i++)
branch  0 never executed
branch  1 never executed
        -:  486:    {
    #####:  487:      if (players[i] > players[j])
branch  0 never executed
branch  1 never executed
        -:  488:	{
    #####:  489:	  j = i;
        -:  490:	}
        -:  491:    }
    #####:  492:  highScore = players[j];
        -:  493:
        -:  494:  //add 1 to players who had less turns
    #####:  495:  currentPlayer = whoseTurn(state);
call    0 never executed
    #####:  496:  for (i = 0; i < MAX_PLAYERS; i++)
branch  0 never executed
branch  1 never executed
        -:  497:    {
    #####:  498:      if ( players[i] == highScore && i > currentPlayer )
branch  0 never executed
branch  1 never executed
branch  2 never executed
branch  3 never executed
        -:  499:	{
    #####:  500:	  players[i]++;
        -:  501:	}
        -:  502:    }
        -:  503:
        -:  504:  //find new highest score
    #####:  505:  j = 0;
    #####:  506:  for (i = 0; i < MAX_PLAYERS; i++)
branch  0 never executed
branch  1 never executed
        -:  507:    {
    #####:  508:      if ( players[i] > players[j] )
branch  0 never executed
branch  1 never executed
        -:  509:	{
    #####:  510:	  j = i;
        -:  511:	}
        -:  512:    }
    #####:  513:  highScore = players[j];
        -:  514:
        -:  515:  //set winners in array to 1 and rest to 0
    #####:  516:  for (i = 0; i < MAX_PLAYERS; i++)
branch  0 never executed
branch  1 never executed
        -:  517:    {
    #####:  518:      if ( players[i] == highScore )
branch  0 never executed
branch  1 never executed
        -:  519:	{
    #####:  520:	  players[i] = 1;
        -:  521:	}
        -:  522:      else
        -:  523:	{
    #####:  524:	  players[i] = 0;
        -:  525:	}
        -:  526:    }
        -:  527:
    #####:  528:  return 0;
        -:  529:}
        -:  530:
function drawCard called 2600 returned 100% blocks executed 100%
     2600:  531:int drawCard(int player, struct gameState *state)
        -:  532:{	int count;
        -:  533:  int deckCounter;
     2600:  534:  if (state->deckCount[player] <= 0){//Deck is empty
branch  0 taken 1% (fallthrough)
branch  1 taken 99%
        -:  535:    
        -:  536:    //Step 1 Shuffle the discard pile back into a deck
        -:  537:    int i;
        -:  538:    //Move discard to deck
      694:  539:    for (i = 0; i < state->discardCount[player];i++){
branch  0 taken 99%
branch  1 taken 1% (fallthrough)
      688:  540:      state->deck[player][i] = state->discard[player][i];
      688:  541:      state->discard[player][i] = -1;
        -:  542:    }
        -:  543:
        6:  544:    state->deckCount[player] = state->discardCount[player];
        6:  545:    state->discardCount[player] = 0;//Reset discard
        -:  546:
        -:  547:    //Shufffle the deck
        6:  548:    shuffle(player, state);//Shuffle the deck up and make it so that we can draw
call    0 returned 100%
        -:  549:   
        -:  550:    if (DEBUG){//Debug statements
        -:  551:      printf("Deck count now: %d\n", state->deckCount[player]);
        -:  552:    }
        -:  553:    
        6:  554:    state->discardCount[player] = 0;
        -:  555:
        -:  556:    //Step 2 Draw Card
        6:  557:    count = state->handCount[player];//Get current player's hand count
        -:  558:    
        -:  559:    if (DEBUG){//Debug statements
        -:  560:      printf("Current hand count: %d\n", count);
        -:  561:    }
        -:  562:    
        6:  563:    deckCounter = state->deckCount[player];//Create a holder for the deck count
        -:  564:
        6:  565:    if (deckCounter == 0)
branch  0 taken 50% (fallthrough)
branch  1 taken 50%
        3:  566:      return -1;
        -:  567:
        3:  568:    state->hand[player][count] = state->deck[player][deckCounter - 1];//Add card to hand
        3:  569:    state->deckCount[player]--;
        3:  570:    state->handCount[player]++;//Increment hand count
        -:  571:  }
        -:  572:
        -:  573:  else{
     2594:  574:    int count = state->handCount[player];//Get current hand count for player
        -:  575:    int deckCounter;
        -:  576:    if (DEBUG){//Debug statements
        -:  577:      printf("Current hand count: %d\n", count);
        -:  578:    }
        -:  579:
     2594:  580:    deckCounter = state->deckCount[player];//Create holder for the deck count
     2594:  581:    state->hand[player][count] = state->deck[player][deckCounter - 1];//Add card to the hand
     2594:  582:    state->deckCount[player]--;
     2594:  583:    state->handCount[player]++;//Increment hand count
        -:  584:  }
        -:  585:
     2597:  586:  return 0;
        -:  587:}
        -:  588:
function getCost called 0 returned 0% blocks executed 0%
    #####:  589:int getCost(int cardNumber)
        -:  590:{
    #####:  591:  switch( cardNumber ) 
branch  0 never executed
branch  1 never executed
branch  2 never executed
branch  3 never executed
branch  4 never executed
branch  5 never executed
branch  6 never executed
branch  7 never executed
branch  8 never executed
branch  9 never executed
branch 10 never executed
branch 11 never executed
branch 12 never executed
branch 13 never executed
branch 14 never executed
branch 15 never executed
branch 16 never executed
branch 17 never executed
branch 18 never executed
branch 19 never executed
branch 20 never executed
branch 21 never executed
branch 22 never executed
branch 23 never executed
branch 24 never executed
branch 25 never executed
branch 26 never executed
branch 27 never executed
        -:  592:    {
        -:  593:    case curse:
    #####:  594:      return 0;
        -:  595:    case estate:
    #####:  596:      return 2;
        -:  597:    case duchy:
    #####:  598:      return 5;
        -:  599:    case province:
    #####:  600:      return 8;
        -:  601:    case copper:
    #####:  602:      return 0;
        -:  603:    case silver:
    #####:  604:      return 3;
        -:  605:    case gold:
    #####:  606:      return 6;
        -:  607:    case adventurer:
    #####:  608:      return 6;
        -:  609:    case council_room:
    #####:  610:      return 5;
        -:  611:    case feast:
    #####:  612:      return 4;
        -:  613:    case gardens:
    #####:  614:      return 4;
        -:  615:    case mine:
    #####:  616:      return 5;
        -:  617:    case remodel:
    #####:  618:      return 4;
        -:  619:    case smithy:
    #####:  620:      return 4;
        -:  621:    case village:
    #####:  622:      return 3;
        -:  623:    case baron:
    #####:  624:      return 4;
        -:  625:    case great_hall:
    #####:  626:      return 3;
        -:  627:    case minion:
    #####:  628:      return 5;
        -:  629:    case steward:
    #####:  630:      return 3;
        -:  631:    case tribute:
    #####:  632:      return 5;
        -:  633:    case ambassador:
    #####:  634:      return 3;
        -:  635:    case cutpurse:
    #####:  636:      return 4;
        -:  637:    case embargo: 
    #####:  638:      return 2;
        -:  639:    case outpost:
    #####:  640:      return 5;
        -:  641:    case salvager:
    #####:  642:      return 4;
        -:  643:    case sea_hag:
    #####:  644:      return 4;
        -:  645:    case treasure_map:
    #####:  646:      return 4;
        -:  647:    }
        -:  648:	
    #####:  649:  return -1;
        -:  650:}
        -:  651:
function cardEffect called 4 returned 100% blocks executed 19%
        4:  652:int cardEffect(int card, int choice1, int choice2, int choice3, struct gameState *state, int handPos, int *bonus)
        -:  653:{
        -:  654:  int i;
        -:  655:  int j;
        -:  656:  int k;
        -:  657:  int x;
        -:  658:  int index;
        4:  659:  int currentPlayer = whoseTurn(state);
call    0 returned 100%
        4:  660:  int nextPlayer = currentPlayer + 1;
        -:  661:
        4:  662:  int tributeRevealedCards[2] = {-1, -1};
        -:  663:  int temphand[MAX_HAND];// moved above the if statement
        4:  664:  int drawntreasure=0;
        -:  665:  int cardDrawn;
        4:  666:  int z = 0;// this is the counter for the temp hand
        4:  667:  if (nextPlayer > (state->numPlayers - 1)){
branch  0 taken 0% (fallthrough)
branch  1 taken 100%
    #####:  668:    nextPlayer = 0;
        -:  669:  }
        -:  670:  
        -:  671:	
        -:  672:  //uses switch to select card and perform actions
        4:  673:  switch( card ) 
branch  0 taken 25%
branch  1 taken 0%
branch  2 taken 0%
branch  3 taken 0%
branch  4 taken 0%
branch  5 taken 0%
branch  6 taken 25%
branch  7 taken 0%
branch  8 taken 0%
branch  9 taken 25%
branch 10 taken 0%
branch 11 taken 0%
branch 12 taken 0%
branch 13 taken 25%
        -:  674:    {
        -:  675:    case adventurer:
        1:  676:      adventurerCard(drawntreasure, state, z, currentPlayer);
call    0 returned 100%
        -:  677:
        -:  678:			
        -:  679:    case council_room:
        -:  680:      //+4 Cards
        5:  681:      for (i = 0; i < 4; i++)
branch  0 taken 80%
branch  1 taken 20% (fallthrough)
        -:  682:	{
        4:  683:	  drawCard(currentPlayer, state);
call    0 returned 100%
        -:  684:	}
        -:  685:			
        -:  686:      //+1 Buy
        1:  687:      state->numBuys++;
        -:  688:			
        -:  689:      //Each other player draws a card
        3:  690:      for (i = 0; i < state->numPlayers; i++)
branch  0 taken 67%
branch  1 taken 33% (fallthrough)
        -:  691:	{
        2:  692:	  if ( i != currentPlayer )
branch  0 taken 50% (fallthrough)
branch  1 taken 50%
        -:  693:	    {
        1:  694:	      drawCard(i, state);
call    0 returned 100%
        -:  695:	    }
        -:  696:	}
        -:  697:			
        -:  698:      //put played card in played card pile
        1:  699:      discardCard(handPos, currentPlayer, state, 0);
call    0 returned 100%
        -:  700:			
        1:  701:      return 0;
        -:  702:			
        -:  703:    case feast:
        -:  704:      //gain card with cost up to 5
        -:  705:      //Backup hand
    #####:  706:      for (i = 0; i <= state->handCount[currentPlayer]; i++){
branch  0 never executed
branch  1 never executed
    #####:  707:	temphand[i] = state->hand[currentPlayer][i];//Backup card
    #####:  708:	state->hand[currentPlayer][i] = -1;//Set to nothing
        -:  709:      }
        -:  710:      //Backup hand
        -:  711:
        -:  712:      //Update Coins for Buy
    #####:  713:      updateCoins(currentPlayer, state, 5);
call    0 never executed
    #####:  714:      x = 1;//Condition to loop on
    #####:  715:      while( x == 1) {//Buy one card
branch  0 never executed
branch  1 never executed
    #####:  716:	if (supplyCount(choice1, state) <= 0){
call    0 never executed
branch  1 never executed
branch  2 never executed
        -:  717:	  if (DEBUG)
        -:  718:	    printf("None of that card left, sorry!\n");
        -:  719:
        -:  720:	  if (DEBUG){
        -:  721:	    printf("Cards Left: %d\n", supplyCount(choice1, state));
        -:  722:	  }
        -:  723:	}
    #####:  724:	else if (state->coins < getCost(choice1)){
call    0 never executed
branch  1 never executed
branch  2 never executed
    #####:  725:	  printf("That card is too expensive!\n");
call    0 never executed
        -:  726:
        -:  727:	  if (DEBUG){
        -:  728:	    printf("Coins: %d < %d\n", state->coins, getCost(choice1));
        -:  729:	  }
        -:  730:	}
        -:  731:	else{
        -:  732:
        -:  733:	  if (DEBUG){
        -:  734:	    printf("Deck Count: %d\n", state->handCount[currentPlayer] + state->deckCount[currentPlayer] + state->discardCount[currentPlayer]);
        -:  735:	  }
        -:  736:
    #####:  737:	  gainCard(choice1, state, 0, currentPlayer);//Gain the card
call    0 never executed
    #####:  738:	  x = 0;//No more buying cards
        -:  739:
        -:  740:	  if (DEBUG){
        -:  741:	    printf("Deck Count: %d\n", state->handCount[currentPlayer] + state->deckCount[currentPlayer] + state->discardCount[currentPlayer]);
        -:  742:	  }
        -:  743:
        -:  744:	}
        -:  745:      }     
        -:  746:
        -:  747:      //Reset Hand
    #####:  748:      for (i = 0; i <= state->handCount[currentPlayer]; i++){
branch  0 never executed
branch  1 never executed
    #####:  749:	state->hand[currentPlayer][i] = temphand[i];
    #####:  750:	temphand[i] = -1;
        -:  751:      }
        -:  752:      //Reset Hand
        -:  753:      			
    #####:  754:      return 0;
        -:  755:			
        -:  756:    case gardens:
    #####:  757:      return -1;
        -:  758:			
        -:  759:    case mine:
    #####:  760:      j = state->hand[currentPlayer][choice1];  //store card we will trash
        -:  761:
    #####:  762:      if (state->hand[currentPlayer][choice1] < copper || state->hand[currentPlayer][choice1] > gold)
branch  0 never executed
branch  1 never executed
branch  2 never executed
branch  3 never executed
        -:  763:	{
    #####:  764:	  return -1;
        -:  765:	}
        -:  766:		
    #####:  767:      if (choice2 > treasure_map || choice2 < curse)
branch  0 never executed
branch  1 never executed
branch  2 never executed
branch  3 never executed
        -:  768:	{
    #####:  769:	  return -1;
        -:  770:	}
        -:  771:
    #####:  772:      if ( (getCost(state->hand[currentPlayer][choice1]) + 3) > getCost(choice2) )
call    0 never executed
call    1 never executed
branch  2 never executed
branch  3 never executed
        -:  773:	{
    #####:  774:	  return -1;
        -:  775:	}
        -:  776:
    #####:  777:      gainCard(choice2, state, 2, currentPlayer);
call    0 never executed
        -:  778:
        -:  779:      //discard card from hand
    #####:  780:      discardCard(handPos, currentPlayer, state, 0);
call    0 never executed
        -:  781:
        -:  782:      //discard trashed card
    #####:  783:      for (i = 0; i < state->handCount[currentPlayer]; i++)
branch  0 never executed
branch  1 never executed
        -:  784:	{
    #####:  785:	  if (state->hand[currentPlayer][i] == j)
branch  0 never executed
branch  1 never executed
        -:  786:	    {
    #####:  787:	      discardCard(i, currentPlayer, state, 0);			
call    0 never executed
    #####:  788:	      break;
        -:  789:	    }
        -:  790:	}
        -:  791:			
    #####:  792:      return 0;
        -:  793:			
        -:  794:    case remodel:
    #####:  795:      j = state->hand[currentPlayer][choice1];  //store card we will trash
        -:  796:
    #####:  797:      if ( (getCost(state->hand[currentPlayer][choice1]) + 2) > getCost(choice2) )
call    0 never executed
call    1 never executed
branch  2 never executed
branch  3 never executed
        -:  798:	{
    #####:  799:	  return -1;
        -:  800:	}
        -:  801:
    #####:  802:      gainCard(choice2, state, 0, currentPlayer);
call    0 never executed
        -:  803:
        -:  804:      //discard card from hand
    #####:  805:      discardCard(handPos, currentPlayer, state, 0);
call    0 never executed
        -:  806:
        -:  807:      //discard trashed card
    #####:  808:      for (i = 0; i < state->handCount[currentPlayer]; i++)
branch  0 never executed
branch  1 never executed
        -:  809:	{
    #####:  810:	  if (state->hand[currentPlayer][i] == j)
branch  0 never executed
branch  1 never executed
        -:  811:	    {
    #####:  812:	      discardCard(i, currentPlayer, state, 0);			
call    0 never executed
    #####:  813:	      break;
        -:  814:	    }
        -:  815:	}
        -:  816:
        -:  817:
    #####:  818:      return 0;
        -:  819:		
        -:  820:    case smithy: 
        1:  821:      smithyCard(handPos, currentPlayer, state);
call    0 returned 100%
        -:  822:
        -:  823:		
        -:  824:    case village:
        -:  825:      //+1 Card
        1:  826:      drawCard(currentPlayer, state);
call    0 returned 100%
        -:  827:			
        -:  828:      //+2 Actions
        1:  829:      state->numActions = state->numActions + 2;
        -:  830:			
        -:  831:      //discard played card from hand
        1:  832:      discardCard(handPos, currentPlayer, state, 0);
call    0 returned 100%
        1:  833:      return 0;
        -:  834:		
        -:  835:    case baron:
    #####:  836:      state->numBuys++;//Increase buys by 1!
    #####:  837:      if (choice1 > 0){//Boolean true or going to discard an estate
branch  0 never executed
branch  1 never executed
    #####:  838:	int p = 0;//Iterator for hand!
    #####:  839:	int card_not_discarded = 1;//Flag for discard set!
    #####:  840:	while(card_not_discarded){
branch  0 never executed
branch  1 never executed
    #####:  841:	  if (state->hand[currentPlayer][p] == estate){//Found an estate card!
branch  0 never executed
branch  1 never executed
    #####:  842:	    state->coins += 4;//Add 4 coins to the amount of coins
    #####:  843:	    state->discard[currentPlayer][state->discardCount[currentPlayer]] = state->hand[currentPlayer][p];
    #####:  844:	    state->discardCount[currentPlayer]++;
    #####:  845:	    for (;p < state->handCount[currentPlayer]; p++){
branch  0 never executed
branch  1 never executed
    #####:  846:	      state->hand[currentPlayer][p] = state->hand[currentPlayer][p+1];
        -:  847:	    }
    #####:  848:	    state->hand[currentPlayer][state->handCount[currentPlayer]] = -1;
    #####:  849:	    state->handCount[currentPlayer]--;
    #####:  850:	    card_not_discarded = 0;//Exit the loop
        -:  851:	  }
    #####:  852:	  else if (p > state->handCount[currentPlayer]){
branch  0 never executed
branch  1 never executed
        -:  853:	    if(DEBUG) {
        -:  854:	      printf("No estate cards in your hand, invalid choice\n");
        -:  855:	      printf("Must gain an estate if there are any\n");
        -:  856:	    }
    #####:  857:	    if (supplyCount(estate, state) > 0){
call    0 never executed
branch  1 never executed
branch  2 never executed
    #####:  858:	      gainCard(estate, state, 0, currentPlayer);
call    0 never executed
    #####:  859:	      state->supplyCount[estate]--;//Decrement estates
    #####:  860:	      if (supplyCount(estate, state) == 0){
call    0 never executed
branch  1 never executed
branch  2 never executed
    #####:  861:		isGameOver(state);
call    0 never executed
        -:  862:	      }
        -:  863:	    }
    #####:  864:	    card_not_discarded = 0;//Exit the loop
        -:  865:	  }
        -:  866:			    
        -:  867:	  else{
    #####:  868:	    p++;//Next card
        -:  869:	  }
        -:  870:	}
        -:  871:      }
        -:  872:			    
        -:  873:      else{
    #####:  874:	if (supplyCount(estate, state) > 0){
call    0 never executed
branch  1 never executed
branch  2 never executed
    #####:  875:	  gainCard(estate, state, 0, currentPlayer);//Gain an estate
call    0 never executed
    #####:  876:	  state->supplyCount[estate]--;//Decrement Estates
    #####:  877:	  if (supplyCount(estate, state) == 0){
call    0 never executed
branch  1 never executed
branch  2 never executed
    #####:  878:	    isGameOver(state);
call    0 never executed
        -:  879:	  }
        -:  880:	}
        -:  881:      }
        -:  882:	    
        -:  883:      
    #####:  884:      return 0;
        -:  885:		
        -:  886:    case great_hall:
        1:  887:     return greatHallCard(handPos, currentPlayer, state);
call    0 returned 100%
        -:  888:
        -:  889:		
        -:  890:    case embargo: 
    #####:  891:      embargoCard(handPos, currentPlayer, state, choice1);
call    0 never executed
        -:  892:		
        -:  893:    case sea_hag:
    #####:  894:      for (i = 0; i < state->numPlayers; i++){
branch  0 never executed
branch  1 never executed
    #####:  895:	if (i != currentPlayer){
branch  0 never executed
branch  1 never executed
    #####:  896:	  state->discard[i][state->discardCount[i]] = state->deck[i][state->deckCount[i]--];			    state->deckCount[i]--;
    #####:  897:	  state->discardCount[i]++;
    #####:  898:	  state->deck[i][state->deckCount[i]--] = curse;//Top card now a curse
        -:  899:	}
        -:  900:      }
    #####:  901:      return 0;
        -:  902:		
        -:  903:    case treasure_map:
        -:  904:      //search hand for another treasure_map
    #####:  905:      index = -1;
    #####:  906:      for (i = 0; i < state->handCount[currentPlayer]; i++)
branch  0 never executed
branch  1 never executed
        -:  907:	{
    #####:  908:	  if (state->hand[currentPlayer][i] == treasure_map && i != handPos)
branch  0 never executed
branch  1 never executed
branch  2 never executed
branch  3 never executed
        -:  909:	    {
    #####:  910:	      index = i;
    #####:  911:	      break;
        -:  912:	    }
        -:  913:	}
    #####:  914:      if (index > -1)
branch  0 never executed
branch  1 never executed
        -:  915:	{
        -:  916:	  //trash both treasure cards
    #####:  917:	  discardCard(handPos, currentPlayer, state, 1);
call    0 never executed
    #####:  918:	  discardCard(index, currentPlayer, state, 1);
call    0 never executed
        -:  919:
        -:  920:	  //gain 4 Gold cards
    #####:  921:	  for (i = 0; i < 4; i++)
branch  0 never executed
branch  1 never executed
        -:  922:	    {
    #####:  923:	      gainCard(gold, state, 1, currentPlayer);
call    0 never executed
        -:  924:	    }
        -:  925:				
        -:  926:	  //return success
    #####:  927:	  return 1;
        -:  928:	}
        -:  929:			
        -:  930:      //no second treasure_map found in hand
    #####:  931:      return -1;
        -:  932:    }
        -:  933:	
        1:  934:  return -1;
        -:  935:}
        -:  936:
function discardCard called 2504 returned 100% blocks executed 89%
     2504:  937:int discardCard(int handPos, int currentPlayer, struct gameState *state, int trashFlag)
        -:  938:{
        -:  939:	
        -:  940:  //if card is not trashed, added to Played pile 
     2504:  941:  if (trashFlag < 1)
branch  0 taken 100% (fallthrough)
branch  1 taken 0%
        -:  942:    {
        -:  943:      //add card to played pile
     2504:  944:      state->playedCards[state->playedCardCount] = state->hand[currentPlayer][handPos]; 
     2504:  945:      state->playedCardCount++;
        -:  946:    }
        -:  947:	
        -:  948:  //set played card to -1
     2504:  949:  state->hand[currentPlayer][handPos] = -1;
        -:  950:	
        -:  951:  //remove card from player's hand
     2504:  952:  if ( handPos == (state->handCount[currentPlayer] - 1) ) 	//last card in hand array is played
branch  0 taken 1% (fallthrough)
branch  1 taken 99%
        -:  953:    {
        -:  954:      //reduce number of cards in hand
        5:  955:      state->handCount[currentPlayer]--;
        -:  956:    }
     2499:  957:  else if ( state->handCount[currentPlayer] == 1 ) //only one card in hand
branch  0 taken 0% (fallthrough)
branch  1 taken 100%
        -:  958:    {
        -:  959:      //reduce number of cards in hand
    #####:  960:      state->handCount[currentPlayer]--;
        -:  961:    }
        -:  962:  else 	
        -:  963:    {
        -:  964:      //replace discarded card with last card in hand
     2499:  965:      state->hand[currentPlayer][handPos] = state->hand[currentPlayer][ (state->handCount[currentPlayer] - 1)];
        -:  966:      //set last card to -1
     2499:  967:      state->hand[currentPlayer][state->handCount[currentPlayer] - 1] = -1;
        -:  968:      //reduce number of cards in hand
     2499:  969:      state->handCount[currentPlayer]--;
        -:  970:    }
        -:  971:	
     2504:  972:  return 0;
        -:  973:}
        -:  974:
function gainCard called 0 returned 0% blocks executed 0%
    #####:  975:int gainCard(int supplyPos, struct gameState *state, int toFlag, int player)
        -:  976:{
        -:  977:  //Note: supplyPos is enum of choosen card
        -:  978:	
        -:  979:  //check if supply pile is empty (0) or card is not used in game (-1)
    #####:  980:  if ( supplyCount(supplyPos, state) < 1 )
call    0 never executed
branch  1 never executed
branch  2 never executed
        -:  981:    {
    #####:  982:      return -1;
        -:  983:    }
        -:  984:	
        -:  985:  //added card for [whoseTurn] current player:
        -:  986:  // toFlag = 0 : add to discard
        -:  987:  // toFlag = 1 : add to deck
        -:  988:  // toFlag = 2 : add to hand
        -:  989:
    #####:  990:  if (toFlag == 1)
branch  0 never executed
branch  1 never executed
        -:  991:    {
    #####:  992:      state->deck[ player ][ state->deckCount[player] ] = supplyPos;
    #####:  993:      state->deckCount[player]++;
        -:  994:    }
    #####:  995:  else if (toFlag == 2)
branch  0 never executed
branch  1 never executed
        -:  996:    {
    #####:  997:      state->hand[ player ][ state->handCount[player] ] = supplyPos;
    #####:  998:      state->handCount[player]++;
        -:  999:    }
        -: 1000:  else
        -: 1001:    {
    #####: 1002:      state->discard[player][ state->discardCount[player] ] = supplyPos;
    #####: 1003:      state->discardCount[player]++;
        -: 1004:    }
        -: 1005:	
        -: 1006:  //decrease number in supply pile
    #####: 1007:  state->supplyCount[supplyPos]--;
        -: 1008:	 
    #####: 1009:  return 0;
        -: 1010:}
        -: 1011:
function updateCoins called 17 returned 100% blocks executed 82%
       17: 1012:int updateCoins(int player, struct gameState *state, int bonus)
        -: 1013:{
        -: 1014:  int i;
        -: 1015:	
        -: 1016:  //reset coin count
       17: 1017:  state->coins = 0;
        -: 1018:
        -: 1019:  //add coins for each Treasure card in player's hand
      102: 1020:  for (i = 0; i < state->handCount[player]; i++)
branch  0 taken 83%
branch  1 taken 17% (fallthrough)
        -: 1021:    {
       85: 1022:      if (state->hand[player][i] == copper)
branch  0 taken 80% (fallthrough)
branch  1 taken 20%
        -: 1023:	{
       68: 1024:	  state->coins += 1;
        -: 1025:	}
       17: 1026:      else if (state->hand[player][i] == silver)
branch  0 taken 0% (fallthrough)
branch  1 taken 100%
        -: 1027:	{
    #####: 1028:	  state->coins += 2;
        -: 1029:	}
       17: 1030:      else if (state->hand[player][i] == gold)
branch  0 taken 0% (fallthrough)
branch  1 taken 100%
        -: 1031:	{
    #####: 1032:	  state->coins += 3;
        -: 1033:	}	
        -: 1034:    }	
        -: 1035:
        -: 1036:  //add bonus
       17: 1037:  state->coins += bonus;
        -: 1038:
       17: 1039:  return 0;
        -: 1040:}
        -: 1041:
function smithyCard called 1 returned 100% blocks executed 100%
        1: 1042:int smithyCard(int handPos, int currentPlayer, struct gameState *state) {
        -: 1043:    int i;
        3: 1044:    for (i = 0; i < 2; i++) {
branch  0 taken 67%
branch  1 taken 33% (fallthrough)
        2: 1045:    drawCard(currentPlayer, state);
call    0 returned 100%
        -: 1046:  }
        -: 1047:
        1: 1048:    discardCard(handPos, currentPlayer, state, 0);
call    0 returned 100%
        1: 1049:    return 0;
        -: 1050:}
        -: 1051:
function adventurerCard called 1 returned 100% blocks executed 100%
        1: 1052:int adventurerCard(int drawntreasure, struct gameState *state, int z, int currentPlayer) {
        -: 1053:    int temphand[MAX_HAND];
        8: 1054:    while(drawntreasure<4){
branch  0 taken 86%
branch  1 taken 14% (fallthrough)
        6: 1055:        if (state->deckCount[currentPlayer] <1){
branch  0 taken 17% (fallthrough)
branch  1 taken 83%
        1: 1056:          shuffle(currentPlayer, state);
call    0 returned 100%
        -: 1057:        }
        6: 1058:        drawCard(currentPlayer, state);
call    0 returned 100%
        6: 1059:        int cardDrawn = state->hand[currentPlayer][state->handCount[currentPlayer]-1];
        6: 1060:        if (cardDrawn == copper || cardDrawn == silver)
branch  0 taken 33% (fallthrough)
branch  1 taken 67%
branch  2 taken 0% (fallthrough)
branch  3 taken 100%
        4: 1061:          drawntreasure++;
        -: 1062:        else{
        2: 1063:          temphand[z]=cardDrawn;
        2: 1064:          state->handCount[currentPlayer]--;
        2: 1065:          z++;
        -: 1066:        }
        -: 1067:      }
        4: 1068:    while(z-1>=0){
branch  0 taken 67%
branch  1 taken 33% (fallthrough)
        2: 1069:  state->discard[currentPlayer][state->discardCount[currentPlayer]++]=temphand[z-1];
        2: 1070:  z=z-1;
        -: 1071:    }
        -: 1072:
        1: 1073:    return 0;
        -: 1074:}
        -: 1075:
        -: 1076:
function greatHallCard called 2501 returned 100% blocks executed 100%
     2501: 1077:int greatHallCard(int handPos, int currentPlayer, struct gameState *state)
        -: 1078:{
        -: 1079:   //+1 Card
     2501: 1080:    drawCard(currentPlayer, state);
call    0 returned 100%
        -: 1081:  
     2501: 1082:      state->numActions+=2;
        -: 1083:      
        -: 1084:      //discard card from hand
     2501: 1085:      discardCard(handPos, currentPlayer, state, 0);
call    0 returned 100%
     2501: 1086:    return 0;
        -: 1087:}
        -: 1088:
function embargoCard called 0 returned 0% blocks executed 0%
    #####: 1089:int embargoCard(int handPos, int currentPlayer, struct gameState *state, int choice1) {
        -: 1090:
    #####: 1091:      state->numActions = state->numActions + 2;
        -: 1092:
    #####: 1093:      if ( state->supplyCount[choice1] == -1 )
branch  0 never executed
branch  1 never executed
        -: 1094:  {
    #####: 1095:    return -1;
        -: 1096:  }
        -: 1097:
    #####: 1098:      state->embargoTokens[choice1]++;
        -: 1099:
    #####: 1100:      discardCard(handPos, currentPlayer, state, 0);
call    0 never executed
    #####: 1101:      return 0;
        -: 1102:
        -: 1103:}
        -: 1104:
function minionCard called 0 returned 0% blocks executed 0%
    #####: 1105:int minionCard(int choice1, int choice2, int choice3, int handPos, int currentPlayer, struct gameState *state)
        -: 1106:{
        -: 1107://+1 action
    #####: 1108:   int i = 0;
    #####: 1109:   int j = 0;
    #####: 1110:   state->numActions++;
        -: 1111:      
        -: 1112:      //discard card from hand
    #####: 1113:      discardCard(handPos, currentPlayer, state, 0);
call    0 never executed
        -: 1114:      
    #####: 1115:      if (choice1)    //+2 coins
branch  0 never executed
branch  1 never executed
        -: 1116:  {
    #####: 1117:    state->coins = state->coins + 2;
        -: 1118:  }
        -: 1119:      
    #####: 1120:      else if (choice2)   //discard hand, redraw 4, other players with 5+ cards discard hand and draw 4
branch  0 never executed
branch  1 never executed
        -: 1121:  {
        -: 1122:    //discard hand
    #####: 1123:    while(numHandCards(state) > 0)
call    0 never executed
branch  1 never executed
branch  2 never executed
        -: 1124:      {
    #####: 1125:        discardCard(handPos, currentPlayer, state, 0);
call    0 never executed
        -: 1126:      }
        -: 1127:        
        -: 1128:    //draw 4
    #####: 1129:    for (i = 0; i <= 4; i++)
branch  0 never executed
branch  1 never executed
        -: 1130:      {
    #####: 1131:        drawCard(currentPlayer, state);
call    0 never executed
        -: 1132:      }
        -: 1133:        
        -: 1134:    //other players discard hand and redraw if hand size > 4
    #####: 1135:    for (i = 0; i < state->numPlayers; i++)
branch  0 never executed
branch  1 never executed
        -: 1136:      {
    #####: 1137:        if (i != currentPlayer)
branch  0 never executed
branch  1 never executed
        -: 1138:    {
    #####: 1139:      if ( state->handCount[i] > 4 )
branch  0 never executed
branch  1 never executed
        -: 1140:        {
        -: 1141:          //discard hand
    #####: 1142:          while( state->handCount[i] > 0 )
branch  0 never executed
branch  1 never executed
        -: 1143:      {
    #####: 1144:        discardCard(handPos, i, state, 0);
call    0 never executed
        -: 1145:      }
        -: 1146:              
        -: 1147:          //draw 4
    #####: 1148:          for (j = 0; j <= 4; j++)
branch  0 never executed
branch  1 never executed
        -: 1149:      {
    #####: 1150:        drawCard(i, state);
call    0 never executed
        -: 1151:      }
        -: 1152:        }
        -: 1153:    }
        -: 1154:      }
        -: 1155:        
        -: 1156:  }
    #####: 1157:     return 0;
        -: 1158:}
        -: 1159://end of dominion.c
        -: 1160:
