        -:    0:Source:dominion.c
        -:    0:Graph:dominion.gcno
        -:    0:Data:dominion.gcda
        -:    0:Runs:1
        -:    0:Programs:1
        -:    1:#include "dominion.h"
        -:    2:#include "dominion_helpers.h"
        -:    3:#include "rngs.h"
        -:    4:#include <stdio.h>
        -:    5:#include <math.h>
        -:    6:#include <stdlib.h>
        -:    7:
   241581:    8:int compare(const void* a, const void* b) {
   241581:    9:  if (*(int*)a > *(int*)b)
    98091:   10:    return 1;
   143490:   11:  if (*(int*)a < *(int*)b)
    57973:   12:    return -1;
    85517:   13:  return 0;
        -:   14:}
        -:   15:
    #####:   16:struct gameState* newGame() {
    #####:   17:  struct gameState* g = malloc(sizeof(struct gameState));
    #####:   18:  return g;
        -:   19:}
        -:   20:
    #####:   21:int* kingdomCards(int k1, int k2, int k3, int k4, int k5, int k6, int k7,
        -:   22:		  int k8, int k9, int k10) {
    #####:   23:  int* k = malloc(10 * sizeof(int));
    #####:   24:  k[0] = k1;
    #####:   25:  k[1] = k2;
    #####:   26:  k[2] = k3;
    #####:   27:  k[3] = k4;
    #####:   28:  k[4] = k5;
    #####:   29:  k[5] = k6;
    #####:   30:  k[6] = k7;
    #####:   31:  k[7] = k8;
    #####:   32:  k[8] = k9;
    #####:   33:  k[9] = k10;
    #####:   34:  return k;
        -:   35:}
        -:   36:
     1000:   37:int initializeGame(int numPlayers, int kingdomCards[10], int randomSeed,
        -:   38:		   struct gameState *state) {
        -:   39:
        -:   40:  int i;
        -:   41:  int j;
        -:   42:  int it;			
        -:   43:  //set up random number generator
     1000:   44:  SelectStream(1);
     1000:   45:  PutSeed((long)randomSeed);
        -:   46:  
        -:   47:  //check number of players
     1000:   48:  if (numPlayers > MAX_PLAYERS || numPlayers < 2)
        -:   49:    {
    #####:   50:      return -1;
        -:   51:    }
        -:   52:
        -:   53:  //set number of players
     1000:   54:  state->numPlayers = numPlayers;
        -:   55:
        -:   56:  //check selected kingdom cards are different
    11000:   57:  for (i = 0; i < 10; i++)
        -:   58:    {
   110000:   59:      for (j = 0; j < 10; j++)
        -:   60:        {
   100000:   61:	  if (j != i && kingdomCards[j] == kingdomCards[i])
        -:   62:	    {
    #####:   63:	      return -1;
        -:   64:	    }
        -:   65:        }
        -:   66:    }
        -:   67:
        -:   68:
        -:   69:  //initialize supply
        -:   70:  ///////////////////////////////
        -:   71:
        -:   72:  //set number of Curse cards
     1000:   73:  if (numPlayers == 2)
        -:   74:    {
      243:   75:      state->supplyCount[curse] = 10;
        -:   76:    }
      757:   77:  else if (numPlayers == 3)
        -:   78:    {
      347:   79:      state->supplyCount[curse] = 20;
        -:   80:    }
        -:   81:  else
        -:   82:    {
      410:   83:      state->supplyCount[curse] = 30;
        -:   84:    }
        -:   85:
        -:   86:  //set number of Victory cards
     1000:   87:  if (numPlayers == 2)
        -:   88:    {
      243:   89:      state->supplyCount[estate] = 8;
      243:   90:      state->supplyCount[duchy] = 8;
      243:   91:      state->supplyCount[province] = 8;
        -:   92:    }
        -:   93:  else
        -:   94:    {
      757:   95:      state->supplyCount[estate] = 12;
      757:   96:      state->supplyCount[duchy] = 12;
      757:   97:      state->supplyCount[province] = 12;
        -:   98:    }
        -:   99:
        -:  100:  //set number of Treasure cards
     1000:  101:  state->supplyCount[copper] = 60 - (7 * numPlayers);
     1000:  102:  state->supplyCount[silver] = 40;
     1000:  103:  state->supplyCount[gold] = 30;
        -:  104:
        -:  105:  //set number of Kingdom cards
    21000:  106:  for (i = adventurer; i <= treasure_map; i++)       	//loop all cards
        -:  107:    {
   165000:  108:      for (j = 0; j < 10; j++)           		//loop chosen cards
        -:  109:	{
   155000:  110:	  if (kingdomCards[j] == i)
        -:  111:	    {
        -:  112:	      //check if card is a 'Victory' Kingdom card
    10000:  113:	      if (kingdomCards[j] == great_hall || kingdomCards[j] == gardens)
        -:  114:		{
     2000:  115:		  if (numPlayers == 2){ 
      243:  116:		    state->supplyCount[i] = 8; 
        -:  117:		  }
      757:  118:		  else{ state->supplyCount[i] = 12; }
        -:  119:		}
        -:  120:	      else
        -:  121:		{
     9000:  122:		  state->supplyCount[i] = 10;
        -:  123:		}
    10000:  124:	      break;
        -:  125:	    }
        -:  126:	  else    //card is not in the set choosen for the game
        -:  127:	    {
   145000:  128:	      state->supplyCount[i] = -1;
        -:  129:	    }
        -:  130:	}
        -:  131:
        -:  132:    }
        -:  133:
        -:  134:  ////////////////////////
        -:  135:  //supply intilization complete
        -:  136:
        -:  137:  //set player decks
     4167:  138:  for (i = 0; i < numPlayers; i++)
        -:  139:    {
     3167:  140:      state->deckCount[i] = 0;
    12668:  141:      for (j = 0; j < 3; j++)
        -:  142:	{
     9501:  143:	  state->deck[i][j] = estate;
     9501:  144:	  state->deckCount[i]++;
        -:  145:	}
    25336:  146:      for (j = 3; j < 10; j++)
        -:  147:	{
    22169:  148:	  state->deck[i][j] = copper;
    22169:  149:	  state->deckCount[i]++;		
        -:  150:	}
        -:  151:    }
        -:  152:
        -:  153:  //shuffle player decks
     4167:  154:  for (i = 0; i < numPlayers; i++)
        -:  155:    {
     3167:  156:      if ( shuffle(i, state) < 0 )
        -:  157:	{
    #####:  158:	  return -1;
        -:  159:	}
        -:  160:    }
        -:  161:
        -:  162:  //draw player hands
     4167:  163:  for (i = 0; i < numPlayers; i++)
        -:  164:    {  
        -:  165:      //initialize hand size to zero
     3167:  166:      state->handCount[i] = 0;
     3167:  167:      state->discardCount[i] = 0;
        -:  168:      //draw 5 cards
        -:  169:      // for (j = 0; j < 5; j++)
        -:  170:      //	{
        -:  171:      //	  drawCard(i, state);
        -:  172:      //	}
        -:  173:    }
        -:  174:  
        -:  175:  //set embargo tokens to 0 for all supply piles
    28000:  176:  for (i = 0; i <= treasure_map; i++)
        -:  177:    {
    27000:  178:      state->embargoTokens[i] = 0;
        -:  179:    }
        -:  180:
        -:  181:  //initialize first player's turn
     1000:  182:  state->outpostPlayed = 0;
     1000:  183:  state->phase = 0;
     1000:  184:  state->numActions = 1;
     1000:  185:  state->numBuys = 1;
     1000:  186:  state->playedCardCount = 0;
     1000:  187:  state->whoseTurn = 0;
     1000:  188:  state->handCount[state->whoseTurn] = 0;
        -:  189:  //int it; move to top
        -:  190:
        -:  191:  //Moved draw cards to here, only drawing at the start of a turn
     6000:  192:  for (it = 0; it < 5; it++){
     5000:  193:    drawCard(state->whoseTurn, state);
        -:  194:  }
        -:  195:
     1000:  196:  updateCoins(state->whoseTurn, state, 0);
        -:  197:
     1000:  198:  return 0;
        -:  199:}
        -:  200:
     7264:  201:int shuffle(int player, struct gameState *state) {
        -:  202: 
        -:  203:
        -:  204:  int newDeck[MAX_DECK];
     7264:  205:  int newDeckPos = 0;
        -:  206:  int card;
        -:  207:  int i;
        -:  208:
     7264:  209:  if (state->deckCount[player] < 1)
    #####:  210:    return -1;
     7264:  211:  qsort ((void*)(state->deck[player]), state->deckCount[player], sizeof(int), compare); 
        -:  212:  /* SORT CARDS IN DECK TO ENSURE DETERMINISM! */
        -:  213:
   117378:  214:  while (state->deckCount[player] > 0) {
   102850:  215:    card = floor(Random() * state->deckCount[player]);
   102850:  216:    newDeck[newDeckPos] = state->deck[player][card];
   102850:  217:    newDeckPos++;
   477283:  218:    for (i = card; i < state->deckCount[player]-1; i++) {
   374433:  219:      state->deck[player][i] = state->deck[player][i+1];
        -:  220:    }
   102850:  221:    state->deckCount[player]--;
        -:  222:  }
   110114:  223:  for (i = 0; i < newDeckPos; i++) {
   102850:  224:    state->deck[player][i] = newDeck[i];
   102850:  225:    state->deckCount[player]++;
        -:  226:  }
        -:  227:
     7264:  228:  return 0;
        -:  229:}
        -:  230:
    #####:  231:int playCard(int handPos, int choice1, int choice2, int choice3, struct gameState *state) 
        -:  232:{	
        -:  233:  int card;
    #####:  234:  int coin_bonus = 0; 		//tracks coins gain from actions
        -:  235:
        -:  236:  //check if it is the right phase
    #####:  237:  if (state->phase != 0)
        -:  238:    {
    #####:  239:      return -1;
        -:  240:    }
        -:  241:	
        -:  242:  //check if player has enough actions
    #####:  243:  if ( state->numActions < 1 )
        -:  244:    {
    #####:  245:      return -1;
        -:  246:    }
        -:  247:	
        -:  248:  //get card played
    #####:  249:  card = handCard(handPos, state);
        -:  250:	
        -:  251:  //check if selected card is an action
    #####:  252:  if ( card < adventurer || card > treasure_map )
        -:  253:    {
    #####:  254:      return -1;
        -:  255:    }
        -:  256:	
        -:  257:  //play card
    #####:  258:  if ( cardEffect(card, choice1, choice2, choice3, state, handPos, &coin_bonus) < 0 )
        -:  259:    {
    #####:  260:      return -1;
        -:  261:    }
        -:  262:	
        -:  263:  //reduce number of actions
    #####:  264:  state->numActions--;
        -:  265:
        -:  266:  //update coins (Treasure cards may be added with card draws)
    #####:  267:  updateCoins(state->whoseTurn, state, coin_bonus);
        -:  268:	
    #####:  269:  return 0;
        -:  270:}
        -:  271:
    #####:  272:int buyCard(int supplyPos, struct gameState *state) {
        -:  273:  int who;
        -:  274:  if (DEBUG){
        -:  275:    printf("Entering buyCard...\n");
        -:  276:  }
        -:  277:
        -:  278:  // I don't know what to do about the phase thing.
        -:  279:
    #####:  280:  who = state->whoseTurn;
        -:  281:
    #####:  282:  if (state->numBuys < 1){
        -:  283:    if (DEBUG)
        -:  284:      printf("You do not have any buys left\n");
    #####:  285:    return -1;
    #####:  286:  } else if (supplyCount(supplyPos, state) <1){
        -:  287:    if (DEBUG)
        -:  288:      printf("There are not any of that type of card left\n");
    #####:  289:    return -1;
    #####:  290:  } else if (state->coins < getCost(supplyPos)){
        -:  291:    if (DEBUG) 
        -:  292:      printf("You do not have enough money to buy that. You have %d coins.\n", state->coins);
    #####:  293:    return -1;
        -:  294:  } else {
    #####:  295:    state->phase=1;
        -:  296:    //state->supplyCount[supplyPos]--;
    #####:  297:    gainCard(supplyPos, state, 0, who); //card goes in discard, this might be wrong.. (2 means goes into hand, 0 goes into discard)
        -:  298:  
    #####:  299:    state->coins = (state->coins) - (getCost(supplyPos));
    #####:  300:    state->numBuys--;
        -:  301:    if (DEBUG)
        -:  302:      printf("You bought card number %d for %d coins. You now have %d buys and %d coins.\n", supplyPos, getCost(supplyPos), state->numBuys, state->coins);
        -:  303:  }
        -:  304:
        -:  305:  //state->discard[who][state->discardCount[who]] = supplyPos;
        -:  306:  //state->discardCount[who]++;
        -:  307:    
    #####:  308:  return 0;
        -:  309:}
        -:  310:
    #####:  311:int numHandCards(struct gameState *state) {
    #####:  312:  return state->handCount[ whoseTurn(state) ];
        -:  313:}
        -:  314:
    #####:  315:int handCard(int handPos, struct gameState *state) {
    #####:  316:  int currentPlayer = whoseTurn(state);
    #####:  317:  return state->hand[currentPlayer][handPos];
        -:  318:}
        -:  319:
    31787:  320:int supplyCount(int card, struct gameState *state) {
    31787:  321:  return state->supplyCount[card];
        -:  322:}
        -:  323:
    #####:  324:int fullDeckCount(int player, int card, struct gameState *state) {
        -:  325:  int i;
    #####:  326:  int count = 0;
        -:  327:
    #####:  328:  for (i = 0; i < state->deckCount[player]; i++)
        -:  329:    {
    #####:  330:      if (state->deck[player][i] == card) count++;
        -:  331:    }
        -:  332:
    #####:  333:  for (i = 0; i < state->handCount[player]; i++)
        -:  334:    {
    #####:  335:      if (state->hand[player][i] == card) count++;
        -:  336:    }
        -:  337:
    #####:  338:  for (i = 0; i < state->discardCount[player]; i++)
        -:  339:    {
    #####:  340:      if (state->discard[player][i] == card) count++;
        -:  341:    }
        -:  342:
    #####:  343:  return count;
        -:  344:}
        -:  345:
    19861:  346:int whoseTurn(struct gameState *state) {
    19861:  347:  return state->whoseTurn;
        -:  348:}
        -:  349:
    19453:  350:int endTurn(struct gameState *state) {
        -:  351:  int k;
        -:  352:  int i;
    19453:  353:  int currentPlayer = whoseTurn(state);
        -:  354:  
        -:  355:  //Discard hand
   116718:  356:  for (i = 0; i < state->handCount[currentPlayer]; i++){
    97265:  357:    state->discard[currentPlayer][state->discardCount[currentPlayer]++] = state->hand[currentPlayer][i];//Discard
    97265:  358:    state->hand[currentPlayer][i] = -1;//Set card to -1
        -:  359:  }
    19453:  360:  state->handCount[currentPlayer] = 0;//Reset hand count
        -:  361:    
        -:  362:  //Code for determining the player
    19453:  363:  if (currentPlayer < (state->numPlayers - 1)){ 
    13095:  364:    state->whoseTurn = currentPlayer + 1;//Still safe to increment
        -:  365:  }
        -:  366:  else{
     6358:  367:    state->whoseTurn = 0;//Max player has been reached, loop back around to player 1
        -:  368:  }
        -:  369:
    19453:  370:  state->outpostPlayed = 0;
    19453:  371:  state->phase = 0;
    19453:  372:  state->numActions = 1;
    19453:  373:  state->coins = 0;
    19453:  374:  state->numBuys = 1;
    19453:  375:  state->playedCardCount = 0;
    19453:  376:  state->handCount[state->whoseTurn] = 0;
        -:  377:
        -:  378:  //int k; move to top
        -:  379:  //Next player draws hand
   116718:  380:  for (k = 0; k < 5; k++){
    97265:  381:    drawCard(state->whoseTurn, state);//Draw a card
        -:  382:  }
        -:  383:
        -:  384:  //Update money
    19453:  385:  updateCoins(state->whoseTurn, state , 0);
        -:  386:
    19453:  387:  return 0;
        -:  388:}
        -:  389:
    #####:  390:int isGameOver(struct gameState *state) {
        -:  391:  int i;
        -:  392:  int j;
        -:  393:	
        -:  394:  //if stack of Province cards is empty, the game ends
    #####:  395:  if (state->supplyCount[province] == 0)
        -:  396:    {
    #####:  397:      return 1;
        -:  398:    }
        -:  399:
        -:  400:  //if three supply pile are at 0, the game ends
    #####:  401:  j = 0;
    #####:  402:  for (i = 0; i < 25; i++)
        -:  403:    {
    #####:  404:      if (state->supplyCount[i] == 0)
        -:  405:	{
    #####:  406:	  j++;
        -:  407:	}
        -:  408:    }
    #####:  409:  if ( j >= 3)
        -:  410:    {
    #####:  411:      return 1;
        -:  412:    }
        -:  413:
    #####:  414:  return 0;
        -:  415:}
        -:  416:
    #####:  417:int scoreFor (int player, struct gameState *state) {
        -:  418:
        -:  419:  int i;
    #####:  420:  int score = 0;
        -:  421:  //score from hand
    #####:  422:  for (i = 0; i < state->handCount[player]; i++)
        -:  423:    {
    #####:  424:      if (state->hand[player][i] == curse) { score = score - 1; };
    #####:  425:      if (state->hand[player][i] == estate) { score = score + 1; };
    #####:  426:      if (state->hand[player][i] == duchy) { score = score + 3; };
    #####:  427:      if (state->hand[player][i] == province) { score = score + 6; };
    #####:  428:      if (state->hand[player][i] == great_hall) { score = score + 1; };
    #####:  429:      if (state->hand[player][i] == gardens) { score = score + ( fullDeckCount(player, 0, state) / 10 ); };
        -:  430:    }
        -:  431:
        -:  432:  //score from discard
    #####:  433:  for (i = 0; i < state->discardCount[player]; i++)
        -:  434:    {
    #####:  435:      if (state->discard[player][i] == curse) { score = score - 1; };
    #####:  436:      if (state->discard[player][i] == estate) { score = score + 1; };
    #####:  437:      if (state->discard[player][i] == duchy) { score = score + 3; };
    #####:  438:      if (state->discard[player][i] == province) { score = score + 6; };
    #####:  439:      if (state->discard[player][i] == great_hall) { score = score + 1; };
    #####:  440:      if (state->discard[player][i] == gardens) { score = score + ( fullDeckCount(player, 0, state) / 10 ); };
        -:  441:    }
        -:  442:
        -:  443:  //score from deck
    #####:  444:  for (i = 0; i < state->discardCount[player]; i++)
        -:  445:    {
    #####:  446:      if (state->deck[player][i] == curse) { score = score - 1; };
    #####:  447:      if (state->deck[player][i] == estate) { score = score + 1; };
    #####:  448:      if (state->deck[player][i] == duchy) { score = score + 3; };
    #####:  449:      if (state->deck[player][i] == province) { score = score + 6; };
    #####:  450:      if (state->deck[player][i] == great_hall) { score = score + 1; };
    #####:  451:      if (state->deck[player][i] == gardens) { score = score + ( fullDeckCount(player, 0, state) / 10 ); };
        -:  452:    }
        -:  453:
    #####:  454:  return score;
        -:  455:}
        -:  456:
    #####:  457:int getWinners(int players[MAX_PLAYERS], struct gameState *state) {
        -:  458:  int i;	
        -:  459:  int j;
        -:  460:  int highScore;
        -:  461:  int currentPlayer;
        -:  462:
        -:  463:  //get score for each player
    #####:  464:  for (i = 0; i < MAX_PLAYERS; i++)
        -:  465:    {
        -:  466:      //set unused player scores to -9999
    #####:  467:      if (i >= state->numPlayers)
        -:  468:	{
    #####:  469:	  players[i] = -9999;
        -:  470:	}
        -:  471:      else
        -:  472:	{
    #####:  473:	  players[i] = scoreFor (i, state);
        -:  474:	}
        -:  475:    }
        -:  476:
        -:  477:  //find highest score
    #####:  478:  j = 0;
    #####:  479:  for (i = 0; i < MAX_PLAYERS; i++)
        -:  480:    {
    #####:  481:      if (players[i] > players[j])
        -:  482:	{
    #####:  483:	  j = i;
        -:  484:	}
        -:  485:    }
    #####:  486:  highScore = players[j];
        -:  487:
        -:  488:  //add 1 to players who had less turns
    #####:  489:  currentPlayer = whoseTurn(state);
    #####:  490:  for (i = 0; i < MAX_PLAYERS; i++)
        -:  491:    {
    #####:  492:      if ( players[i] == highScore && i > currentPlayer )
        -:  493:	{
    #####:  494:	  players[i]++;
        -:  495:	}
        -:  496:    }
        -:  497:
        -:  498:  //find new highest score
    #####:  499:  j = 0;
    #####:  500:  for (i = 0; i < MAX_PLAYERS; i++)
        -:  501:    {
    #####:  502:      if ( players[i] > players[j] )
        -:  503:	{
    #####:  504:	  j = i;
        -:  505:	}
        -:  506:    }
    #####:  507:  highScore = players[j];
        -:  508:
        -:  509:  //set winners in array to 1 and rest to 0
    #####:  510:  for (i = 0; i < MAX_PLAYERS; i++)
        -:  511:    {
    #####:  512:      if ( players[i] == highScore )
        -:  513:	{
    #####:  514:	  players[i] = 1;
        -:  515:	}
        -:  516:      else
        -:  517:	{
    #####:  518:	  players[i] = 0;
        -:  519:	}
        -:  520:    }
        -:  521:
    #####:  522:  return 0;
        -:  523:}
        -:  524:
   105177:  525:int drawCard(int player, struct gameState *state)
        -:  526:{	int count;
        -:  527:  int deckCounter;
   105177:  528:  if (state->deckCount[player] <= 0){//Deck is empty
        -:  529:    
        -:  530:    //Step 1 Shuffle the discard pile back into a deck
        -:  531:    int i;
        -:  532:    //Move discard to deck
    75277:  533:    for (i = 0; i < state->discardCount[player];i++){
    71180:  534:      state->deck[player][i] = state->discard[player][i];
    71180:  535:      state->discard[player][i] = -1;
        -:  536:    }
        -:  537:
     4097:  538:    state->deckCount[player] = state->discardCount[player];
     4097:  539:    state->discardCount[player] = 0;//Reset discard
        -:  540:
        -:  541:    //Shufffle the deck
     4097:  542:    shuffle(player, state);//Shuffle the deck up and make it so that we can draw
        -:  543:   
        -:  544:    if (DEBUG){//Debug statements
        -:  545:      printf("Deck count now: %d\n", state->deckCount[player]);
        -:  546:    }
        -:  547:    
     4097:  548:    state->discardCount[player] = 0;
        -:  549:
        -:  550:    //Step 2 Draw Card
     4097:  551:    count = state->handCount[player];//Get current player's hand count
        -:  552:    
        -:  553:    if (DEBUG){//Debug statements
        -:  554:      printf("Current hand count: %d\n", count);
        -:  555:    }
        -:  556:    
     4097:  557:    deckCounter = state->deckCount[player];//Create a holder for the deck count
        -:  558:
     4097:  559:    if (deckCounter == 0)
    #####:  560:      return -1;
        -:  561:
     4097:  562:    state->hand[player][count] = state->deck[player][deckCounter - 1];//Add card to hand
     4097:  563:    state->deckCount[player]--;
     4097:  564:    state->handCount[player]++;//Increment hand count
        -:  565:  }
        -:  566:
        -:  567:  else{
   101080:  568:    int count = state->handCount[player];//Get current hand count for player
        -:  569:    int deckCounter;
        -:  570:    if (DEBUG){//Debug statements
        -:  571:      printf("Current hand count: %d\n", count);
        -:  572:    }
        -:  573:
   101080:  574:    deckCounter = state->deckCount[player];//Create holder for the deck count
   101080:  575:    state->hand[player][count] = state->deck[player][deckCounter - 1];//Add card to the hand
   101080:  576:    state->deckCount[player]--;
   101080:  577:    state->handCount[player]++;//Increment hand count
        -:  578:  }
        -:  579:
   105177:  580:  return 0;
        -:  581:}
        -:  582:
    #####:  583:int getCost(int cardNumber)
        -:  584:{
    #####:  585:  switch( cardNumber ) 
        -:  586:    {
        -:  587:    case curse:
    #####:  588:      return 0;
        -:  589:    case estate:
    #####:  590:      return 2;
        -:  591:    case duchy:
    #####:  592:      return 5;
        -:  593:    case province:
    #####:  594:      return 8;
        -:  595:    case copper:
    #####:  596:      return 0;
        -:  597:    case silver:
    #####:  598:      return 3;
        -:  599:    case gold:
    #####:  600:      return 6;
        -:  601:    case adventurer:
    #####:  602:      return 6;
        -:  603:    case council_room:
    #####:  604:      return 5;
        -:  605:    case feast:
    #####:  606:      return 4;
        -:  607:    case gardens:
    #####:  608:      return 4;
        -:  609:    case mine:
    #####:  610:      return 5;
        -:  611:    case remodel:
    #####:  612:      return 4;
        -:  613:    case smithy:
    #####:  614:      return 4;
        -:  615:    case village:
    #####:  616:      return 3;
        -:  617:    case baron:
    #####:  618:      return 4;
        -:  619:    case great_hall:
    #####:  620:      return 3;
        -:  621:    case minion:
    #####:  622:      return 5;
        -:  623:    case steward:
    #####:  624:      return 3;
        -:  625:    case tribute:
    #####:  626:      return 5;
        -:  627:    case ambassador:
    #####:  628:      return 3;
        -:  629:    case cutpurse:
    #####:  630:      return 4;
        -:  631:    case embargo: 
    #####:  632:      return 2;
        -:  633:    case outpost:
    #####:  634:      return 5;
        -:  635:    case salvager:
    #####:  636:      return 4;
        -:  637:    case sea_hag:
    #####:  638:      return 4;
        -:  639:    case treasure_map:
    #####:  640:      return 4;
        -:  641:    }
        -:  642:	
    #####:  643:  return -1;
        -:  644:}
        -:  645:
    #####:  646:int playAdventurer(int drawntreasure, int currentPlayer, struct gameState *state, int *temphand){
    #####:  647:   int z=0, cardDrawn,i=0;
        -:  648:   for(;;){
    #####:  649:      if (state->deckCount[currentPlayer] <1){//if the deck is empty we need to shuffle discard and add to deck
    #####:  650:         shuffle(currentPlayer, state);
        -:  651:      }
        -:  652:
    #####:  653:      drawCard(currentPlayer, state);
    #####:  654:      cardDrawn = state->hand[currentPlayer][state->handCount[currentPlayer]-1];//top card of hand is most recently drawn card.
    #####:  655:      if (cardDrawn == copper || cardDrawn == silver || cardDrawn == gold)
    #####:  656:         if (++drawntreasure > 2) break;
        -:  657:      else{
    #####:  658:         temphand[++z]=cardDrawn;
    #####:  659:         state->handCount[currentPlayer]--; //this should just remove the top card (the most recently drawn one).
        -:  660:      }
        -:  661:		
    #####:  662:		i++;
    #####:  663:		if (i == MAX_HAND) break;
    #####:  664:   }
        -:  665:   
        -:  666:   for(;;){
    #####:  667:      state->discard[currentPlayer][state->discardCount[currentPlayer]++]=temphand[z-1]; // discard all cards in play that have been drawn
    #####:  668:      --z;
    #####:  669:      if (z<1) break;
    #####:  670:   }
        -:  671:
    #####:  672:   return 0;
        -:  673:}
        -:  674:
      408:  675:int playSmithy(int currentPlayer, struct gameState *state, int handPos){
        -:  676:   //+3 Cards
        -:  677:   int i;
      408:  678:   for (i = 0; i < 3; i++);
      408:  679:	  drawCard(currentPlayer, state);
        -:  680:			
        -:  681:   //discard card from hand
      408:  682:   discardCard(handPos, currentPlayer, state, 0);
        -:  683:
      408:  684:   return 0;
        -:  685:}
        -:  686:
      408:  687:int playVillage(int currentPlayer, struct gameState *state, int handPos){
        -:  688:
        -:  689:   //+1 Card
      408:  690:   drawCard(currentPlayer, state);
        -:  691:      
        -:  692:   //+2 Actions
      408:  693:   state->numActions = state->numActions + 2;
        -:  694:			
        -:  695:   //discard played card from hand
      408:  696:   discardCard(handPos, currentPlayer, state, 0);
      408:  697:   return 0;
        -:  698:}
        -:  699:
    #####:  700:int playFeast(struct gameState *state, int currentPlayer, int *temphand, int choice1){
        -:  701:   //gain card with cost up to 5
        -:  702:   //Backup hand
        -:  703:   int i;
    #####:  704:   for (i = 0; i < state->handCount[currentPlayer]; ++i){
    #####:  705:      temphand[i] = state->hand[currentPlayer][i];//Backup card
    #####:  706:      state->hand[currentPlayer][i] = -1;//Set to nothing
        -:  707:   }
        -:  708:   //Backup hand
        -:  709:
        -:  710:   //Update Coins for Buy
    #####:  711:   updateCoins(currentPlayer, state, 5);
        -:  712:   for(;;){
    #####:  713:      if (supplyCount(choice1, state) >= 0){
        -:  714:         if (DEBUG)
        -:  715:            printf("None of that card left, sorry!\n");
        -:  716:
        -:  717:         if (DEBUG){
        -:  718:            printf("Cards Left: %d\n", supplyCount(choice1, state));
        -:  719:         }
        -:  720:      }
    #####:  721:      else if (state->coins - getCost(choice1) < 0){
    #####:  722:      printf("That card is too expensive!\n");
        -:  723:
        -:  724:         if (DEBUG){
        -:  725:            printf("Coins: %d < %d\n", state->coins, getCost(choice1));
        -:  726:         }
        -:  727:      }
        -:  728:      else{
        -:  729:
        -:  730:         if (DEBUG){
        -:  731:            printf("Deck Count: %d\n", state->handCount[currentPlayer] + state->deckCount[currentPlayer] + state->discardCount[currentPlayer]);
        -:  732:         }
        -:  733:
    #####:  734:         gainCard(choice1, state, 0, currentPlayer);//Gain the card
        -:  735:
        -:  736:         if (DEBUG){
        -:  737:            printf("Deck Count: %d\n", state->handCount[currentPlayer] + state->deckCount[currentPlayer] + state->discardCount[currentPlayer]);
        -:  738:         }
    #####:  739:         break;
        -:  740:
        -:  741:      }
    #####:  742:   }     
        -:  743:
        -:  744:   //Reset Hand
    #####:  745:   for (i = 0; i <= state->handCount[currentPlayer]; i++){
    #####:  746:      state->hand[currentPlayer][i] = temphand[i];
    #####:  747:      temphand[i] = -1;
        -:  748:   }
        -:  749:   //Reset Hand
        -:  750:                  
    #####:  751:   return 0;
        -:  752:}
        -:  753:
    #####:  754:int playCouncil_room(int currentPlayer, struct gameState *state, int handpos){
        -:  755:
        -:  756:   int i;
        -:  757:   //+4 Cards
    #####:  758:   for (i = 0; i < 4; ++i)
    #####:  759:	  drawCard(currentPlayer, state);
        -:  760:			
        -:  761:   //+1 Buy
    #####:  762:   state->numBuys = state->numBuys + 1;
        -:  763:			
        -:  764:   //Each other player draws a card
    #####:  765:   for (i = 0; i < state->numPlayers; ++i)
    #####:  766:	  if ( i != currentPlayer )
    #####:  767:	      drawCard(i, state);
        -:  768:
    #####:  769:   return 0;
        -:  770:}
        -:  771:
      408:  772:int cardEffect(int card, int choice1, int choice2, int choice3, struct gameState *state, int handPos, int *bonus)
        -:  773:{
        -:  774:  int i;
        -:  775:  int j;
        -:  776:  int k;
        -:  777:  int x;
        -:  778:  int index;
      408:  779:  int currentPlayer = whoseTurn(state);
      408:  780:  int nextPlayer = currentPlayer + 1;
        -:  781:
      408:  782:  int tributeRevealedCards[2] = {-1, -1};
        -:  783:  int temphand[MAX_HAND];// moved above the if statement
      408:  784:  int drawntreasure=0;
        -:  785:  int cardDrawn;
      408:  786:  int z = 0;// this is the counter for the temp hand
        -:  787:
        -:  788:
      408:  789:  if (nextPlayer > (state->numPlayers - 1)){
      116:  790:    nextPlayer = 0;
        -:  791:  }
        -:  792:  
        -:  793:	
        -:  794:  //uses switch to select card and perform actions
      408:  795:  switch( card ) 
        -:  796:    {
        -:  797:    case adventurer:
    #####:  798:       playAdventurer(drawntreasure, currentPlayer, state, temphand);
    #####:  799:       break;
        -:  800:			
        -:  801:    case council_room:
    #####:  802:       playCouncil_room(currentPlayer, state, handPos);
    #####:  803:       break;
        -:  804:			
        -:  805:    case feast:
    #####:  806:      playFeast(state, currentPlayer, temphand, choice1);
    #####:  807:      break;
        -:  808:			
        -:  809:    case gardens:
    #####:  810:      return -1;
        -:  811:			
        -:  812:    case mine:
    #####:  813:      j = state->hand[currentPlayer][choice1];  //store card we will trash
        -:  814:
    #####:  815:      if (state->hand[currentPlayer][choice1] < copper || state->hand[currentPlayer][choice1] > gold)
        -:  816:	{
    #####:  817:	  return -1;
        -:  818:	}
        -:  819:		
    #####:  820:      if (choice2 > treasure_map || choice2 < curse)
        -:  821:	{
    #####:  822:	  return -1;
        -:  823:	}
        -:  824:
    #####:  825:      if ( (getCost(state->hand[currentPlayer][choice1]) + 3) > getCost(choice2) )
        -:  826:	{
    #####:  827:	  return -1;
        -:  828:	}
        -:  829:
    #####:  830:      gainCard(choice2, state, 2, currentPlayer);
        -:  831:
        -:  832:      //discard card from hand
    #####:  833:      discardCard(handPos, currentPlayer, state, 0);
        -:  834:
        -:  835:      //discard trashed card
    #####:  836:      for (i = 0; i < state->handCount[currentPlayer]; i++)
        -:  837:	{
    #####:  838:	  if (state->hand[currentPlayer][i] == j)
        -:  839:	    {
    #####:  840:	      discardCard(i, currentPlayer, state, 0);			
    #####:  841:	      break;
        -:  842:	    }
        -:  843:	}
        -:  844:			
    #####:  845:      return 0;
        -:  846:			
        -:  847:    case remodel:
    #####:  848:      j = state->hand[currentPlayer][choice1];  //store card we will trash
        -:  849:
    #####:  850:      if ( (getCost(state->hand[currentPlayer][choice1]) + 2) > getCost(choice2) )
        -:  851:	{
    #####:  852:	  return -1;
        -:  853:	}
        -:  854:
    #####:  855:      gainCard(choice2, state, 0, currentPlayer);
        -:  856:
        -:  857:      //discard card from hand
    #####:  858:      discardCard(handPos, currentPlayer, state, 0);
        -:  859:
        -:  860:      //discard trashed card
    #####:  861:      for (i = 0; i < state->handCount[currentPlayer]; i++)
        -:  862:	{
    #####:  863:	  if (state->hand[currentPlayer][i] == j)
        -:  864:	    {
    #####:  865:	      discardCard(i, currentPlayer, state, 0);			
    #####:  866:	      break;
        -:  867:	    }
        -:  868:	}
        -:  869:
    #####:  870:      return 0;
        -:  871:		
        -:  872:    case smithy:
      408:  873:      playSmithy(currentPlayer, state, handPos);
        -:  874:		
        -:  875:    case village:
      408:  876:      playVillage(currentPlayer, state, handPos);
      408:  877:      break;
        -:  878:		
        -:  879:    case baron:
    #####:  880:      state->numBuys++;//Increase buys by 1!
    #####:  881:      if (choice1 > 0){//Boolean true or going to discard an estate
    #####:  882:	int p = 0;//Iterator for hand!
    #####:  883:	int card_not_discarded = 1;//Flag for discard set!
    #####:  884:	while(card_not_discarded){
    #####:  885:	  if (state->hand[currentPlayer][p] == estate){//Found an estate card!
    #####:  886:	    state->coins += 4;//Add 4 coins to the amount of coins
    #####:  887:	    state->discard[currentPlayer][state->discardCount[currentPlayer]] = state->hand[currentPlayer][p];
    #####:  888:	    state->discardCount[currentPlayer]++;
    #####:  889:	    for (;p < state->handCount[currentPlayer]; p++){
    #####:  890:	      state->hand[currentPlayer][p] = state->hand[currentPlayer][p+1];
        -:  891:	    }
    #####:  892:	    state->hand[currentPlayer][state->handCount[currentPlayer]] = -1;
    #####:  893:	    state->handCount[currentPlayer]--;
    #####:  894:	    card_not_discarded = 0;//Exit the loop
        -:  895:	  }
    #####:  896:	  else if (p > state->handCount[currentPlayer]){
        -:  897:	    if(DEBUG) {
        -:  898:	      printf("No estate cards in your hand, invalid choice\n");
        -:  899:	      printf("Must gain an estate if there are any\n");
        -:  900:	    }
    #####:  901:	    if (supplyCount(estate, state) > 0){
    #####:  902:	      gainCard(estate, state, 0, currentPlayer);
    #####:  903:	      state->supplyCount[estate]--;//Decrement estates
    #####:  904:	      if (supplyCount(estate, state) == 0){
    #####:  905:		isGameOver(state);
        -:  906:	      }
        -:  907:	    }
    #####:  908:	    card_not_discarded = 0;//Exit the loop
        -:  909:	  }
        -:  910:			    
        -:  911:	  else{
    #####:  912:	    p++;//Next card
        -:  913:	  }
        -:  914:	}
        -:  915:      }
        -:  916:			    
        -:  917:      else{
    #####:  918:	if (supplyCount(estate, state) > 0){
    #####:  919:	  gainCard(estate, state, 0, currentPlayer);//Gain an estate
    #####:  920:	  state->supplyCount[estate]--;//Decrement Estates
    #####:  921:	  if (supplyCount(estate, state) == 0){
    #####:  922:	    isGameOver(state);
        -:  923:	  }
        -:  924:	}
        -:  925:      }
        -:  926:	    
        -:  927:      
    #####:  928:      return 0;
        -:  929:		
        -:  930:    case great_hall:
        -:  931:      //+1 Card
    #####:  932:      drawCard(currentPlayer, state);
        -:  933:			
        -:  934:      //+1 Actions
    #####:  935:      state->numActions++;
        -:  936:			
        -:  937:      //discard card from hand
    #####:  938:      discardCard(handPos, currentPlayer, state, 0);
    #####:  939:      return 0;
        -:  940:		
        -:  941:    case minion:
        -:  942:      //+1 action
    #####:  943:      state->numActions++;
        -:  944:			
        -:  945:      //discard card from hand
    #####:  946:      discardCard(handPos, currentPlayer, state, 0);
        -:  947:			
    #####:  948:      if (choice1)		//+2 coins
        -:  949:	{
    #####:  950:	  state->coins = state->coins + 2;
        -:  951:	}
        -:  952:			
    #####:  953:      else if (choice2)		//discard hand, redraw 4, other players with 5+ cards discard hand and draw 4
        -:  954:	{
        -:  955:	  //discard hand
    #####:  956:	  while(numHandCards(state) > 0)
        -:  957:	    {
    #####:  958:	      discardCard(handPos, currentPlayer, state, 0);
        -:  959:	    }
        -:  960:				
        -:  961:	  //draw 4
    #####:  962:	  for (i = 0; i < 4; i++)
        -:  963:	    {
    #####:  964:	      drawCard(currentPlayer, state);
        -:  965:	    }
        -:  966:				
        -:  967:	  //other players discard hand and redraw if hand size > 4
    #####:  968:	  for (i = 0; i < state->numPlayers; i++)
        -:  969:	    {
    #####:  970:	      if (i != currentPlayer)
        -:  971:		{
    #####:  972:		  if ( state->handCount[i] > 4 )
        -:  973:		    {
        -:  974:		      //discard hand
    #####:  975:		      while( state->handCount[i] > 0 )
        -:  976:			{
    #####:  977:			  discardCard(handPos, i, state, 0);
        -:  978:			}
        -:  979:							
        -:  980:		      //draw 4
    #####:  981:		      for (j = 0; j < 4; j++)
        -:  982:			{
    #####:  983:			  drawCard(i, state);
        -:  984:			}
        -:  985:		    }
        -:  986:		}
        -:  987:	    }
        -:  988:				
        -:  989:	}
    #####:  990:      return 0;
        -:  991:		
        -:  992:    case steward:
    #####:  993:      if (choice1 == 1)
        -:  994:	{
        -:  995:	  //+2 cards
    #####:  996:	  drawCard(currentPlayer, state);
    #####:  997:	  drawCard(currentPlayer, state);
        -:  998:	}
    #####:  999:      else if (choice1 == 2)
        -: 1000:	{
        -: 1001:	  //+2 coins
    #####: 1002:	  state->coins = state->coins + 2;
        -: 1003:	}
        -: 1004:      else
        -: 1005:	{
        -: 1006:	  //trash 2 cards in hand
    #####: 1007:	  discardCard(choice2, currentPlayer, state, 1);
    #####: 1008:	  discardCard(choice3, currentPlayer, state, 1);
        -: 1009:	}
        -: 1010:			
        -: 1011:      //discard card from hand
    #####: 1012:      discardCard(handPos, currentPlayer, state, 0);
    #####: 1013:      return 0;
        -: 1014:		
        -: 1015:    case tribute:
    #####: 1016:      if ((state->discardCount[nextPlayer] + state->deckCount[nextPlayer]) <= 1){
    #####: 1017:	if (state->deckCount[nextPlayer] > 0){
    #####: 1018:	  tributeRevealedCards[0] = state->deck[nextPlayer][state->deckCount[nextPlayer]-1];
    #####: 1019:	  state->deckCount[nextPlayer]--;
        -: 1020:	}
    #####: 1021:	else if (state->discardCount[nextPlayer] > 0){
    #####: 1022:	  tributeRevealedCards[0] = state->discard[nextPlayer][state->discardCount[nextPlayer]-1];
    #####: 1023:	  state->discardCount[nextPlayer]--;
        -: 1024:	}
        -: 1025:	else{
        -: 1026:	  //No Card to Reveal
        -: 1027:	  if (DEBUG){
        -: 1028:	    printf("No cards to reveal\n");
        -: 1029:	  }
        -: 1030:	}
        -: 1031:      }
        -: 1032:	    
        -: 1033:      else{
    #####: 1034:	if (state->deckCount[nextPlayer] == 0){
    #####: 1035:	  for (i = 0; i < state->discardCount[nextPlayer]; i++){
    #####: 1036:	    state->deck[nextPlayer][i] = state->discard[nextPlayer][i];//Move to deck
    #####: 1037:	    state->deckCount[nextPlayer]++;
    #####: 1038:	    state->discard[nextPlayer][i] = -1;
    #####: 1039:	    state->discardCount[nextPlayer]--;
        -: 1040:	  }
        -: 1041:			    
    #####: 1042:	  shuffle(nextPlayer,state);//Shuffle the deck
        -: 1043:	} 
    #####: 1044:	tributeRevealedCards[0] = state->deck[nextPlayer][state->deckCount[nextPlayer]-1];
    #####: 1045:	state->deck[nextPlayer][state->deckCount[nextPlayer]--] = -1;
    #####: 1046:	state->deckCount[nextPlayer]--;
    #####: 1047:	tributeRevealedCards[1] = state->deck[nextPlayer][state->deckCount[nextPlayer]-1];
    #####: 1048:	state->deck[nextPlayer][state->deckCount[nextPlayer]--] = -1;
    #####: 1049:	state->deckCount[nextPlayer]--;
        -: 1050:      }    
        -: 1051:		       
    #####: 1052:      if (tributeRevealedCards[0] == tributeRevealedCards[1]){//If we have a duplicate card, just drop one 
    #####: 1053:	state->playedCards[state->playedCardCount] = tributeRevealedCards[1];
    #####: 1054:	state->playedCardCount++;
    #####: 1055:	tributeRevealedCards[1] = -1;
        -: 1056:      }
        -: 1057:
    #####: 1058:      for (i = 0; i <= 2; i ++){
    #####: 1059:	if (tributeRevealedCards[i] == copper || tributeRevealedCards[i] == silver || tributeRevealedCards[i] == gold){//Treasure cards
    #####: 1060:	  state->coins += 2;
        -: 1061:	}
        -: 1062:		    
    #####: 1063:	else if (tributeRevealedCards[i] == estate || tributeRevealedCards[i] == duchy || tributeRevealedCards[i] == province || tributeRevealedCards[i] == gardens || tributeRevealedCards[i] == great_hall){//Victory Card Found
    #####: 1064:	  drawCard(currentPlayer, state);
    #####: 1065:	  drawCard(currentPlayer, state);
        -: 1066:	}
        -: 1067:	else{//Action Card
    #####: 1068:	  state->numActions = state->numActions + 2;
        -: 1069:	}
        -: 1070:      }
        -: 1071:	    
    #####: 1072:      return 0;
        -: 1073:		
        -: 1074:    case ambassador:
    #####: 1075:      j = 0;		//used to check if player has enough cards to discard
        -: 1076:
    #####: 1077:      if (choice2 > 2 || choice2 < 0)
        -: 1078:	{
    #####: 1079:	  return -1;				
        -: 1080:	}
        -: 1081:
    #####: 1082:      if (choice1 == handPos)
        -: 1083:	{
    #####: 1084:	  return -1;
        -: 1085:	}
        -: 1086:
    #####: 1087:      for (i = 0; i < state->handCount[currentPlayer]; i++)
        -: 1088:	{
    #####: 1089:	  if (i != handPos && i == state->hand[currentPlayer][choice1] && i != choice1)
        -: 1090:	    {
    #####: 1091:	      j++;
        -: 1092:	    }
        -: 1093:	}
    #####: 1094:      if (j < choice2)
        -: 1095:	{
    #####: 1096:	  return -1;				
        -: 1097:	}
        -: 1098:
        -: 1099:      if (DEBUG) 
        -: 1100:	printf("Player %d reveals card number: %d\n", currentPlayer, state->hand[currentPlayer][choice1]);
        -: 1101:
        -: 1102:      //increase supply count for choosen card by amount being discarded
    #####: 1103:      state->supplyCount[state->hand[currentPlayer][choice1]] += choice2;
        -: 1104:			
        -: 1105:      //each other player gains a copy of revealed card
    #####: 1106:      for (i = 0; i < state->numPlayers; i++)
        -: 1107:	{
    #####: 1108:	  if (i != currentPlayer)
        -: 1109:	    {
    #####: 1110:	      gainCard(state->hand[currentPlayer][choice1], state, 0, i);
        -: 1111:	    }
        -: 1112:	}
        -: 1113:
        -: 1114:      //discard played card from hand
    #####: 1115:      discardCard(handPos, currentPlayer, state, 0);			
        -: 1116:
        -: 1117:      //trash copies of cards returned to supply
    #####: 1118:      for (j = 0; j < choice2; j++)
        -: 1119:	{
    #####: 1120:	  for (i = 0; i < state->handCount[currentPlayer]; i++)
        -: 1121:	    {
    #####: 1122:	      if (state->hand[currentPlayer][i] == state->hand[currentPlayer][choice1])
        -: 1123:		{
    #####: 1124:		  discardCard(i, currentPlayer, state, 1);
    #####: 1125:		  break;
        -: 1126:		}
        -: 1127:	    }
        -: 1128:	}			
        -: 1129:
    #####: 1130:      return 0;
        -: 1131:		
        -: 1132:    case cutpurse:
        -: 1133:
    #####: 1134:      updateCoins(currentPlayer, state, 2);
    #####: 1135:      for (i = 0; i < state->numPlayers; i++)
        -: 1136:	{
    #####: 1137:	  if (i != currentPlayer)
        -: 1138:	    {
    #####: 1139:	      for (j = 0; j < state->handCount[i]; j++)
        -: 1140:		{
    #####: 1141:		  if (state->hand[i][j] == copper)
        -: 1142:		    {
    #####: 1143:		      discardCard(j, i, state, 0);
    #####: 1144:		      break;
        -: 1145:		    }
    #####: 1146:		  if (j == state->handCount[i])
        -: 1147:		    {
    #####: 1148:		      for (k = 0; k < state->handCount[i]; k++)
        -: 1149:			{
        -: 1150:			  if (DEBUG)
        -: 1151:			    printf("Player %d reveals card number %d\n", i, state->hand[i][k]);
        -: 1152:			}	
    #####: 1153:		      break;
        -: 1154:		    }		
        -: 1155:		}
        -: 1156:					
        -: 1157:	    }
        -: 1158:				
        -: 1159:	}				
        -: 1160:
        -: 1161:      //discard played card from hand
    #####: 1162:      discardCard(handPos, currentPlayer, state, 0);			
        -: 1163:
    #####: 1164:      return 0;
        -: 1165:
        -: 1166:		
        -: 1167:    case embargo: 
        -: 1168:      //+2 Coins
    #####: 1169:      state->coins = state->coins + 2;
        -: 1170:			
        -: 1171:      //see if selected pile is in play
    #####: 1172:      if ( state->supplyCount[choice1] == -1 )
        -: 1173:	{
    #####: 1174:	  return -1;
        -: 1175:	}
        -: 1176:			
        -: 1177:      //add embargo token to selected supply pile
    #####: 1178:      state->embargoTokens[choice1]++;
        -: 1179:			
        -: 1180:      //trash card
    #####: 1181:      discardCard(handPos, currentPlayer, state, 1);		
    #####: 1182:      return 0;
        -: 1183:		
        -: 1184:    case outpost:
        -: 1185:      //set outpost flag
    #####: 1186:      state->outpostPlayed++;
        -: 1187:			
        -: 1188:      //discard card
    #####: 1189:      discardCard(handPos, currentPlayer, state, 0);
    #####: 1190:      return 0;
        -: 1191:		
        -: 1192:    case salvager:
        -: 1193:      //+1 buy
    #####: 1194:      state->numBuys++;
        -: 1195:			
    #####: 1196:      if (choice1)
        -: 1197:	{
        -: 1198:	  //gain coins equal to trashed card
    #####: 1199:	  state->coins = state->coins + getCost( handCard(choice1, state) );
        -: 1200:	  //trash card
    #####: 1201:	  discardCard(choice1, currentPlayer, state, 1);	
        -: 1202:	}
        -: 1203:			
        -: 1204:      //discard card
    #####: 1205:      discardCard(handPos, currentPlayer, state, 0);
    #####: 1206:      return 0;
        -: 1207:		
        -: 1208:    case sea_hag:
    #####: 1209:      for (i = 0; i < state->numPlayers; i++){
    #####: 1210:	if (i != currentPlayer){
    #####: 1211:	  state->discard[i][state->discardCount[i]] = state->deck[i][state->deckCount[i]--];			    state->deckCount[i]--;
    #####: 1212:	  state->discardCount[i]++;
    #####: 1213:	  state->deck[i][state->deckCount[i]--] = curse;//Top card now a curse
        -: 1214:	}
        -: 1215:      }
    #####: 1216:      return 0;
        -: 1217:		
        -: 1218:    case treasure_map:
        -: 1219:      //search hand for another treasure_map
    #####: 1220:      index = -1;
    #####: 1221:      for (i = 0; i < state->handCount[currentPlayer]; i++)
        -: 1222:	{
    #####: 1223:	  if (state->hand[currentPlayer][i] == treasure_map && i != handPos)
        -: 1224:	    {
    #####: 1225:	      index = i;
    #####: 1226:	      break;
        -: 1227:	    }
        -: 1228:	}
    #####: 1229:      if (index > -1)
        -: 1230:	{
        -: 1231:	  //trash both treasure cards
    #####: 1232:	  discardCard(handPos, currentPlayer, state, 1);
    #####: 1233:	  discardCard(index, currentPlayer, state, 1);
        -: 1234:
        -: 1235:	  //gain 4 Gold cards
    #####: 1236:	  for (i = 0; i < 4; i++)
        -: 1237:	    {
    #####: 1238:	      gainCard(gold, state, 1, currentPlayer);
        -: 1239:	    }
        -: 1240:				
        -: 1241:	  //return success
    #####: 1242:	  return 1;
        -: 1243:	}
        -: 1244:			
        -: 1245:      //no second treasure_map found in hand
    #####: 1246:      return -1;
        -: 1247:    }
        -: 1248:	
      408: 1249:  return -1;
        -: 1250:}
        -: 1251:
      816: 1252:int discardCard(int handPos, int currentPlayer, struct gameState *state, int trashFlag)
        -: 1253:{
        -: 1254:	
        -: 1255:  //if card is not trashed, added to Played pile 
      816: 1256:  if (trashFlag < 1)
        -: 1257:    {
        -: 1258:      //add card to played pile
      816: 1259:      state->playedCards[state->playedCardCount] = state->hand[currentPlayer][handPos]; 
      816: 1260:      state->playedCardCount++;
        -: 1261:    }
        -: 1262:	
        -: 1263:  //set played card to -1
      816: 1264:  state->hand[currentPlayer][handPos] = -1;
        -: 1265:	
        -: 1266:  //remove card from player's hand
      816: 1267:  if ( handPos == (state->handCount[currentPlayer] - 1) ) 	//last card in hand array is played
        -: 1268:    {
        -: 1269:      //reduce number of cards in hand
    #####: 1270:      state->handCount[currentPlayer]--;
        -: 1271:    }
      816: 1272:  else if ( state->handCount[currentPlayer] == 1 ) //only one card in hand
        -: 1273:    {
        -: 1274:      //reduce number of cards in hand
    #####: 1275:      state->handCount[currentPlayer]--;
        -: 1276:    }
        -: 1277:  else 	
        -: 1278:    {
        -: 1279:      //replace discarded card with last card in hand
      816: 1280:      state->hand[currentPlayer][handPos] = state->hand[currentPlayer][ (state->handCount[currentPlayer] - 1)];
        -: 1281:      //set last card to -1
      816: 1282:      state->hand[currentPlayer][state->handCount[currentPlayer] - 1] = -1;
        -: 1283:      //reduce number of cards in hand
      816: 1284:      state->handCount[currentPlayer]--;
        -: 1285:    }
        -: 1286:	
      816: 1287:  return 0;
        -: 1288:}
        -: 1289:
    31787: 1290:int gainCard(int supplyPos, struct gameState *state, int toFlag, int player)
        -: 1291:{
        -: 1292:  //Note: supplyPos is enum of choosen card
        -: 1293:	
        -: 1294:  //check if supply pile is empty (0) or card is not used in game (-1)
    31787: 1295:  if ( supplyCount(supplyPos, state) < 1 )
        -: 1296:    {
    #####: 1297:      return -1;
        -: 1298:    }
        -: 1299:	
        -: 1300:  //added card for [whoseTurn] current player:
        -: 1301:  // toFlag = 0 : add to discard
        -: 1302:  // toFlag = 1 : add to deck
        -: 1303:  // toFlag = 2 : add to hand
        -: 1304:
    31787: 1305:  if (toFlag == 1)
        -: 1306:    {
    31787: 1307:      state->deck[ player ][ state->deckCount[player] ] = supplyPos;
    31787: 1308:      state->deckCount[player]++;
        -: 1309:    }
    #####: 1310:  else if (toFlag == 2)
        -: 1311:    {
    #####: 1312:      state->hand[ player ][ state->handCount[player] ] = supplyPos;
    #####: 1313:      state->handCount[player]++;
        -: 1314:    }
        -: 1315:  else
        -: 1316:    {
    #####: 1317:      state->discard[player][ state->discardCount[player] ] = supplyPos;
    #####: 1318:      state->discardCount[player]++;
        -: 1319:    }
        -: 1320:	
        -: 1321:  //decrease number in supply pile
    31787: 1322:  state->supplyCount[supplyPos]--;
        -: 1323:	 
    31787: 1324:  return 0;
        -: 1325:}
        -: 1326:
    20453: 1327:int updateCoins(int player, struct gameState *state, int bonus)
        -: 1328:{
        -: 1329:  int i;
        -: 1330:	
        -: 1331:  //reset coin count
    20453: 1332:  state->coins = 0;
        -: 1333:
        -: 1334:  //add coins for each Treasure card in player's hand
   122718: 1335:  for (i = 0; i < state->handCount[player]; i++)
        -: 1336:    {
   102265: 1337:      if (state->hand[player][i] == copper)
        -: 1338:	{
    34410: 1339:	  state->coins += 1;
        -: 1340:	}
    67855: 1341:      else if (state->hand[player][i] == silver)
        -: 1342:	{
    #####: 1343:	  state->coins += 2;
        -: 1344:	}
    67855: 1345:      else if (state->hand[player][i] == gold)
        -: 1346:	{
    #####: 1347:	  state->coins += 3;
        -: 1348:	}	
        -: 1349:    }	
        -: 1350:
        -: 1351:  //add bonus
    20453: 1352:  state->coins += bonus;
        -: 1353:
    20453: 1354:  return 0;
        -: 1355:}
        -: 1356:
        -: 1357:
        -: 1358://end of dominion.c
        -: 1359:
