        -:    0:Source:cardtest4.c
        -:    0:Graph:cardtest4.gcno
        -:    0:Data:cardtest4.gcda
        -:    0:Runs:1
        -:    0:Programs:1
        -:    1://cardtest4.c -- refactored for bodalJ
        -:    2:#include "dominion.h"
        -:    3:#include "dominion_helpers.h"
        -:    4:#include <string.h>
        -:    5:#include <stdio.h>
        -:    6:#include <assert.h>
        -:    7:#include "rngs.h"
        -:    8:#include <stdlib.h>
        -:    9:
        -:   10:#define TESTCARD "great_hall"
        -:   11:
        1:   12:int main() {
        1:   13:  	int seed = 1000;
        1:   14:    	int numPlayers = 2;
        1:   15:    	int thisPlayer = 0;
        -:   16:   	int currDeckCount, currHandCount, currDiscardCount, currActions;
        -:   17:   	//int bonus = 0;
        1:   18:    	int handPos = 0;
        -:   19:    	//int choice1 = 0;
        -:   20:	//int choice2 = 0;
        -:   21:	//int choice3 = 0;
        -:   22:	struct gameState G, testG;
        -:   23:	
        1:   24:	int k[10] = {adventurer, great_hall, village, minion, mine, cutpurse,
        -:   25:			sea_hag, tribute, smithy, council_room};
        -:   26:
        -:   27:	// initialize a game state and player cards
        1:   28:	initializeGame(numPlayers, k, seed, &G);
        -:   29:
        1:   30:	printf("\n\n\n\n----------------- Testing Card: %s ----------------\n", TESTCARD);
        -:   31:	// copy the game state to a test case
        1:   32:	memcpy(&testG, &G, sizeof(struct gameState));
        1:   33:	printf("---------------TEST 1: CHECKING DRAW CARD FUNCTION\n-----------");
        -:   34:	
        -:   35:	//get starting game state
        1:   36:	memcpy(&G, &testG, sizeof(struct gameState));
        1:   37:	currDeckCount = testG.deckCount[thisPlayer];
        1:   38:	currHandCount = testG.handCount[thisPlayer];
        1:   39:	currDiscardCount = testG.discardCount[thisPlayer];
        -:   40:	
        -:   41:	//currCard = testG.deck[player][currDeckCount - 1];
        1:   42:	printf("Deck Count Before: %d\n", testG.deckCount[thisPlayer]);
        1:   43:	printf("Current Hand Before: %d\n", testG.handCount[thisPlayer]);
        1:   44:	printf("Discard Count Before: %d\n", testG.discardCount[thisPlayer]);
        -:   45:	//run card function
        1:   46:	playGreatHall(thisPlayer, handPos, &testG);
        -:   47:	//check deck count
        1:   48:	printf("Deck Count After: %d\n", testG.deckCount[thisPlayer]);
        1:   49:	if ((currDeckCount - 1) == testG.deckCount[thisPlayer]){
        1:   50:		printf("DECK COUNT DECREASED BY 1: SUCCESS\n");
        -:   51:	}
    #####:   52:	else if (currDeckCount == testG.deckCount[thisPlayer])
        -:   53:	{
    #####:   54:		printf("DECK COUNT STAYED THE SAME: FAILURE\n");
        -:   55:	}
        -:   56:	else
    #####:   57:		printf("DECK COUNT CHANGED INCORRECTLY: FAILURE\n");
        -:   58:
        -:   59:	//check hand count
        1:   60:	printf("Current Hand After: %d\n", testG.handCount[thisPlayer]);
        1:   61:	if ((currHandCount + 1) == testG.handCount[thisPlayer]){
    #####:   62:		printf("HAND COUNT INCREASED BY 1: SUCCESS\n");
        -:   63:	}
        1:   64:	else if (currHandCount == testG.handCount[thisPlayer])
        -:   65:	{
        1:   66:		printf("HAND COUNT DIDN'T CHANGE: FAILURE\n");
        -:   67:	}
        -:   68:	else
    #####:   69:		printf("HAND COUNT CHANGE INCORRECT: FAILURE\n");
        -:   70:	
        -:   71:	//check discard count
        1:   72:	printf("Discard Count After: %d\n", testG.discardCount[thisPlayer]);
        1:   73:	if ((currDiscardCount + 1) == testG.discardCount[thisPlayer]){
    #####:   74:		printf("DISCARD COUNT INCREASED BY 1: SUCCESS\n");	
        -:   75:	}
        -:   76:	else
        1:   77:		printf("DISCARD COUNT INCORRECT: FAILURE\n");
        -:   78:	
        -:   79:	//check action totals
        1:   80:	printf("---------------TEST 2: CHECKING ACTIONS TOTAL\n-----------");
        -:   81:	//get starting game state
        1:   82:	memcpy(&G, &testG, sizeof(struct gameState));
        -:   83:	//store actions
        1:   84:	currActions = testG.numActions;
        1:   85:	printf("Current Actions Before: %d\n", testG.numActions);
        -:   86:	//run function
        -:   87:	//greatHallCard(handPos, thisPlayer, &testG);
        1:   88:	playGreatHall(thisPlayer, handPos, &testG);
        -:   89:	//check effects
        1:   90:	printf("Current Actions After: %d\n", testG.numActions);
        1:   91:	if ((currActions + 1) == testG.numActions){
        1:   92:		printf("ACTION COUNT INCREASED BY 1: SUCCESS\n");
        -:   93:	}
    #####:   94:	else if (currActions == testG.numActions)
        -:   95:	{
    #####:   96:		printf("ACTION COUNT STAYED THE SAME: FAILURE\n");
        -:   97:	}
        -:   98:	else
    #####:   99:		printf("ACTION COUNT CHANGED INCORRECTLY: FAILURE\n");
        1:  100:	printf("\n >>>>> SUCCESS: Testing complete %s <<<<<\n\n\n\n", TESTCARD);
        1:  101:return 0;
        -:  102:}
